L 04/15/2021 - 04:06:06: SourceMod error session started
L 04/15/2021 - 04:06:06: Info (map "c2m1_highway") (file "d:\steam\steamapps\common\left 4 dead 2\left4dead2\addons\sourcemod\logs\errors_20210415.log")
L 04/15/2021 - 04:06:06: [SM] Exception reported: Failed to create native "L4D2_GetFurthestSurvivorFlow", name is probably already in use
L 04/15/2021 - 04:06:06: [SM] Blaming: [TR]l4d2library.smx
L 04/15/2021 - 04:06:06: [SM] Call stack trace:
L 04/15/2021 - 04:06:06: [SM]   [0] CreateNative
L 04/15/2021 - 04:06:06: [SM]   [1] Line 512, [TR]l4d2library.sp::AskPluginLoad2
L 04/15/2021 - 04:06:06: [SM] Failed to load plugin "[TR]l4d2library.smx": unexpected error 23 in AskPluginLoad callback.
L 04/15/2021 - 04:06:08: [SM] Unable to load plugin "[TR]builtinvotes_native.smx": Could not find required plugin "l4d2library"
L 04/15/2021 - 04:06:08: [SM] Unable to load plugin "[TR]EQF.smx": Could not find required plugin "l4d2library"
L 04/15/2021 - 04:06:08: [SM] Unable to load plugin "[TR]l4d2_skill_detect.smx": Could not find required plugin "l4d2library"
L 04/15/2021 - 04:06:08: [SM] Unable to load plugin "[TR]l4d2_tank_support.smx": Could not find required plugin "l4d2library"
L 04/15/2021 - 04:06:08: [SM] Unable to load plugin "[TR]readyup.smx": Could not find required plugin "builtinvotes_native"
L 04/15/2021 - 04:06:08: [SM] Unable to load plugin "[TR]server_function.smx": Could not find required plugin "builtinvotes_native"
L 04/15/2021 - 04:06:16: [[TR]lgofnoc.smx] [Lgofnoc] CvarSettings: Could not find CVar specified (ss_time_min)
L 04/15/2021 - 04:06:16: [[TR]lgofnoc.smx] [Lgofnoc] CvarSettings: Could not find CVar specified (ss_time_max)
L 04/15/2021 - 04:06:16: [[TR]lgofnoc.smx] [Lgofnoc] CvarSettings: Could not find CVar specified (l4d2_pills_limit)
L 04/15/2021 - 04:06:16: [[TR]lgofnoc.smx] [Lgofnoc] CvarSettings: Could not find CVar specified (l4d2_allow_tank_spawn)
L 04/15/2021 - 04:06:23: Error log file session closed.
L 04/15/2021 - 04:08:35: SourceMod error session started
L 04/15/2021 - 04:08:35: Info (map "c2m1_highway") (file "d:\steam\steamapps\common\left 4 dead 2\left4dead2\addons\sourcemod\logs\errors_20210415.log")
L 04/15/2021 - 04:08:35: [SM] Exception reported: Failed to create native "L4D2_GetFurthestSurvivorFlow", name is probably already in use
L 04/15/2021 - 04:08:35: [SM] Blaming: [TR]l4d2library.smx
L 04/15/2021 - 04:08:35: [SM] Call stack trace:
L 04/15/2021 - 04:08:35: [SM]   [0] CreateNative
L 04/15/2021 - 04:08:35: [SM]   [1] Line 512, [TR]l4d2library.sp::AskPluginLoad2
L 04/15/2021 - 04:08:35: [SM] Failed to load plugin "[TR]l4d2library.smx": unexpected error 23 in AskPluginLoad callback.
L 04/15/2021 - 04:08:36: [SM] Unable to load plugin "[TR]builtinvotes_native.smx": Could not find required plugin "l4d2library"
L 04/15/2021 - 04:08:36: [SM] Unable to load plugin "[TR]EQF.smx": Could not find required plugin "l4d2library"
L 04/15/2021 - 04:08:36: [SM] Unable to load plugin "[TR]l4d2_skill_detect.smx": Could not find required plugin "l4d2library"
L 04/15/2021 - 04:08:36: [SM] Unable to load plugin "[TR]l4d2_tank_support.smx": Could not find required plugin "l4d2library"
L 04/15/2021 - 04:08:36: [SM] Unable to load plugin "[TR]readyup.smx": Could not find required plugin "builtinvotes_native"
L 04/15/2021 - 04:08:36: [SM] Unable to load plugin "[TR]server_function.smx": Could not find required plugin "builtinvotes_native"
L 04/15/2021 - 04:08:44: [[TR]lgofnoc.smx] [Lgofnoc] CvarSettings: Could not find CVar specified (ss_time_min)
L 04/15/2021 - 04:08:44: [[TR]lgofnoc.smx] [Lgofnoc] CvarSettings: Could not find CVar specified (ss_time_max)
L 04/15/2021 - 04:08:44: [[TR]lgofnoc.smx] [Lgofnoc] CvarSettings: Could not find CVar specified (l4d2_pills_limit)
L 04/15/2021 - 04:08:44: [[TR]lgofnoc.smx] [Lgofnoc] CvarSettings: Could not find CVar specified (l4d2_allow_tank_spawn)
L 04/15/2021 - 04:08:50: Error log file session closed.
L 04/15/2021 - 04:10:20: SourceMod error session started
L 04/15/2021 - 04:10:20: Info (map "c2m1_highway") (file "d:\steam\steamapps\common\left 4 dead 2\left4dead2\addons\sourcemod\logs\errors_20210415.log")
L 04/15/2021 - 04:10:20: [SM] Unable to load plugin "[TR]builtinvotes_native.smx": Native "L4D2_IsClientAdmin" was not found
L 04/15/2021 - 04:10:20: [SM] Unable to load plugin "[TR]EQF.smx": Native "L4D2_IsInfected" was not found
L 04/15/2021 - 04:10:22: [SM] Unable to load plugin "[TR]l4d2_skill_detect.smx": Native "L4D2_IsValidClient" was not found
L 04/15/2021 - 04:10:22: [SM] Unable to load plugin "[TR]l4d2_tank_support.smx": Native "L4D2_SetEntGlow" was not found
L 04/15/2021 - 04:10:22: [SM] Unable to load plugin "[TR]readyup.smx": Could not find required plugin "builtinvotes_native"
L 04/15/2021 - 04:10:22: [SM] Unable to load plugin "[TR]server_function.smx": Could not find required plugin "builtinvotes_native"
L 04/15/2021 - 04:10:30: [[TR]lgofnoc.smx] [Lgofnoc] CvarSettings: Could not find CVar specified (ss_time_min)
L 04/15/2021 - 04:10:30: [[TR]lgofnoc.smx] [Lgofnoc] CvarSettings: Could not find CVar specified (ss_time_max)
L 04/15/2021 - 04:10:30: [[TR]lgofnoc.smx] [Lgofnoc] CvarSettings: Could not find CVar specified (l4d2_allow_tank_spawn)
L 04/15/2021 - 04:10:37: Error log file session closed.
L 04/15/2021 - 04:12:13: SourceMod error session started
L 04/15/2021 - 04:12:13: Info (map "c2m1_highway") (file "d:\steam\steamapps\common\left 4 dead 2\left4dead2\addons\sourcemod\logs\errors_20210415.log")
L 04/15/2021 - 04:12:13: [SM] Unable to load plugin "[TR]builtinvotes_native.smx": Native "L4D2_IsClientAdmin" was not found
L 04/15/2021 - 04:12:13: [SM] Unable to load plugin "[TR]EQF.smx": Native "L4D2_IsInfected" was not found
L 04/15/2021 - 04:12:14: [SM] Unable to load plugin "[TR]l4d2_skill_detect.smx": Native "L4D2_IsValidClient" was not found
L 04/15/2021 - 04:12:14: [SM] Unable to load plugin "[TR]l4d2_tank_support.smx": Native "L4D2_SetEntGlow" was not found
L 04/15/2021 - 04:12:14: [SM] Unable to load plugin "[TR]readyup.smx": Could not find required plugin "builtinvotes_native"
L 04/15/2021 - 04:12:14: [SM] Unable to load plugin "[TR]server_function.smx": Could not find required plugin "builtinvotes_native"
L 04/15/2021 - 04:12:23: [[TR]lgofnoc.smx] [Lgofnoc] CvarSettings: Could not find CVar specified (ss_time_min)
L 04/15/2021 - 04:12:23: [[TR]lgofnoc.smx] [Lgofnoc] CvarSettings: Could not find CVar specified (ss_time_max)
L 04/15/2021 - 04:12:23: [[TR]lgofnoc.smx] [Lgofnoc] CvarSettings: Could not find CVar specified (l4d2_allow_tank_spawn)
L 04/15/2021 - 04:12:29: Error log file session closed.
L 04/15/2021 - 04:13:28: SourceMod error session started
L 04/15/2021 - 04:13:28: Info (map "c2m1_highway") (file "d:\steam\steamapps\common\left 4 dead 2\left4dead2\addons\sourcemod\logs\errors_20210415.log")
L 04/15/2021 - 04:13:28: [SM] Unable to load plugin "[TR]EQF.smx": Native "L4D2_IsInfected" was not found
L 04/15/2021 - 04:13:29: [SM] Unable to load plugin "[TR]l4d2_skill_detect.smx": Native "L4D2_IsValidClient" was not found
L 04/15/2021 - 04:13:29: [SM] Unable to load plugin "[TR]l4d2_tank_support.smx": Native "L4D2_SetEntGlow" was not found
L 04/15/2021 - 04:13:29: [SM] Unable to load plugin "[TR]server_function.smx": Native "L4D2_IsValidClient" was not found
L 04/15/2021 - 04:13:39: [[TR]lgofnoc.smx] [Lgofnoc] CvarSettings: Could not find CVar specified (ss_time_min)
L 04/15/2021 - 04:13:39: [[TR]lgofnoc.smx] [Lgofnoc] CvarSettings: Could not find CVar specified (ss_time_max)
L 04/15/2021 - 04:13:46: Error log file session closed.
L 04/15/2021 - 04:15:57: SourceMod error session started
L 04/15/2021 - 04:15:57: Info (map "c2m1_highway") (file "d:\steam\steamapps\common\left 4 dead 2\left4dead2\addons\sourcemod\logs\errors_20210415.log")
L 04/15/2021 - 04:15:57: [SM] Unable to load plugin "[TR]EQF.smx": Native "L4D2_IsInfected" was not found
L 04/15/2021 - 04:15:58: [SM] Unable to load plugin "[TR]l4d2_skill_detect.smx": Native "L4D2_IsValidClient" was not found
L 04/15/2021 - 04:15:58: [SM] Unable to load plugin "[TR]l4d2_tank_support.smx": Native "L4D2_SetEntGlow" was not found
L 04/15/2021 - 04:15:58: [SM] Unable to load plugin "[TR]server_function.smx": Native "L4D2_IsValidClient" was not found
L 04/15/2021 - 04:16:07: [[TR]lgofnoc.smx] [Lgofnoc] CvarSettings: Could not find CVar specified (ss_time_min)
L 04/15/2021 - 04:16:07: [[TR]lgofnoc.smx] [Lgofnoc] CvarSettings: Could not find CVar specified (ss_time_max)
L 04/15/2021 - 04:16:14: Error log file session closed.
L 04/15/2021 - 04:18:50: SourceMod error session started
L 04/15/2021 - 04:18:50: Info (map "c2m1_highway") (file "d:\steam\steamapps\common\left 4 dead 2\left4dead2\addons\sourcemod\logs\errors_20210415.log")
L 04/15/2021 - 04:18:50: [SM] Unable to load plugin "[TR]EQF.smx": Native "L4D2_IsInfected" was not found
L 04/15/2021 - 04:19:46: SourceMod error session started
L 04/15/2021 - 04:19:46: Info (map "c2m1_highway") (file "d:\steam\steamapps\common\left 4 dead 2\left4dead2\addons\sourcemod\logs\errors_20210415.log")
L 04/15/2021 - 04:19:46: [SM] Unable to load plugin "[TR]EQF.smx": Native "L4D2_IsInfected" was not found
L 04/15/2021 - 04:19:47: [SM] Unable to load plugin "[TR]l4d2_skill_detect.smx": Native "L4D2_IsValidClient" was not found
L 04/15/2021 - 04:19:47: [SM] Unable to load plugin "[TR]l4d2_tank_support.smx": Native "L4D2_SetEntGlow" was not found
L 04/15/2021 - 04:19:47: [SM] Unable to load plugin "[TR]server_function.smx": Native "L4D2_IsValidClient" was not found
L 04/15/2021 - 04:19:57: [[TR]lgofnoc.smx] [Lgofnoc] CvarSettings: Could not find CVar specified (ss_time_min)
L 04/15/2021 - 04:19:57: [[TR]lgofnoc.smx] [Lgofnoc] CvarSettings: Could not find CVar specified (ss_time_max)
L 04/15/2021 - 04:20:04: Error log file session closed.
L 04/15/2021 - 04:22:17: SourceMod error session started
L 04/15/2021 - 04:22:17: Info (map "c2m1_highway") (file "d:\steam\steamapps\common\left 4 dead 2\left4dead2\addons\sourcemod\logs\errors_20210415.log")
L 04/15/2021 - 04:22:17: [SM] Unable to load plugin "[TR]EQF.smx": Native "L4D2_IsInfected" was not found
L 04/15/2021 - 04:22:18: [SM] Unable to load plugin "[TR]l4d2_skill_detect.smx": Native "L4D2_IsValidClient" was not found
L 04/15/2021 - 04:22:18: [SM] Unable to load plugin "[TR]l4d2_tank_support.smx": Native "L4D2_SetEntGlow" was not found
L 04/15/2021 - 04:22:18: [SM] Unable to load plugin "[TR]server_function.smx": Native "L4D2_IsValidClient" was not found
L 04/15/2021 - 04:22:27: [[TR]lgofnoc.smx] [Lgofnoc] CvarSettings: Could not find CVar specified (ss_time_min)
L 04/15/2021 - 04:22:27: [[TR]lgofnoc.smx] [Lgofnoc] CvarSettings: Could not find CVar specified (ss_time_max)
L 04/15/2021 - 04:22:33: Error log file session closed.
L 04/15/2021 - 04:28:59: SourceMod error session started
L 04/15/2021 - 04:28:59: Info (map "c2m1_highway") (file "d:\steam\steamapps\common\left 4 dead 2\left4dead2\addons\sourcemod\logs\errors_20210415.log")
L 04/15/2021 - 04:28:59: [SM] Unable to load plugin "[TR]EQF.smx": Native "L4D2_IsInfected" was not found
L 04/15/2021 - 04:29:00: [SM] Unable to load plugin "[TR]l4d2_skill_detect.smx": Native "L4D2_IsValidClient" was not found
L 04/15/2021 - 04:29:00: [SM] Unable to load plugin "[TR]l4d2_tank_support.smx": Native "L4D2_SetEntGlow" was not found
L 04/15/2021 - 04:29:00: [SM] Unable to load plugin "[TR]server_function.smx": Native "L4D2_IsValidClient" was not found
L 04/15/2021 - 04:29:09: [[TR]lgofnoc.smx] [Lgofnoc] CvarSettings: Could not find CVar specified (ss_time_min)
L 04/15/2021 - 04:29:09: [[TR]lgofnoc.smx] [Lgofnoc] CvarSettings: Could not find CVar specified (ss_time_max)
L 04/15/2021 - 04:29:16: Error log file session closed.
L 04/15/2021 - 04:31:21: SourceMod error session started
L 04/15/2021 - 04:31:21: Info (map "c2m1_highway") (file "d:\steam\steamapps\common\left 4 dead 2\left4dead2\addons\sourcemod\logs\errors_20210415.log")
L 04/15/2021 - 04:31:21: [SM] Unable to load plugin "[TR]EQF.smx": Native "L4D2_IsInfected" was not found
L 04/15/2021 - 04:31:22: [SM] Unable to load plugin "[TR]l4d2_skill_detect.smx": Native "L4D2_IsValidClient" was not found
L 04/15/2021 - 04:31:22: [SM] Unable to load plugin "[TR]l4d2_tank_support.smx": Native "L4D2_SetEntGlow" was not found
L 04/15/2021 - 04:31:22: [SM] Unable to load plugin "[TR]server_function.smx": Native "L4D2_IsValidClient" was not found
L 04/15/2021 - 04:31:31: [[TR]lgofnoc.smx] [Lgofnoc] CvarSettings: Could not find CVar specified (ss_time_min)
L 04/15/2021 - 04:31:31: [[TR]lgofnoc.smx] [Lgofnoc] CvarSettings: Could not find CVar specified (ss_time_max)
L 04/15/2021 - 04:31:37: Error log file session closed.
L 04/15/2021 - 04:33:38: SourceMod error session started
L 04/15/2021 - 04:33:38: Info (map "c2m1_highway") (file "d:\steam\steamapps\common\left 4 dead 2\left4dead2\addons\sourcemod\logs\errors_20210415.log")
L 04/15/2021 - 04:33:38: [SM] Unable to load plugin "[TR]EQF.smx": Native "L4D2_IsInfected" was not found
L 04/15/2021 - 04:33:40: [SM] Unable to load plugin "[TR]l4d2_skill_detect.smx": Native "L4D2_IsValidClient" was not found
L 04/15/2021 - 04:33:40: [SM] Unable to load plugin "[TR]l4d2_tank_support.smx": Native "L4D2_SetEntGlow" was not found
L 04/15/2021 - 04:33:40: [SM] Unable to load plugin "[TR]server_function.smx": Native "L4D2_IsValidClient" was not found
L 04/15/2021 - 04:33:48: [[TR]lgofnoc.smx] [Lgofnoc] CvarSettings: Could not find CVar specified (ss_time_min)
L 04/15/2021 - 04:33:48: [[TR]lgofnoc.smx] [Lgofnoc] CvarSettings: Could not find CVar specified (ss_time_max)
L 04/15/2021 - 04:33:55: Error log file session closed.
L 04/15/2021 - 04:37:11: SourceMod error session started
L 04/15/2021 - 04:37:11: Info (map "c2m1_highway") (file "d:\steam\steamapps\common\left 4 dead 2\left4dead2\addons\sourcemod\logs\errors_20210415.log")
L 04/15/2021 - 04:37:11: [SM] Unable to load plugin "[TR]EQF.smx": Native "L4D2_IsInfected" was not found
L 04/15/2021 - 04:37:12: [SM] Unable to load plugin "[TR]l4d2_skill_detect.smx": Native "L4D2_IsValidClient" was not found
L 04/15/2021 - 04:37:12: [SM] Unable to load plugin "[TR]l4d2_tank_support.smx": Native "L4D2_SetEntGlow" was not found
L 04/15/2021 - 04:37:12: [SM] Unable to load plugin "[TR]server_function.smx": Native "L4D2_IsValidClient" was not found
L 04/15/2021 - 04:37:21: [[TR]lgofnoc.smx] [Lgofnoc] CvarSettings: Could not find CVar specified (ss_time_min)
L 04/15/2021 - 04:37:21: [[TR]lgofnoc.smx] [Lgofnoc] CvarSettings: Could not find CVar specified (ss_time_max)
L 04/15/2021 - 04:37:28: Error log file session closed.
L 04/15/2021 - 04:40:52: SourceMod error session started
L 04/15/2021 - 04:40:52: Info (map "c2m1_highway") (file "d:\steam\steamapps\common\left 4 dead 2\left4dead2\addons\sourcemod\logs\errors_20210415.log")
L 04/15/2021 - 04:40:52: [SM] Unable to load plugin "[TR]EQF.smx": Native "L4D2_IsInfected" was not found
L 04/15/2021 - 04:40:54: [SM] Unable to load plugin "[TR]l4d2_skill_detect.smx": Native "L4D2_IsValidClient" was not found
L 04/15/2021 - 04:40:54: [SM] Unable to load plugin "[TR]l4d2_tank_support.smx": Native "L4D2_SetEntGlow" was not found
L 04/15/2021 - 04:40:54: [SM] Unable to load plugin "[TR]server_function.smx": Native "L4D2_IsValidClient" was not found
L 04/15/2021 - 04:41:04: [[TR]lgofnoc.smx] [Lgofnoc] CvarSettings: Could not find CVar specified (ss_time_min)
L 04/15/2021 - 04:41:04: [[TR]lgofnoc.smx] [Lgofnoc] CvarSettings: Could not find CVar specified (ss_time_max)
L 04/15/2021 - 04:41:11: Error log file session closed.
L 04/15/2021 - 04:44:04: SourceMod error session started
L 04/15/2021 - 04:44:04: Info (map "c2m1_highway") (file "d:\steam\steamapps\common\left 4 dead 2\left4dead2\addons\sourcemod\logs\errors_20210415.log")
L 04/15/2021 - 04:44:04: [SM] Unable to load plugin "[TR]EQF.smx": Native "L4D2_IsInfected" was not found
L 04/15/2021 - 04:44:05: [SM] Unable to load plugin "[TR]l4d2_skill_detect.smx": Native "L4D2_IsValidClient" was not found
L 04/15/2021 - 04:44:05: [SM] Unable to load plugin "[TR]l4d2_tank_support.smx": Native "L4D2_SetEntGlow" was not found
L 04/15/2021 - 04:44:05: [SM] Unable to load plugin "[TR]server_function.smx": Native "L4D2_IsValidClient" was not found
L 04/15/2021 - 04:44:16: [[TR]lgofnoc.smx] [Lgofnoc] CvarSettings: Could not find CVar specified (ss_time_min)
L 04/15/2021 - 04:44:16: [[TR]lgofnoc.smx] [Lgofnoc] CvarSettings: Could not find CVar specified (ss_time_max)
L 04/15/2021 - 04:44:23: Error log file session closed.
L 04/15/2021 - 04:48:22: SourceMod error session started
L 04/15/2021 - 04:48:22: Info (map "c2m1_highway") (file "d:\steam\steamapps\common\left 4 dead 2\left4dead2\addons\sourcemod\logs\errors_20210415.log")
L 04/15/2021 - 04:48:22: [SM] Unable to load plugin "[TR]EQF.smx": Native "L4D2_IsInfected" was not found
L 04/15/2021 - 04:48:24: [SM] Unable to load plugin "[TR]l4d2_skill_detect.smx": Native "L4D2_IsValidClient" was not found
L 04/15/2021 - 04:48:24: [SM] Unable to load plugin "[TR]l4d2_tank_support.smx": Native "L4D2_SetEntGlow" was not found
L 04/15/2021 - 04:48:24: [SM] Unable to load plugin "[TR]server_function.smx": Native "L4D2_IsValidClient" was not found
L 04/15/2021 - 04:48:37: [[TR]lgofnoc.smx] [Lgofnoc] CvarSettings: Could not find CVar specified (ss_time_min)
L 04/15/2021 - 04:48:37: [[TR]lgofnoc.smx] [Lgofnoc] CvarSettings: Could not find CVar specified (ss_time_max)
L 04/15/2021 - 04:48:45: Error log file session closed.
L 04/15/2021 - 04:51:24: SourceMod error session started
L 04/15/2021 - 04:51:24: Info (map "c2m1_highway") (file "d:\steam\steamapps\common\left 4 dead 2\left4dead2\addons\sourcemod\logs\errors_20210415.log")
L 04/15/2021 - 04:51:24: [SM] Unable to load plugin "[TR]EQF.smx": Native "L4D2_IsInfected" was not found
L 04/15/2021 - 04:51:25: [SM] Unable to load plugin "[TR]l4d2_skill_detect.smx": Native "L4D2_IsValidClient" was not found
L 04/15/2021 - 04:51:25: [SM] Unable to load plugin "[TR]l4d2_tank_support.smx": Native "L4D2_SetEntGlow" was not found
L 04/15/2021 - 04:51:25: [SM] Unable to load plugin "[TR]server_function.smx": Native "L4D2_IsValidClient" was not found
L 04/15/2021 - 04:51:36: [[TR]lgofnoc.smx] [Lgofnoc] CvarSettings: Could not find CVar specified (ss_time_min)
L 04/15/2021 - 04:51:36: [[TR]lgofnoc.smx] [Lgofnoc] CvarSettings: Could not find CVar specified (ss_time_max)
L 04/15/2021 - 04:51:43: Error log file session closed.
L 04/15/2021 - 04:53:36: SourceMod error session started
L 04/15/2021 - 04:53:36: Info (map "c2m1_highway") (file "d:\steam\steamapps\common\left 4 dead 2\left4dead2\addons\sourcemod\logs\errors_20210415.log")
L 04/15/2021 - 04:53:36: [SM] Unable to load plugin "[TR]EQF.smx": Native "L4D2_IsInfected" was not found
L 04/15/2021 - 04:53:37: [SM] Unable to load plugin "[TR]l4d2_skill_detect.smx": Native "L4D2_IsValidClient" was not found
L 04/15/2021 - 04:53:37: [SM] Unable to load plugin "[TR]l4d2_tank_support.smx": Native "L4D2_SetEntGlow" was not found
L 04/15/2021 - 04:53:37: [SM] Unable to load plugin "[TR]server_function.smx": Native "L4D2_IsValidClient" was not found
L 04/15/2021 - 04:53:46: [[TR]lgofnoc.smx] [Lgofnoc] CvarSettings: Could not find CVar specified (ss_time_min)
L 04/15/2021 - 04:53:46: [[TR]lgofnoc.smx] [Lgofnoc] CvarSettings: Could not find CVar specified (ss_time_max)
L 04/15/2021 - 04:53:52: Error log file session closed.
L 04/15/2021 - 04:54:58: SourceMod error session started
L 04/15/2021 - 04:54:58: Info (map "c2m1_highway") (file "d:\steam\steamapps\common\left 4 dead 2\left4dead2\addons\sourcemod\logs\errors_20210415.log")
L 04/15/2021 - 04:54:58: [SM] Unable to load plugin "[TR]EQF.smx": Native "L4D2_IsInfected" was not found
L 04/15/2021 - 04:54:59: [SM] Unable to load plugin "[TR]l4d2_skill_detect.smx": Native "L4D2_IsValidClient" was not found
L 04/15/2021 - 04:54:59: [SM] Unable to load plugin "[TR]l4d2_tank_support.smx": Native "L4D2_SetEntGlow" was not found
L 04/15/2021 - 04:54:59: [SM] Unable to load plugin "[TR]server_function.smx": Native "L4D2_IsValidClient" was not found
L 04/15/2021 - 04:55:08: [[TR]lgofnoc.smx] [Lgofnoc] CvarSettings: Could not find CVar specified (ss_time_min)
L 04/15/2021 - 04:55:08: [[TR]lgofnoc.smx] [Lgofnoc] CvarSettings: Could not find CVar specified (ss_time_max)
L 04/15/2021 - 04:55:14: Error log file session closed.
L 04/15/2021 - 04:56:39: SourceMod error session started
L 04/15/2021 - 04:56:39: Info (map "c2m1_highway") (file "d:\steam\steamapps\common\left 4 dead 2\left4dead2\addons\sourcemod\logs\errors_20210415.log")
L 04/15/2021 - 04:56:39: [SM] Unable to load plugin "[TR]EQF.smx": Native "L4D2_IsInfected" was not found
L 04/15/2021 - 04:56:40: [SM] Unable to load plugin "[TR]l4d2_skill_detect.smx": Native "L4D2_IsValidClient" was not found
L 04/15/2021 - 04:56:40: [SM] Unable to load plugin "[TR]l4d2_tank_support.smx": Native "L4D2_SetEntGlow" was not found
L 04/15/2021 - 04:56:40: [SM] Unable to load plugin "[TR]server_function.smx": Native "L4D2_IsValidClient" was not found
L 04/15/2021 - 04:56:49: [[TR]lgofnoc.smx] [Lgofnoc] CvarSettings: Could not find CVar specified (ss_time_min)
L 04/15/2021 - 04:56:49: [[TR]lgofnoc.smx] [Lgofnoc] CvarSettings: Could not find CVar specified (ss_time_max)
L 04/15/2021 - 04:56:56: Error log file session closed.
L 04/15/2021 - 05:02:03: SourceMod error session started
L 04/15/2021 - 05:02:03: Info (map "c2m1_highway") (file "d:\steam\steamapps\common\left 4 dead 2\left4dead2\addons\sourcemod\logs\errors_20210415.log")
L 04/15/2021 - 05:02:03: [SM] Unable to load plugin "[TR]EQF.smx": Native "L4D2_IsInfected" was not found
L 04/15/2021 - 05:02:04: [SM] Unable to load plugin "[TR]l4d2_skill_detect.smx": Native "L4D2_IsValidClient" was not found
L 04/15/2021 - 05:02:04: [SM] Unable to load plugin "[TR]l4d2_tank_support.smx": Native "L4D2_SetEntGlow" was not found
L 04/15/2021 - 05:02:04: [SM] Unable to load plugin "[TR]server_function.smx": Native "L4D2_IsValidClient" was not found
L 04/15/2021 - 05:02:12: [[TR]lgofnoc.smx] [Lgofnoc] CvarSettings: Could not find CVar specified (ss_time_min)
L 04/15/2021 - 05:02:12: [[TR]lgofnoc.smx] [Lgofnoc] CvarSettings: Could not find CVar specified (ss_time_max)
L 04/15/2021 - 05:02:19: Error log file session closed.
L 04/15/2021 - 05:05:17: SourceMod error session started
L 04/15/2021 - 05:05:17: Info (map "c2m1_highway") (file "d:\steam\steamapps\common\left 4 dead 2\left4dead2\addons\sourcemod\logs\errors_20210415.log")
L 04/15/2021 - 05:05:17: [SM] Unable to load plugin "[TR]EQF.smx": Native "L4D2_IsInfected" was not found
L 04/15/2021 - 05:05:19: [SM] Unable to load plugin "[TR]l4d2_skill_detect.smx": Native "L4D2_IsValidClient" was not found
L 04/15/2021 - 05:05:19: [SM] Unable to load plugin "[TR]l4d2_tank_support.smx": Native "L4D2_SetEntGlow" was not found
L 04/15/2021 - 05:05:19: [SM] Unable to load plugin "[TR]server_function.smx": Native "L4D2_IsValidClient" was not found
L 04/15/2021 - 05:05:27: [[TR]lgofnoc.smx] [Lgofnoc] CvarSettings: Could not find CVar specified (ss_time_min)
L 04/15/2021 - 05:05:27: [[TR]lgofnoc.smx] [Lgofnoc] CvarSettings: Could not find CVar specified (ss_time_max)
L 04/15/2021 - 05:05:34: Error log file session closed.
