L 05/13/2021 - 01:52:08: SourceMod error session started
L 05/13/2021 - 01:52:08: Info (map "c2m1_highway") (file "e:\steam\steamapps\common\left 4 dead 2\left4dead2\addons\sourcemod\logs\errors_20210513.log")
L 05/13/2021 - 01:52:08: [SM] Exception reported: Client 1 is not in game
L 05/13/2021 - 01:52:08: [SM] Blaming: [TR]l4d2library.smx
L 05/13/2021 - 01:52:08: [SM] Call stack trace:
L 05/13/2021 - 01:52:08: [SM]   [0] IsPlayerAlive
L 05/13/2021 - 01:52:08: [SM]   [1] Line 2443, [TR]l4d2library.sp::RepositionGrid
L 05/13/2021 - 01:52:08: [SM]   [2] Line 1470, [TR]l4d2library.sp::_native_RepositionGrid
L 05/13/2021 - 01:52:08: [SM]   [4] L4D2_RepositionGrid
L 05/13/2021 - 01:52:08: [SM]   [5] Line 270, [TR]hardcoop.sp::Timer_PositionSI
L 05/13/2021 - 01:52:08: [SM] Exception reported: Client 1 is not in game
L 05/13/2021 - 01:52:08: [SM] Blaming: [TR]l4d2library.smx
L 05/13/2021 - 01:52:08: [SM] Call stack trace:
L 05/13/2021 - 01:52:08: [SM]   [0] IsPlayerAlive
L 05/13/2021 - 01:52:08: [SM]   [1] Line 2443, [TR]l4d2library.sp::RepositionGrid
L 05/13/2021 - 01:52:08: [SM]   [2] Line 1470, [TR]l4d2library.sp::_native_RepositionGrid
L 05/13/2021 - 01:52:08: [SM]   [4] L4D2_RepositionGrid
L 05/13/2021 - 01:52:08: [SM]   [5] Line 270, [TR]hardcoop.sp::Timer_PositionSI
L 05/13/2021 - 01:52:09: [SM] Exception reported: Client 1 is not in game
L 05/13/2021 - 01:52:09: [SM] Blaming: [TR]server_function.smx
L 05/13/2021 - 01:52:09: [SM] Call stack trace:
L 05/13/2021 - 01:52:09: [SM]   [0] GetClientTeam
L 05/13/2021 - 01:52:09: [SM]   [1] Line 476, [TR]server_function.sp::AdjustRates
L 05/13/2021 - 01:52:09: [SM]   [2] Line 212, [TR]server_function.sp::TimerAdjustRates
L 05/13/2021 - 04:00:27: SourceMod error session started
L 05/13/2021 - 04:00:27: Info (map "c2m1_highway") (file "e:\steam\steamapps\common\left 4 dead 2\left4dead2\addons\sourcemod\logs\errors_20210513.log")
L 05/13/2021 - 04:00:27: [SM] Exception reported: Client 1 is not in game
L 05/13/2021 - 04:00:27: [SM] Blaming: [TR]l4d2library.smx
L 05/13/2021 - 04:00:27: [SM] Call stack trace:
L 05/13/2021 - 04:00:27: [SM]   [0] IsPlayerAlive
L 05/13/2021 - 04:00:27: [SM]   [1] Line 2443, [TR]l4d2library.sp::RepositionGrid
L 05/13/2021 - 04:00:27: [SM]   [2] Line 1470, [TR]l4d2library.sp::_native_RepositionGrid
L 05/13/2021 - 04:00:27: [SM]   [4] L4D2_RepositionGrid
L 05/13/2021 - 04:00:27: [SM]   [5] Line 270, [TR]hardcoop.sp::Timer_PositionSI
L 05/13/2021 - 04:00:27: [SM] Exception reported: Client 1 is not in game
L 05/13/2021 - 04:00:27: [SM] Blaming: [TR]l4d2library.smx
L 05/13/2021 - 04:00:27: [SM] Call stack trace:
L 05/13/2021 - 04:00:27: [SM]   [0] IsPlayerAlive
L 05/13/2021 - 04:00:27: [SM]   [1] Line 2443, [TR]l4d2library.sp::RepositionGrid
L 05/13/2021 - 04:00:27: [SM]   [2] Line 1470, [TR]l4d2library.sp::_native_RepositionGrid
L 05/13/2021 - 04:00:27: [SM]   [4] L4D2_RepositionGrid
L 05/13/2021 - 04:00:27: [SM]   [5] Line 270, [TR]hardcoop.sp::Timer_PositionSI
L 05/13/2021 - 04:00:28: [SM] Exception reported: Client 1 is not in game
L 05/13/2021 - 04:00:28: [SM] Blaming: [TR]l4d2library.smx
L 05/13/2021 - 04:00:28: [SM] Call stack trace:
L 05/13/2021 - 04:00:28: [SM]   [0] IsPlayerAlive
L 05/13/2021 - 04:00:28: [SM]   [1] Line 2443, [TR]l4d2library.sp::RepositionGrid
L 05/13/2021 - 04:00:28: [SM]   [2] Line 1470, [TR]l4d2library.sp::_native_RepositionGrid
L 05/13/2021 - 04:00:28: [SM]   [4] L4D2_RepositionGrid
L 05/13/2021 - 04:00:28: [SM]   [5] Line 270, [TR]hardcoop.sp::Timer_PositionSI
L 05/13/2021 - 04:00:28: [SM] Exception reported: Client 1 is not in game
L 05/13/2021 - 04:00:28: [SM] Blaming: [TR]l4d2library.smx
L 05/13/2021 - 04:00:28: [SM] Call stack trace:
L 05/13/2021 - 04:00:28: [SM]   [0] IsPlayerAlive
L 05/13/2021 - 04:00:28: [SM]   [1] Line 2443, [TR]l4d2library.sp::RepositionGrid
L 05/13/2021 - 04:00:28: [SM]   [2] Line 1470, [TR]l4d2library.sp::_native_RepositionGrid
L 05/13/2021 - 04:00:28: [SM]   [4] L4D2_RepositionGrid
L 05/13/2021 - 04:00:28: [SM]   [5] Line 270, [TR]hardcoop.sp::Timer_PositionSI
L 05/13/2021 - 04:12:58: SourceMod error session started
L 05/13/2021 - 04:12:58: Info (map "c2m1_highway") (file "e:\steam\steamapps\common\left 4 dead 2\left4dead2\addons\sourcemod\logs\errors_20210513.log")
L 05/13/2021 - 04:12:58: [SM] Exception reported: Unable to find NextBotCreatePlayerBot<Spitter> signature in gamedata file.
L 05/13/2021 - 04:12:58: [SM] Blaming: specialspawner.smx
L 05/13/2021 - 04:12:58: [SM] Call stack trace:
L 05/13/2021 - 04:12:58: [SM]   [0] SetFailState
L 05/13/2021 - 04:12:58: [SM]   [1] Line 714, modules/SS2_DirectInfectedSpawn.sp::PrepL4D2CreateBotCalls
L 05/13/2021 - 04:12:58: [SM]   [2] Line 793, modules/SS2_DirectInfectedSpawn.sp::PrepSDKCall
L 05/13/2021 - 04:12:58: [SM]   [3] Line 627, modules/SS2_DirectInfectedSpawn.sp::GetGamedata
L 05/13/2021 - 04:12:58: [SM]   [4] Line 106, modules/SS2_DirectInfectedSpawn.sp::DirectInfectedSpawn_OnPluginStart
L 05/13/2021 - 04:12:58: [SM]   [5] Line 73, D:\# GitHub\gauntlet\addons\sourcemod\scripting\specialspawner.sp::OnPluginStart
L 05/13/2021 - 04:12:58: [SM] Unable to load plugin "specialspawner.smx": Error detected in plugin startup (see error logs)
L 05/13/2021 - 04:13:19: Error log file session closed.
L 05/13/2021 - 04:14:40: SourceMod error session started
L 05/13/2021 - 04:14:40: Info (map "c2m1_highway") (file "e:\steam\steamapps\common\left 4 dead 2\left4dead2\addons\sourcemod\logs\errors_20210513.log")
L 05/13/2021 - 04:14:40: [SM] Exception reported: Unable to find NextBotCreatePlayerBot<Spitter> signature in gamedata file.
L 05/13/2021 - 04:14:40: [SM] Blaming: specialspawner.smx
L 05/13/2021 - 04:14:40: [SM] Call stack trace:
L 05/13/2021 - 04:14:40: [SM]   [0] SetFailState
L 05/13/2021 - 04:14:40: [SM]   [1] Line 714, modules/SS2_DirectInfectedSpawn.sp::PrepL4D2CreateBotCalls
L 05/13/2021 - 04:14:40: [SM]   [2] Line 793, modules/SS2_DirectInfectedSpawn.sp::PrepSDKCall
L 05/13/2021 - 04:14:40: [SM]   [3] Line 627, modules/SS2_DirectInfectedSpawn.sp::GetGamedata
L 05/13/2021 - 04:14:40: [SM]   [4] Line 106, modules/SS2_DirectInfectedSpawn.sp::DirectInfectedSpawn_OnPluginStart
L 05/13/2021 - 04:14:40: [SM]   [5] Line 73, D:\# GitHub\gauntlet\addons\sourcemod\scripting\specialspawner.sp::OnPluginStart
L 05/13/2021 - 04:21:22: [SM] Exception reported: Unable to find NextBotCreatePlayerBot<Spitter> signature in gamedata file.
L 05/13/2021 - 04:21:22: [SM] Blaming: specialspawner.smx
L 05/13/2021 - 04:21:22: [SM] Call stack trace:
L 05/13/2021 - 04:21:22: [SM]   [0] SetFailState
L 05/13/2021 - 04:21:22: [SM]   [1] Line 714, modules/SS2_DirectInfectedSpawn.sp::PrepL4D2CreateBotCalls
L 05/13/2021 - 04:21:22: [SM]   [2] Line 793, modules/SS2_DirectInfectedSpawn.sp::PrepSDKCall
L 05/13/2021 - 04:21:22: [SM]   [3] Line 627, modules/SS2_DirectInfectedSpawn.sp::GetGamedata
L 05/13/2021 - 04:21:22: [SM]   [4] Line 106, modules/SS2_DirectInfectedSpawn.sp::DirectInfectedSpawn_OnPluginStart
L 05/13/2021 - 04:21:22: [SM]   [5] Line 73, D:\# GitHub\gauntlet\addons\sourcemod\scripting\specialspawner.sp::OnPluginStart
L 05/13/2021 - 04:26:25: [SM] Exception reported: String formatted incorrectly - parameter 9 (total 8)
L 05/13/2021 - 04:26:25: [SM] Blaming: [TR]l4d2_skill_detect.smx
L 05/13/2021 - 04:26:25: [SM] Call stack trace:
L 05/13/2021 - 04:26:25: [SM]   [0] VFormat
L 05/13/2021 - 04:26:25: [SM]   [1] Line 2615, [TR]l4d2_skill_detect.sp::PrintDebug
L 05/13/2021 - 04:26:25: [SM]   [2] Line 2507, [TR]l4d2_skill_detect.sp::HandleClear
L 05/13/2021 - 04:26:25: [SM]   [3] Line 910, [TR]l4d2_skill_detect.sp::Event_PlayerDeathPre
L 05/13/2021 - 04:26:28: [SM] Exception reported: String formatted incorrectly - parameter 5 (total 4)
L 05/13/2021 - 04:26:28: [SM] Blaming: [TR]l4d2_skill_detect.smx
L 05/13/2021 - 04:26:28: [SM] Call stack trace:
L 05/13/2021 - 04:26:28: [SM]   [0] VFormat
L 05/13/2021 - 04:26:28: [SM]   [1] Line 2615, [TR]l4d2_skill_detect.sp::PrintDebug
L 05/13/2021 - 04:26:28: [SM]   [2] Line 1567, [TR]l4d2_skill_detect.sp::Event_ChargeCarryStart
L 05/13/2021 - 04:27:00: [SM] Exception reported: String formatted incorrectly - parameter 9 (total 8)
L 05/13/2021 - 04:27:00: [SM] Blaming: [TR]l4d2_skill_detect.smx
L 05/13/2021 - 04:27:00: [SM] Call stack trace:
L 05/13/2021 - 04:27:00: [SM]   [0] VFormat
L 05/13/2021 - 04:27:00: [SM]   [1] Line 2615, [TR]l4d2_skill_detect.sp::PrintDebug
L 05/13/2021 - 04:27:00: [SM]   [2] Line 2507, [TR]l4d2_skill_detect.sp::HandleClear
L 05/13/2021 - 04:27:00: [SM]   [3] Line 942, [TR]l4d2_skill_detect.sp::Event_PlayerDeathPre
L 05/13/2021 - 04:27:17: [SM] Exception reported: String formatted incorrectly - parameter 5 (total 4)
L 05/13/2021 - 04:27:17: [SM] Blaming: [TR]l4d2_skill_detect.smx
L 05/13/2021 - 04:27:17: [SM] Call stack trace:
L 05/13/2021 - 04:27:17: [SM]   [0] VFormat
L 05/13/2021 - 04:27:17: [SM]   [1] Line 2615, [TR]l4d2_skill_detect.sp::PrintDebug
L 05/13/2021 - 04:27:17: [SM]   [2] Line 1567, [TR]l4d2_skill_detect.sp::Event_ChargeCarryStart
L 05/13/2021 - 04:27:33: [SM] Exception reported: String formatted incorrectly - parameter 5 (total 4)
L 05/13/2021 - 04:27:33: [SM] Blaming: [TR]l4d2_skill_detect.smx
L 05/13/2021 - 04:27:33: [SM] Call stack trace:
L 05/13/2021 - 04:27:33: [SM]   [0] VFormat
L 05/13/2021 - 04:27:33: [SM]   [1] Line 2615, [TR]l4d2_skill_detect.sp::PrintDebug
L 05/13/2021 - 04:27:33: [SM]   [2] Line 1567, [TR]l4d2_skill_detect.sp::Event_ChargeCarryStart
L 05/13/2021 - 04:27:34: [SM] Exception reported: String formatted incorrectly - parameter 9 (total 8)
L 05/13/2021 - 04:27:34: [SM] Blaming: [TR]l4d2_skill_detect.smx
L 05/13/2021 - 04:27:34: [SM] Call stack trace:
L 05/13/2021 - 04:27:34: [SM]   [0] VFormat
L 05/13/2021 - 04:27:34: [SM]   [1] Line 2615, [TR]l4d2_skill_detect.sp::PrintDebug
L 05/13/2021 - 04:27:34: [SM]   [2] Line 2507, [TR]l4d2_skill_detect.sp::HandleClear
L 05/13/2021 - 04:27:34: [SM]   [3] Line 942, [TR]l4d2_skill_detect.sp::Event_PlayerDeathPre
L 05/13/2021 - 04:27:35: [SM] Exception reported: String formatted incorrectly - parameter 9 (total 8)
L 05/13/2021 - 04:27:35: [SM] Blaming: [TR]l4d2_skill_detect.smx
L 05/13/2021 - 04:27:35: [SM] Call stack trace:
L 05/13/2021 - 04:27:35: [SM]   [0] VFormat
L 05/13/2021 - 04:27:35: [SM]   [1] Line 2615, [TR]l4d2_skill_detect.sp::PrintDebug
L 05/13/2021 - 04:27:35: [SM]   [2] Line 2507, [TR]l4d2_skill_detect.sp::HandleClear
L 05/13/2021 - 04:27:35: [SM]   [3] Line 2218, [TR]l4d2_skill_detect.sp::Event_ChokeStop
L 05/13/2021 - 04:27:36: [SM] Exception reported: String formatted incorrectly - parameter 6 (total 5)
L 05/13/2021 - 04:27:36: [SM] Blaming: [TR]l4d2_skill_detect.smx
L 05/13/2021 - 04:27:36: [SM] Call stack trace:
L 05/13/2021 - 04:27:36: [SM]   [0] VFormat
L 05/13/2021 - 04:27:36: [SM]   [1] Line 2615, [TR]l4d2_skill_detect.sp::PrintDebug
L 05/13/2021 - 04:27:36: [SM]   [2] Line 1656, [TR]l4d2_skill_detect.sp::Timer_DeathChargeCheck
L 05/13/2021 - 04:27:51: [SM] Exception reported: String formatted incorrectly - parameter 5 (total 4)
L 05/13/2021 - 04:27:51: [SM] Blaming: [TR]l4d2_skill_detect.smx
L 05/13/2021 - 04:27:51: [SM] Call stack trace:
L 05/13/2021 - 04:27:51: [SM]   [0] VFormat
L 05/13/2021 - 04:27:51: [SM]   [1] Line 2615, [TR]l4d2_skill_detect.sp::PrintDebug
L 05/13/2021 - 04:27:51: [SM]   [2] Line 1567, [TR]l4d2_skill_detect.sp::Event_ChargeCarryStart
L 05/13/2021 - 04:27:53: [SM] Exception reported: String formatted incorrectly - parameter 9 (total 8)
L 05/13/2021 - 04:27:53: [SM] Blaming: [TR]l4d2_skill_detect.smx
L 05/13/2021 - 04:27:53: [SM] Call stack trace:
L 05/13/2021 - 04:27:53: [SM]   [0] VFormat
L 05/13/2021 - 04:27:53: [SM]   [1] Line 2615, [TR]l4d2_skill_detect.sp::PrintDebug
L 05/13/2021 - 04:27:53: [SM]   [2] Line 2507, [TR]l4d2_skill_detect.sp::HandleClear
L 05/13/2021 - 04:27:53: [SM]   [3] Line 942, [TR]l4d2_skill_detect.sp::Event_PlayerDeathPre
L 05/13/2021 - 04:27:54: [SM] Exception reported: String formatted incorrectly - parameter 6 (total 5)
L 05/13/2021 - 04:27:54: [SM] Blaming: [TR]l4d2_skill_detect.smx
L 05/13/2021 - 04:27:54: [SM] Call stack trace:
L 05/13/2021 - 04:27:54: [SM]   [0] VFormat
L 05/13/2021 - 04:27:54: [SM]   [1] Line 2615, [TR]l4d2_skill_detect.sp::PrintDebug
L 05/13/2021 - 04:27:54: [SM]   [2] Line 1656, [TR]l4d2_skill_detect.sp::Timer_DeathChargeCheck
L 05/13/2021 - 04:27:57: [SM] Exception reported: String formatted incorrectly - parameter 9 (total 8)
L 05/13/2021 - 04:27:57: [SM] Blaming: [TR]l4d2_skill_detect.smx
L 05/13/2021 - 04:27:57: [SM] Call stack trace:
L 05/13/2021 - 04:27:57: [SM]   [0] VFormat
L 05/13/2021 - 04:27:57: [SM]   [1] Line 2615, [TR]l4d2_skill_detect.sp::PrintDebug
L 05/13/2021 - 04:27:57: [SM]   [2] Line 2507, [TR]l4d2_skill_detect.sp::HandleClear
L 05/13/2021 - 04:27:57: [SM]   [3] Line 959, [TR]l4d2_skill_detect.sp::Event_PlayerDeathPre
L 05/13/2021 - 04:28:12: [SM] Exception reported: String formatted incorrectly - parameter 9 (total 8)
L 05/13/2021 - 04:28:12: [SM] Blaming: [TR]l4d2_skill_detect.smx
L 05/13/2021 - 04:28:12: [SM] Call stack trace:
L 05/13/2021 - 04:28:12: [SM]   [0] VFormat
L 05/13/2021 - 04:28:12: [SM]   [1] Line 2615, [TR]l4d2_skill_detect.sp::PrintDebug
L 05/13/2021 - 04:28:12: [SM]   [2] Line 2507, [TR]l4d2_skill_detect.sp::HandleClear
L 05/13/2021 - 04:28:12: [SM]   [3] Line 1210, [TR]l4d2_skill_detect.sp::Event_PlayerShoved
L 05/13/2021 - 04:28:30: [SM] Exception reported: String formatted incorrectly - parameter 9 (total 8)
L 05/13/2021 - 04:28:30: [SM] Blaming: [TR]l4d2_skill_detect.smx
L 05/13/2021 - 04:28:30: [SM] Call stack trace:
L 05/13/2021 - 04:28:30: [SM]   [0] VFormat
L 05/13/2021 - 04:28:30: [SM]   [1] Line 2615, [TR]l4d2_skill_detect.sp::PrintDebug
L 05/13/2021 - 04:28:30: [SM]   [2] Line 2507, [TR]l4d2_skill_detect.sp::HandleClear
L 05/13/2021 - 04:28:30: [SM]   [3] Line 910, [TR]l4d2_skill_detect.sp::Event_PlayerDeathPre
L 05/13/2021 - 04:28:43: [SM] Exception reported: String formatted incorrectly - parameter 9 (total 8)
L 05/13/2021 - 04:28:43: [SM] Blaming: [TR]l4d2_skill_detect.smx
L 05/13/2021 - 04:28:43: [SM] Call stack trace:
L 05/13/2021 - 04:28:43: [SM]   [0] VFormat
L 05/13/2021 - 04:28:43: [SM]   [1] Line 2615, [TR]l4d2_skill_detect.sp::PrintDebug
L 05/13/2021 - 04:28:43: [SM]   [2] Line 2507, [TR]l4d2_skill_detect.sp::HandleClear
L 05/13/2021 - 04:28:43: [SM]   [3] Line 942, [TR]l4d2_skill_detect.sp::Event_PlayerDeathPre
L 05/13/2021 - 04:29:01: [SM] Exception reported: String formatted incorrectly - parameter 9 (total 8)
L 05/13/2021 - 04:29:01: [SM] Blaming: [TR]l4d2_skill_detect.smx
L 05/13/2021 - 04:29:01: [SM] Call stack trace:
L 05/13/2021 - 04:29:01: [SM]   [0] VFormat
L 05/13/2021 - 04:29:01: [SM]   [1] Line 2615, [TR]l4d2_skill_detect.sp::PrintDebug
L 05/13/2021 - 04:29:01: [SM]   [2] Line 2507, [TR]l4d2_skill_detect.sp::HandleClear
L 05/13/2021 - 04:29:01: [SM]   [3] Line 910, [TR]l4d2_skill_detect.sp::Event_PlayerDeathPre
L 05/13/2021 - 04:29:06: [SM] Exception reported: String formatted incorrectly - parameter 9 (total 8)
L 05/13/2021 - 04:29:06: [SM] Blaming: [TR]l4d2_skill_detect.smx
L 05/13/2021 - 04:29:06: [SM] Call stack trace:
L 05/13/2021 - 04:29:06: [SM]   [0] VFormat
L 05/13/2021 - 04:29:06: [SM]   [1] Line 2615, [TR]l4d2_skill_detect.sp::PrintDebug
L 05/13/2021 - 04:29:06: [SM]   [2] Line 2507, [TR]l4d2_skill_detect.sp::HandleClear
L 05/13/2021 - 04:29:06: [SM]   [3] Line 942, [TR]l4d2_skill_detect.sp::Event_PlayerDeathPre
L 05/13/2021 - 04:29:22: [SM] Exception reported: String formatted incorrectly - parameter 9 (total 8)
L 05/13/2021 - 04:29:22: [SM] Blaming: [TR]l4d2_skill_detect.smx
L 05/13/2021 - 04:29:22: [SM] Call stack trace:
L 05/13/2021 - 04:29:22: [SM]   [0] VFormat
L 05/13/2021 - 04:29:22: [SM]   [1] Line 2615, [TR]l4d2_skill_detect.sp::PrintDebug
L 05/13/2021 - 04:29:22: [SM]   [2] Line 2507, [TR]l4d2_skill_detect.sp::HandleClear
L 05/13/2021 - 04:29:22: [SM]   [3] Line 910, [TR]l4d2_skill_detect.sp::Event_PlayerDeathPre
L 05/13/2021 - 04:29:34: [SM] Exception reported: String formatted incorrectly - parameter 9 (total 8)
L 05/13/2021 - 04:29:34: [SM] Blaming: [TR]l4d2_skill_detect.smx
L 05/13/2021 - 04:29:34: [SM] Call stack trace:
L 05/13/2021 - 04:29:34: [SM]   [0] VFormat
L 05/13/2021 - 04:29:34: [SM]   [1] Line 2615, [TR]l4d2_skill_detect.sp::PrintDebug
L 05/13/2021 - 04:29:34: [SM]   [2] Line 2507, [TR]l4d2_skill_detect.sp::HandleClear
L 05/13/2021 - 04:29:34: [SM]   [3] Line 942, [TR]l4d2_skill_detect.sp::Event_PlayerDeathPre
L 05/13/2021 - 04:30:04: [SM] Exception reported: String formatted incorrectly - parameter 9 (total 8)
L 05/13/2021 - 04:30:04: [SM] Blaming: [TR]l4d2_skill_detect.smx
L 05/13/2021 - 04:30:04: [SM] Call stack trace:
L 05/13/2021 - 04:30:04: [SM]   [0] VFormat
L 05/13/2021 - 04:30:04: [SM]   [1] Line 2615, [TR]l4d2_skill_detect.sp::PrintDebug
L 05/13/2021 - 04:30:04: [SM]   [2] Line 2507, [TR]l4d2_skill_detect.sp::HandleClear
L 05/13/2021 - 04:30:04: [SM]   [3] Line 942, [TR]l4d2_skill_detect.sp::Event_PlayerDeathPre
L 05/13/2021 - 04:30:09: [SM] Exception reported: String formatted incorrectly - parameter 9 (total 8)
L 05/13/2021 - 04:30:09: [SM] Blaming: [TR]l4d2_skill_detect.smx
L 05/13/2021 - 04:30:09: [SM] Call stack trace:
L 05/13/2021 - 04:30:09: [SM]   [0] VFormat
L 05/13/2021 - 04:30:09: [SM]   [1] Line 2615, [TR]l4d2_skill_detect.sp::PrintDebug
L 05/13/2021 - 04:30:09: [SM]   [2] Line 2507, [TR]l4d2_skill_detect.sp::HandleClear
L 05/13/2021 - 04:30:09: [SM]   [3] Line 910, [TR]l4d2_skill_detect.sp::Event_PlayerDeathPre
L 05/13/2021 - 04:30:24: [SM] Exception reported: String formatted incorrectly - parameter 5 (total 4)
L 05/13/2021 - 04:30:24: [SM] Blaming: [TR]l4d2_skill_detect.smx
L 05/13/2021 - 04:30:24: [SM] Call stack trace:
L 05/13/2021 - 04:30:24: [SM]   [0] VFormat
L 05/13/2021 - 04:30:24: [SM]   [1] Line 2615, [TR]l4d2_skill_detect.sp::PrintDebug
L 05/13/2021 - 04:30:24: [SM]   [2] Line 1567, [TR]l4d2_skill_detect.sp::Event_ChargeCarryStart
L 05/13/2021 - 04:30:26: [SM] Exception reported: String formatted incorrectly - parameter 6 (total 5)
L 05/13/2021 - 04:30:26: [SM] Blaming: [TR]l4d2_skill_detect.smx
L 05/13/2021 - 04:30:26: [SM] Call stack trace:
L 05/13/2021 - 04:30:26: [SM]   [0] VFormat
L 05/13/2021 - 04:30:26: [SM]   [1] Line 2615, [TR]l4d2_skill_detect.sp::PrintDebug
L 05/13/2021 - 04:30:26: [SM]   [2] Line 1656, [TR]l4d2_skill_detect.sp::Timer_DeathChargeCheck
L 05/13/2021 - 04:30:26: [SM] Exception reported: String formatted incorrectly - parameter 6 (total 5)
L 05/13/2021 - 04:30:26: [SM] Blaming: [TR]l4d2_skill_detect.smx
L 05/13/2021 - 04:30:26: [SM] Call stack trace:
L 05/13/2021 - 04:30:26: [SM]   [0] VFormat
L 05/13/2021 - 04:30:26: [SM]   [1] Line 2615, [TR]l4d2_skill_detect.sp::PrintDebug
L 05/13/2021 - 04:30:26: [SM]   [2] Line 1656, [TR]l4d2_skill_detect.sp::Timer_DeathChargeCheck
L 05/13/2021 - 04:30:33: [SM] Exception reported: Client 1 is not in game
L 05/13/2021 - 04:30:33: [SM] Blaming: [TR]server_function.smx
L 05/13/2021 - 04:30:33: [SM] Call stack trace:
L 05/13/2021 - 04:30:33: [SM]   [0] GetClientTeam
L 05/13/2021 - 04:30:33: [SM]   [1] Line 476, [TR]server_function.sp::AdjustRates
L 05/13/2021 - 04:30:33: [SM]   [2] Line 212, [TR]server_function.sp::TimerAdjustRates
