L 05/31/2021 - 11:07:20: SourceMod error session started
L 05/31/2021 - 11:07:20: Info (map "c2m1_highway") (file "e:\steam\steamapps\common\left 4 dead 2\left4dead2\addons\sourcemod\logs\errors_20210531.log")
L 05/31/2021 - 11:07:20: [SM] Exception reported: Failed to create native "NavMesh_Exists", name is probably already in use
L 05/31/2021 - 11:07:20: [SM] Blaming: [LIB]navmesh.smx
L 05/31/2021 - 11:07:20: [SM] Call stack trace:
L 05/31/2021 - 11:07:20: [SM]   [0] CreateNative
L 05/31/2021 - 11:07:20: [SM]   [1] Line 243, [LIB]navmesh.sp::AskPluginLoad2
L 05/31/2021 - 11:07:20: [SM] Failed to load plugin "[LIB]navmesh.smx": unexpected error 23 in AskPluginLoad callback.
L 05/31/2021 - 11:07:45: [[TR]lgofnoc.smx] [Lgofnoc] CvarSettings: Could not find CVar specified (ss_time_min)
L 05/31/2021 - 11:07:45: [[TR]lgofnoc.smx] [Lgofnoc] CvarSettings: Could not find CVar specified (ss_time_max)
L 05/31/2021 - 11:07:52: Error log file session closed.
L 05/31/2021 - 11:09:27: SourceMod error session started
L 05/31/2021 - 11:09:27: Info (map "c2m1_highway") (file "e:\steam\steamapps\common\left 4 dead 2\left4dead2\addons\sourcemod\logs\errors_20210531.log")
L 05/31/2021 - 11:09:27: [SM] Exception reported: Failed to create native "NavMesh_Exists", name is probably already in use
L 05/31/2021 - 11:09:27: [SM] Blaming: [LIB]navmesh.smx
L 05/31/2021 - 11:09:27: [SM] Call stack trace:
L 05/31/2021 - 11:09:27: [SM]   [0] CreateNative
L 05/31/2021 - 11:09:28: [SM]   [1] Line 243, [LIB]navmesh.sp::AskPluginLoad2
L 05/31/2021 - 11:09:28: [SM] Failed to load plugin "[LIB]navmesh.smx": unexpected error 23 in AskPluginLoad callback.
L 05/31/2021 - 11:09:45: [[TR]lgofnoc.smx] [Lgofnoc] CvarSettings: Could not find CVar specified (ss_time_min)
L 05/31/2021 - 11:09:45: [[TR]lgofnoc.smx] [Lgofnoc] CvarSettings: Could not find CVar specified (ss_time_max)
L 05/31/2021 - 11:09:53: Error log file session closed.
L 05/31/2021 - 11:14:17: SourceMod error session started
L 05/31/2021 - 11:14:17: Info (map "c2m1_highway") (file "e:\steam\steamapps\common\left 4 dead 2\left4dead2\addons\sourcemod\logs\errors_20210531.log")
L 05/31/2021 - 11:14:17: [SM] Exception reported: Failed to grow array
L 05/31/2021 - 11:14:18: [SM] Blaming: [SilverShot]command_buffer.smx
L 05/31/2021 - 11:14:18: [SM] Call stack trace:
L 05/31/2021 - 11:14:18: [SM]   [0] ArrayList.PushString
L 05/31/2021 - 11:14:18: [SM]   [1] Line 163, [SilverShot]command_buffer.sp::InsertCommandPost
L 05/31/2021 - 11:14:18: [SM]   [3] ServerCommand
L 05/31/2021 - 11:14:18: [SM]   [4] Line 1423, [LIB]l4d2library.sp::_native_FillBots
L 05/31/2021 - 11:14:18: [SM]   [6] L4D2_FillBots
L 05/31/2021 - 11:14:18: [SM]   [7] Line 325, [TR]server_function.sp::FixBots
L 05/31/2021 - 11:14:18: [SM] Exception reported: Failed to grow array
L 05/31/2021 - 11:14:18: [SM] Blaming: [SilverShot]command_buffer.smx
L 05/31/2021 - 11:14:18: [SM] Call stack trace:
L 05/31/2021 - 11:14:18: [SM]   [0] ArrayList.PushString
L 05/31/2021 - 11:14:18: [SM]   [1] Line 163, [SilverShot]command_buffer.sp::InsertCommandPost
L 05/31/2021 - 11:14:18: [SM]   [3] ServerCommand
L 05/31/2021 - 11:14:18: [SM]   [4] Line 1423, [LIB]l4d2library.sp::_native_FillBots
L 05/31/2021 - 11:14:18: [SM]   [6] L4D2_FillBots
L 05/31/2021 - 11:14:18: [SM]   [7] Line 325, [TR]server_function.sp::FixBots
L 05/31/2021 - 11:14:18: [SM] Exception reported: Failed to grow array
L 05/31/2021 - 11:14:18: [SM] Blaming: [SilverShot]command_buffer.smx
L 05/31/2021 - 11:14:18: [SM] Call stack trace:
L 05/31/2021 - 11:14:18: [SM]   [0] ArrayList.PushString
L 05/31/2021 - 11:14:18: [SM]   [1] Line 163, [SilverShot]command_buffer.sp::InsertCommandPost
L 05/31/2021 - 11:14:18: [SM]   [3] ServerCommand
L 05/31/2021 - 11:14:18: [SM]   [4] Line 1423, [LIB]l4d2library.sp::_native_FillBots
L 05/31/2021 - 11:14:19: [SM]   [6] L4D2_FillBots
L 05/31/2021 - 11:14:19: [SM]   [7] Line 325, [TR]server_function.sp::FixBots
L 05/31/2021 - 11:14:19: [SM] Exception reported: Failed to grow array
L 05/31/2021 - 11:14:19: [SM] Blaming: [SilverShot]command_buffer.smx
L 05/31/2021 - 11:14:19: [SM] Call stack trace:
L 05/31/2021 - 11:14:19: [SM]   [0] ArrayList.PushString
L 05/31/2021 - 11:14:19: [SM]   [1] Line 163, [SilverShot]command_buffer.sp::InsertCommandPost
L 05/31/2021 - 11:14:19: [SM]   [3] ServerCommand
L 05/31/2021 - 11:14:19: [SM]   [4] Line 1423, [LIB]l4d2library.sp::_native_FillBots
L 05/31/2021 - 11:14:19: [SM]   [6] L4D2_FillBots
L 05/31/2021 - 11:14:19: [SM]   [7] Line 325, [TR]server_function.sp::FixBots
L 05/31/2021 - 11:14:19: [SM] Exception reported: Failed to grow array
L 05/31/2021 - 11:14:19: [SM] Blaming: [SilverShot]command_buffer.smx
L 05/31/2021 - 11:14:19: [SM] Call stack trace:
L 05/31/2021 - 11:14:19: [SM]   [0] ArrayList.PushString
L 05/31/2021 - 11:14:19: [SM]   [1] Line 163, [SilverShot]command_buffer.sp::InsertCommandPost
L 05/31/2021 - 11:14:19: [SM]   [3] ServerCommand
L 05/31/2021 - 11:14:19: [SM]   [4] Line 1423, [LIB]l4d2library.sp::_native_FillBots
L 05/31/2021 - 11:14:19: [SM]   [6] L4D2_FillBots
L 05/31/2021 - 11:14:19: [SM]   [7] Line 325, [TR]server_function.sp::FixBots
L 05/31/2021 - 11:14:19: [SM] Exception reported: Failed to grow array
L 05/31/2021 - 11:14:19: [SM] Blaming: [SilverShot]command_buffer.smx
L 05/31/2021 - 11:14:19: [SM] Call stack trace:
L 05/31/2021 - 11:14:19: [SM]   [0] ArrayList.PushString
L 05/31/2021 - 11:14:19: [SM]   [1] Line 163, [SilverShot]command_buffer.sp::InsertCommandPost
L 05/31/2021 - 11:14:19: [SM]   [3] ServerCommand
L 05/31/2021 - 11:14:19: [SM]   [4] Line 1423, [LIB]l4d2library.sp::_native_FillBots
L 05/31/2021 - 11:14:19: [SM]   [6] L4D2_FillBots
L 05/31/2021 - 11:14:19: [SM]   [7] Line 325, [TR]server_function.sp::FixBots
L 05/31/2021 - 11:14:19: [SM] Exception reported: Failed to grow array
L 05/31/2021 - 11:14:19: [SM] Blaming: [SilverShot]command_buffer.smx
L 05/31/2021 - 11:14:19: [SM] Call stack trace:
L 05/31/2021 - 11:14:19: [SM]   [0] ArrayList.PushString
L 05/31/2021 - 11:14:19: [SM]   [1] Line 163, [SilverShot]command_buffer.sp::InsertCommandPost
L 05/31/2021 - 11:14:19: [SM]   [3] ServerCommand
L 05/31/2021 - 11:14:19: [SM]   [4] Line 1423, [LIB]l4d2library.sp::_native_FillBots
L 05/31/2021 - 11:14:20: [SM]   [6] L4D2_FillBots
L 05/31/2021 - 11:14:20: [SM]   [7] Line 325, [TR]server_function.sp::FixBots
L 05/31/2021 - 11:14:20: [SM] Exception reported: Failed to grow array
L 05/31/2021 - 11:14:20: [SM] Blaming: [SilverShot]command_buffer.smx
L 05/31/2021 - 11:14:20: [SM] Call stack trace:
L 05/31/2021 - 11:14:20: [SM]   [0] ArrayList.PushString
L 05/31/2021 - 11:14:20: [SM]   [1] Line 163, [SilverShot]command_buffer.sp::InsertCommandPost
L 05/31/2021 - 11:14:20: [SM]   [3] ServerCommand
L 05/31/2021 - 11:14:20: [SM]   [4] Line 1423, [LIB]l4d2library.sp::_native_FillBots
L 05/31/2021 - 11:14:20: [SM]   [6] L4D2_FillBots
L 05/31/2021 - 11:14:20: [SM]   [7] Line 325, [TR]server_function.sp::FixBots
L 05/31/2021 - 11:14:20: [SM] Exception reported: Failed to grow array
L 05/31/2021 - 11:14:20: [SM] Blaming: [SilverShot]command_buffer.smx
L 05/31/2021 - 11:14:20: [SM] Call stack trace:
L 05/31/2021 - 11:14:20: [SM]   [0] ArrayList.PushString
L 05/31/2021 - 11:14:20: [SM]   [1] Line 163, [SilverShot]command_buffer.sp::InsertCommandPost
L 05/31/2021 - 11:14:20: [SM]   [3] ServerCommand
L 05/31/2021 - 11:14:20: [SM]   [4] Line 1423, [LIB]l4d2library.sp::_native_FillBots
L 05/31/2021 - 11:14:20: [SM]   [6] L4D2_FillBots
L 05/31/2021 - 11:14:20: [SM]   [7] Line 325, [TR]server_function.sp::FixBots
L 05/31/2021 - 11:14:20: [SM] Exception reported: Failed to grow array
L 05/31/2021 - 11:14:20: [SM] Blaming: [SilverShot]command_buffer.smx
L 05/31/2021 - 11:14:20: [SM] Call stack trace:
L 05/31/2021 - 11:14:20: [SM]   [0] ArrayList.PushString
L 05/31/2021 - 11:14:20: [SM]   [1] Line 163, [SilverShot]command_buffer.sp::InsertCommandPost
L 05/31/2021 - 11:14:20: [SM]   [3] ServerCommand
L 05/31/2021 - 11:14:20: [SM]   [4] Line 1423, [LIB]l4d2library.sp::_native_FillBots
L 05/31/2021 - 11:14:20: [SM]   [6] L4D2_FillBots
L 05/31/2021 - 11:14:20: [SM]   [7] Line 325, [TR]server_function.sp::FixBots
L 05/31/2021 - 11:14:20: [SM] Exception reported: Failed to grow array
L 05/31/2021 - 11:14:20: [SM] Blaming: [SilverShot]command_buffer.smx
L 05/31/2021 - 11:14:20: [SM] Call stack trace:
L 05/31/2021 - 11:14:20: [SM]   [0] ArrayList.PushString
L 05/31/2021 - 11:14:20: [SM]   [1] Line 163, [SilverShot]command_buffer.sp::InsertCommandPost
L 05/31/2021 - 11:14:20: [SM]   [3] ServerCommand
L 05/31/2021 - 11:14:20: [SM]   [4] Line 1423, [LIB]l4d2library.sp::_native_FillBots
L 05/31/2021 - 11:14:21: [SM]   [6] L4D2_FillBots
L 05/31/2021 - 11:14:21: [SM]   [7] Line 325, [TR]server_function.sp::FixBots
L 05/31/2021 - 11:14:21: [SM] Exception reported: Failed to grow array
L 05/31/2021 - 11:14:21: [SM] Blaming: [SilverShot]command_buffer.smx
L 05/31/2021 - 11:14:21: [SM] Call stack trace:
L 05/31/2021 - 11:14:21: [SM]   [0] ArrayList.PushString
L 05/31/2021 - 11:14:21: [SM]   [1] Line 163, [SilverShot]command_buffer.sp::InsertCommandPost
L 05/31/2021 - 11:14:21: [SM]   [3] ServerCommand
L 05/31/2021 - 11:14:21: [SM]   [4] Line 1423, [LIB]l4d2library.sp::_native_FillBots
L 05/31/2021 - 11:14:21: [SM]   [6] L4D2_FillBots
L 05/31/2021 - 11:14:21: [SM]   [7] Line 325, [TR]server_function.sp::FixBots
L 05/31/2021 - 11:14:21: [SM] Exception reported: Failed to grow array
L 05/31/2021 - 11:14:21: [SM] Blaming: [SilverShot]command_buffer.smx
L 05/31/2021 - 11:14:21: [SM] Call stack trace:
L 05/31/2021 - 11:14:21: [SM]   [0] ArrayList.PushString
L 05/31/2021 - 11:14:21: [SM]   [1] Line 163, [SilverShot]command_buffer.sp::InsertCommandPost
L 05/31/2021 - 11:14:21: [SM]   [3] ServerCommand
L 05/31/2021 - 11:14:21: [SM]   [4] Line 1423, [LIB]l4d2library.sp::_native_FillBots
L 05/31/2021 - 11:14:21: [SM]   [6] L4D2_FillBots
L 05/31/2021 - 11:14:21: [SM]   [7] Line 325, [TR]server_function.sp::FixBots
L 05/31/2021 - 11:14:21: [SM] Exception reported: Failed to grow array
L 05/31/2021 - 11:14:21: [SM] Blaming: [SilverShot]command_buffer.smx
L 05/31/2021 - 11:14:21: [SM] Call stack trace:
L 05/31/2021 - 11:14:21: [SM]   [0] ArrayList.PushString
L 05/31/2021 - 11:14:21: [SM]   [1] Line 163, [SilverShot]command_buffer.sp::InsertCommandPost
L 05/31/2021 - 11:14:21: [SM]   [3] ServerCommand
L 05/31/2021 - 11:14:21: [SM]   [4] Line 1423, [LIB]l4d2library.sp::_native_FillBots
L 05/31/2021 - 11:14:21: [SM]   [6] L4D2_FillBots
L 05/31/2021 - 11:14:21: [SM]   [7] Line 325, [TR]server_function.sp::FixBots
L 05/31/2021 - 11:14:21: [SM] Exception reported: Failed to grow array
L 05/31/2021 - 11:14:21: [SM] Blaming: [SilverShot]command_buffer.smx
L 05/31/2021 - 11:14:21: [SM] Call stack trace:
L 05/31/2021 - 11:14:21: [SM]   [0] ArrayList.PushString
L 05/31/2021 - 11:14:21: [SM]   [1] Line 163, [SilverShot]command_buffer.sp::InsertCommandPost
L 05/31/2021 - 11:14:21: [SM]   [3] ServerCommand
L 05/31/2021 - 11:14:22: [SM]   [4] Line 1423, [LIB]l4d2library.sp::_native_FillBots
L 05/31/2021 - 11:14:22: [SM]   [6] L4D2_FillBots
L 05/31/2021 - 11:14:22: [SM]   [7] Line 325, [TR]server_function.sp::FixBots
L 05/31/2021 - 11:14:22: [SM] Exception reported: Failed to grow array
L 05/31/2021 - 11:14:22: [SM] Blaming: [SilverShot]command_buffer.smx
L 05/31/2021 - 11:14:22: [SM] Call stack trace:
L 05/31/2021 - 11:14:22: [SM]   [0] ArrayList.PushString
L 05/31/2021 - 11:14:22: [SM]   [1] Line 163, [SilverShot]command_buffer.sp::InsertCommandPost
L 05/31/2021 - 11:14:22: [SM]   [3] ServerCommand
L 05/31/2021 - 11:14:22: [SM]   [4] Line 1423, [LIB]l4d2library.sp::_native_FillBots
L 05/31/2021 - 11:14:22: [SM]   [6] L4D2_FillBots
L 05/31/2021 - 11:14:22: [SM]   [7] Line 325, [TR]server_function.sp::FixBots
L 05/31/2021 - 11:14:22: [SM] Exception reported: Failed to grow array
L 05/31/2021 - 11:14:22: [SM] Blaming: [SilverShot]command_buffer.smx
L 05/31/2021 - 11:14:22: [SM] Call stack trace:
L 05/31/2021 - 11:14:22: [SM]   [0] ArrayList.PushString
L 05/31/2021 - 11:14:22: [SM]   [1] Line 163, [SilverShot]command_buffer.sp::InsertCommandPost
L 05/31/2021 - 11:14:22: [SM]   [3] ServerCommand
L 05/31/2021 - 11:14:22: [SM]   [4] Line 1423, [LIB]l4d2library.sp::_native_FillBots
L 05/31/2021 - 11:14:22: [SM]   [6] L4D2_FillBots
L 05/31/2021 - 11:14:22: [SM]   [7] Line 325, [TR]server_function.sp::FixBots
L 05/31/2021 - 11:14:22: [SM] Exception reported: Failed to grow array
L 05/31/2021 - 11:14:22: [SM] Blaming: [SilverShot]command_buffer.smx
L 05/31/2021 - 11:14:22: [SM] Call stack trace:
L 05/31/2021 - 11:14:22: [SM]   [0] ArrayList.PushString
L 05/31/2021 - 11:14:22: [SM]   [1] Line 163, [SilverShot]command_buffer.sp::InsertCommandPost
L 05/31/2021 - 11:14:22: [SM]   [3] ServerCommand
L 05/31/2021 - 11:14:22: [SM]   [4] Line 1423, [LIB]l4d2library.sp::_native_FillBots
L 05/31/2021 - 11:14:22: [SM]   [6] L4D2_FillBots
L 05/31/2021 - 11:14:22: [SM]   [7] Line 325, [TR]server_function.sp::FixBots
L 05/31/2021 - 11:14:22: [SM] Exception reported: Failed to grow array
L 05/31/2021 - 11:14:22: [SM] Blaming: [SilverShot]command_buffer.smx
L 05/31/2021 - 11:14:22: [SM] Call stack trace:
L 05/31/2021 - 11:14:22: [SM]   [0] ArrayList.PushString
L 05/31/2021 - 11:14:22: [SM]   [1] Line 163, [SilverShot]command_buffer.sp::InsertCommandPost
L 05/31/2021 - 11:14:22: [SM]   [3] ServerCommand
L 05/31/2021 - 11:14:23: [SM]   [4] Line 1423, [LIB]l4d2library.sp::_native_FillBots
L 05/31/2021 - 11:14:23: [SM]   [6] L4D2_FillBots
L 05/31/2021 - 11:14:23: [SM]   [7] Line 325, [TR]server_function.sp::FixBots
L 05/31/2021 - 11:14:23: [SM] Exception reported: Failed to grow array
L 05/31/2021 - 11:14:23: [SM] Blaming: [SilverShot]command_buffer.smx
L 05/31/2021 - 11:14:23: [SM] Call stack trace:
L 05/31/2021 - 11:14:23: [SM]   [0] ArrayList.PushString
L 05/31/2021 - 11:14:23: [SM]   [1] Line 163, [SilverShot]command_buffer.sp::InsertCommandPost
L 05/31/2021 - 11:14:23: [SM]   [3] ServerCommand
L 05/31/2021 - 11:14:23: [SM]   [4] Line 1423, [LIB]l4d2library.sp::_native_FillBots
L 05/31/2021 - 11:14:23: [SM]   [6] L4D2_FillBots
L 05/31/2021 - 11:14:23: [SM]   [7] Line 325, [TR]server_function.sp::FixBots
L 05/31/2021 - 11:14:23: [SM] Exception reported: Failed to grow array
L 05/31/2021 - 11:14:23: [SM] Blaming: [SilverShot]command_buffer.smx
L 05/31/2021 - 11:14:23: [SM] Call stack trace:
L 05/31/2021 - 11:14:23: [SM]   [0] ArrayList.PushString
L 05/31/2021 - 11:14:23: [SM]   [1] Line 163, [SilverShot]command_buffer.sp::InsertCommandPost
L 05/31/2021 - 11:14:23: [SM]   [3] ServerCommand
L 05/31/2021 - 11:14:23: [SM]   [4] Line 1423, [LIB]l4d2library.sp::_native_FillBots
L 05/31/2021 - 11:14:23: [SM]   [6] L4D2_FillBots
L 05/31/2021 - 11:14:23: [SM]   [7] Line 325, [TR]server_function.sp::FixBots
L 05/31/2021 - 11:14:23: [SM] Exception reported: Failed to grow array
L 05/31/2021 - 11:14:23: [SM] Blaming: [SilverShot]command_buffer.smx
L 05/31/2021 - 11:14:23: [SM] Call stack trace:
L 05/31/2021 - 11:14:23: [SM]   [0] ArrayList.PushString
L 05/31/2021 - 11:14:23: [SM]   [1] Line 163, [SilverShot]command_buffer.sp::InsertCommandPost
L 05/31/2021 - 11:14:23: [SM]   [3] ServerCommand
L 05/31/2021 - 11:14:23: [SM]   [4] Line 1423, [LIB]l4d2library.sp::_native_FillBots
L 05/31/2021 - 11:14:23: [SM]   [6] L4D2_FillBots
L 05/31/2021 - 11:14:23: [SM]   [7] Line 325, [TR]server_function.sp::FixBots
L 05/31/2021 - 11:14:23: [SM] Exception reported: Failed to grow array
L 05/31/2021 - 11:14:23: [SM] Blaming: [SilverShot]command_buffer.smx
L 05/31/2021 - 11:14:23: [SM] Call stack trace:
L 05/31/2021 - 11:14:23: [SM]   [0] ArrayList.PushString
L 05/31/2021 - 11:14:23: [SM]   [1] Line 163, [SilverShot]command_buffer.sp::InsertCommandPost
L 05/31/2021 - 11:14:23: [SM]   [3] ServerCommand
L 05/31/2021 - 11:14:24: [SM]   [4] Line 1423, [LIB]l4d2library.sp::_native_FillBots
L 05/31/2021 - 11:14:24: [SM]   [6] L4D2_FillBots
L 05/31/2021 - 11:14:24: [SM]   [7] Line 325, [TR]server_function.sp::FixBots
L 05/31/2021 - 11:14:24: [SM] Exception reported: Failed to grow array
L 05/31/2021 - 11:14:24: [SM] Blaming: [SilverShot]command_buffer.smx
L 05/31/2021 - 11:14:24: [SM] Call stack trace:
L 05/31/2021 - 11:14:24: [SM]   [0] ArrayList.PushString
L 05/31/2021 - 11:14:24: [SM]   [1] Line 163, [SilverShot]command_buffer.sp::InsertCommandPost
L 05/31/2021 - 11:14:24: [SM]   [3] ServerCommand
L 05/31/2021 - 11:14:24: [SM]   [4] Line 1423, [LIB]l4d2library.sp::_native_FillBots
L 05/31/2021 - 11:14:24: [SM]   [6] L4D2_FillBots
L 05/31/2021 - 11:14:24: [SM]   [7] Line 325, [TR]server_function.sp::FixBots
L 05/31/2021 - 11:14:24: [SM] Exception reported: Failed to grow array
L 05/31/2021 - 11:14:24: [SM] Blaming: [SilverShot]command_buffer.smx
L 05/31/2021 - 11:14:24: [SM] Call stack trace:
L 05/31/2021 - 11:14:24: [SM]   [0] ArrayList.PushString
L 05/31/2021 - 11:14:24: [SM]   [1] Line 163, [SilverShot]command_buffer.sp::InsertCommandPost
L 05/31/2021 - 11:14:24: [SM]   [3] ServerCommand
L 05/31/2021 - 11:14:24: [SM]   [4] Line 1423, [LIB]l4d2library.sp::_native_FillBots
L 05/31/2021 - 11:14:24: [SM]   [6] L4D2_FillBots
L 05/31/2021 - 11:14:24: [SM]   [7] Line 325, [TR]server_function.sp::FixBots
L 05/31/2021 - 11:14:24: [SM] Exception reported: Failed to grow array
L 05/31/2021 - 11:14:24: [SM] Blaming: [SilverShot]command_buffer.smx
L 05/31/2021 - 11:14:24: [SM] Call stack trace:
L 05/31/2021 - 11:14:24: [SM]   [0] ArrayList.PushString
L 05/31/2021 - 11:14:24: [SM]   [1] Line 163, [SilverShot]command_buffer.sp::InsertCommandPost
L 05/31/2021 - 11:14:24: [SM]   [3] ServerCommand
L 05/31/2021 - 11:14:24: [SM]   [4] Line 1423, [LIB]l4d2library.sp::_native_FillBots
L 05/31/2021 - 11:14:24: [SM]   [6] L4D2_FillBots
L 05/31/2021 - 11:14:24: [SM]   [7] Line 325, [TR]server_function.sp::FixBots
L 05/31/2021 - 11:14:24: [SM] Exception reported: Failed to grow array
L 05/31/2021 - 11:14:24: [SM] Blaming: [SilverShot]command_buffer.smx
L 05/31/2021 - 11:14:24: [SM] Call stack trace:
L 05/31/2021 - 11:14:24: [SM]   [0] ArrayList.PushString
L 05/31/2021 - 11:14:24: [SM]   [1] Line 163, [SilverShot]command_buffer.sp::InsertCommandPost
L 05/31/2021 - 11:14:24: [SM]   [3] ServerCommand
L 05/31/2021 - 11:14:25: [SM]   [4] Line 1423, [LIB]l4d2library.sp::_native_FillBots
L 05/31/2021 - 11:14:25: [SM]   [6] L4D2_FillBots
L 05/31/2021 - 11:14:25: [SM]   [7] Line 325, [TR]server_function.sp::FixBots
L 05/31/2021 - 11:14:25: [SM] Exception reported: Failed to grow array
L 05/31/2021 - 11:14:25: [SM] Blaming: [SilverShot]command_buffer.smx
L 05/31/2021 - 11:14:25: [SM] Call stack trace:
L 05/31/2021 - 11:14:25: [SM]   [0] ArrayList.PushString
L 05/31/2021 - 11:14:25: [SM]   [1] Line 163, [SilverShot]command_buffer.sp::InsertCommandPost
L 05/31/2021 - 11:14:25: [SM]   [3] ServerCommand
L 05/31/2021 - 11:14:25: [SM]   [4] Line 1423, [LIB]l4d2library.sp::_native_FillBots
L 05/31/2021 - 11:14:25: [SM]   [6] L4D2_FillBots
L 05/31/2021 - 11:14:25: [SM]   [7] Line 325, [TR]server_function.sp::FixBots
L 05/31/2021 - 11:14:25: [SM] Exception reported: Failed to grow array
L 05/31/2021 - 11:14:25: [SM] Blaming: [SilverShot]command_buffer.smx
L 05/31/2021 - 11:14:25: [SM] Call stack trace:
L 05/31/2021 - 11:14:25: [SM]   [0] ArrayList.PushString
L 05/31/2021 - 11:14:25: [SM]   [1] Line 163, [SilverShot]command_buffer.sp::InsertCommandPost
L 05/31/2021 - 11:14:25: [SM]   [3] ServerCommand
L 05/31/2021 - 11:14:25: [SM]   [4] Line 1423, [LIB]l4d2library.sp::_native_FillBots
L 05/31/2021 - 11:14:25: [SM]   [6] L4D2_FillBots
L 05/31/2021 - 11:14:25: [SM]   [7] Line 325, [TR]server_function.sp::FixBots
L 05/31/2021 - 11:14:25: [SM] Exception reported: Failed to grow array
L 05/31/2021 - 11:14:25: [SM] Blaming: [SilverShot]command_buffer.smx
L 05/31/2021 - 11:14:25: [SM] Call stack trace:
L 05/31/2021 - 11:14:25: [SM]   [0] ArrayList.PushString
L 05/31/2021 - 11:14:25: [SM]   [1] Line 163, [SilverShot]command_buffer.sp::InsertCommandPost
L 05/31/2021 - 11:14:25: [SM]   [3] ServerCommand
L 05/31/2021 - 11:14:25: [SM]   [4] Line 1423, [LIB]l4d2library.sp::_native_FillBots
L 05/31/2021 - 11:14:25: [SM]   [6] L4D2_FillBots
L 05/31/2021 - 11:14:25: [SM]   [7] Line 325, [TR]server_function.sp::FixBots
L 05/31/2021 - 11:14:25: [SM] Exception reported: Failed to grow array
L 05/31/2021 - 11:14:25: [SM] Blaming: [SilverShot]command_buffer.smx
L 05/31/2021 - 11:14:25: [SM] Call stack trace:
L 05/31/2021 - 11:14:25: [SM]   [0] ArrayList.PushString
L 05/31/2021 - 11:14:25: [SM]   [1] Line 163, [SilverShot]command_buffer.sp::InsertCommandPost
L 05/31/2021 - 11:14:25: [SM]   [3] ServerCommand
L 05/31/2021 - 11:14:26: [SM]   [4] Line 1423, [LIB]l4d2library.sp::_native_FillBots
L 05/31/2021 - 11:14:26: [SM]   [6] L4D2_FillBots
L 05/31/2021 - 11:14:26: [SM]   [7] Line 325, [TR]server_function.sp::FixBots
L 05/31/2021 - 11:14:26: [SM] Exception reported: Failed to grow array
L 05/31/2021 - 11:14:26: [SM] Blaming: [SilverShot]command_buffer.smx
L 05/31/2021 - 11:14:26: [SM] Call stack trace:
L 05/31/2021 - 11:14:26: [SM]   [0] ArrayList.PushString
L 05/31/2021 - 11:14:26: [SM]   [1] Line 163, [SilverShot]command_buffer.sp::InsertCommandPost
L 05/31/2021 - 11:14:26: [SM]   [3] ServerCommand
L 05/31/2021 - 11:14:26: [SM]   [4] Line 1423, [LIB]l4d2library.sp::_native_FillBots
L 05/31/2021 - 11:14:26: [SM]   [6] L4D2_FillBots
L 05/31/2021 - 11:14:26: [SM]   [7] Line 325, [TR]server_function.sp::FixBots
L 05/31/2021 - 11:14:26: [SM] Exception reported: Script execution timed out
L 05/31/2021 - 11:14:26: [SM] Blaming: [LIB]l4d2library.smx
L 05/31/2021 - 11:14:26: [SM] Call stack trace:
L 05/31/2021 - 11:14:26: [SM]   [1] Line 1423, [LIB]l4d2library.sp::_native_FillBots
L 05/31/2021 - 11:14:26: [SM]   [3] L4D2_FillBots
L 05/31/2021 - 11:14:26: [SM]   [4] Line 325, [TR]server_function.sp::FixBots
L 05/31/2021 - 11:14:51: [SM] Exception reported: Client index 0 is invalid
L 05/31/2021 - 11:14:51: [SM] Blaming: optional\[TR]specialspawner2.smx
L 05/31/2021 - 11:14:51: [SM] Call stack trace:
L 05/31/2021 - 11:14:51: [SM]   [0] GetClientTeam
L 05/31/2021 - 11:14:51: [SM]   [1] Line 793, E:\Apps\GitHubDesktop\GitHub\Tailred\addons\sourcemod\scripting\include\[LIB]l4d2library.inc::L4D2_IsSurvivor
L 05/31/2021 - 11:14:51: [SM]   [2] Line 332, [TR]specialspawner2.sp::L4D_OnFirstSurvivorLeftSafeArea
L 05/31/2021 - 11:14:51: [SM]   [4] Call_Finish
L 05/31/2021 - 11:14:51: [SM]   [5] Line 6227, [LIB]left4dhooks.sp::OnFirstSurvivorLeftSafeArea
L 05/31/2021 - 11:15:03: [SM] Exception reported: Client index 33 is invalid
L 05/31/2021 - 11:15:03: [SM] Blaming: [LIB]NavMesh_DirectInfectedSpawn.smx
L 05/31/2021 - 11:15:03: [SM] Call stack trace:
L 05/31/2021 - 11:15:03: [SM]   [0] IsClientInGame
L 05/31/2021 - 11:15:03: [SM]   [1] Line 752, [LIB]NavMesh_DirectInfectedSpawn.sp::CheckSpawnConditions
L 05/31/2021 - 11:15:03: [SM]   [2] Line 683, [LIB]NavMesh_DirectInfectedSpawn.sp::NavMeshSpawn
L 05/31/2021 - 11:15:03: [SM]   [3] Line 137, [LIB]NavMesh_DirectInfectedSpawn.sp::_native_NavMeshSpawn
L 05/31/2021 - 11:15:03: [SM]   [5] NMDIS_NavMeshSpawn
L 05/31/2021 - 11:15:03: [SM]   [6] Line 1201, [TR]specialspawner2.sp::GenerateAndExecuteSpawnQueue
L 05/31/2021 - 11:15:04: [SM]   [7] Line 1360, [TR]specialspawner2.sp::SpawnInfectedAuto
L 05/31/2021 - 11:16:19: [SM] Exception reported: Client index 0 is invalid
L 05/31/2021 - 11:16:19: [SM] Blaming: optional\[TR]specialspawner2.smx
L 05/31/2021 - 11:16:19: [SM] Call stack trace:
L 05/31/2021 - 11:16:19: [SM]   [0] GetClientTeam
L 05/31/2021 - 11:16:19: [SM]   [1] Line 793, E:\Apps\GitHubDesktop\GitHub\Tailred\addons\sourcemod\scripting\include\[LIB]l4d2library.inc::L4D2_IsSurvivor
L 05/31/2021 - 11:16:19: [SM]   [2] Line 332, [TR]specialspawner2.sp::L4D_OnFirstSurvivorLeftSafeArea
L 05/31/2021 - 11:16:19: [SM]   [4] Call_Finish
L 05/31/2021 - 11:16:20: [SM]   [5] Line 6227, [LIB]left4dhooks.sp::OnFirstSurvivorLeftSafeArea
L 05/31/2021 - 11:16:32: [SM] Exception reported: Client index 33 is invalid
L 05/31/2021 - 11:16:32: [SM] Blaming: [LIB]NavMesh_DirectInfectedSpawn.smx
L 05/31/2021 - 11:16:32: [SM] Call stack trace:
L 05/31/2021 - 11:16:32: [SM]   [0] IsClientInGame
L 05/31/2021 - 11:16:32: [SM]   [1] Line 752, [LIB]NavMesh_DirectInfectedSpawn.sp::CheckSpawnConditions
L 05/31/2021 - 11:16:32: [SM]   [2] Line 683, [LIB]NavMesh_DirectInfectedSpawn.sp::NavMeshSpawn
L 05/31/2021 - 11:16:32: [SM]   [3] Line 137, [LIB]NavMesh_DirectInfectedSpawn.sp::_native_NavMeshSpawn
L 05/31/2021 - 11:16:32: [SM]   [5] NMDIS_NavMeshSpawn
L 05/31/2021 - 11:16:32: [SM]   [6] Line 1201, [TR]specialspawner2.sp::GenerateAndExecuteSpawnQueue
L 05/31/2021 - 11:16:32: [SM]   [7] Line 1360, [TR]specialspawner2.sp::SpawnInfectedAuto
L 05/31/2021 - 11:18:01: SourceMod error session started
L 05/31/2021 - 11:18:01: Info (map "c2m1_highway") (file "e:\steam\steamapps\common\left 4 dead 2\left4dead2\addons\sourcemod\logs\errors_20210531.log")
L 05/31/2021 - 11:18:01: [SM] Exception reported: Failed to create native "NavMesh_Exists", name is probably already in use
L 05/31/2021 - 11:18:01: [SM] Blaming: [LIB]navmesh.smx
L 05/31/2021 - 11:18:01: [SM] Call stack trace:
L 05/31/2021 - 11:18:01: [SM]   [0] CreateNative
L 05/31/2021 - 11:18:01: [SM]   [1] Line 243, D:\# GitHub\gauntlet\addons\sourcemod\plugins\navmesh.sp::AskPluginLoad2
L 05/31/2021 - 11:18:01: [SM] Failed to load plugin "[LIB]navmesh.smx": unexpected error 23 in AskPluginLoad callback.
L 05/31/2021 - 11:18:16: [[TR]lgofnoc.smx] [Lgofnoc] CvarSettings: Could not find CVar specified (ss_time_min)
L 05/31/2021 - 11:18:16: [[TR]lgofnoc.smx] [Lgofnoc] CvarSettings: Could not find CVar specified (ss_time_max)
L 05/31/2021 - 11:18:22: Error log file session closed.
L 05/31/2021 - 11:24:30: SourceMod error session started
L 05/31/2021 - 11:24:30: Info (map "c2m1_highway") (file "e:\steam\steamapps\common\left 4 dead 2\left4dead2\addons\sourcemod\logs\errors_20210531.log")
L 05/31/2021 - 11:24:30: [SM] Exception reported: Failed to create native "NavMesh_Exists", name is probably already in use
L 05/31/2021 - 11:24:30: [SM] Blaming: [LIB]navmesh.smx
L 05/31/2021 - 11:24:30: [SM] Call stack trace:
L 05/31/2021 - 11:24:30: [SM]   [0] CreateNative
L 05/31/2021 - 11:24:30: [SM]   [1] Line 243, D:\# GitHub\gauntlet\addons\sourcemod\plugins\navmesh.sp::AskPluginLoad2
L 05/31/2021 - 11:24:30: [SM] Failed to load plugin "[LIB]navmesh.smx": unexpected error 23 in AskPluginLoad callback.
L 05/31/2021 - 11:24:48: [[TR]lgofnoc.smx] [Lgofnoc] CvarSettings: Could not find CVar specified (ss_time_min)
L 05/31/2021 - 11:24:48: [[TR]lgofnoc.smx] [Lgofnoc] CvarSettings: Could not find CVar specified (ss_time_max)
L 05/31/2021 - 11:24:55: Error log file session closed.
L 05/31/2021 - 11:27:44: SourceMod error session started
L 05/31/2021 - 11:27:44: Info (map "c2m1_highway") (file "e:\steam\steamapps\common\left 4 dead 2\left4dead2\addons\sourcemod\logs\errors_20210531.log")
L 05/31/2021 - 11:27:44: [SM] Exception reported: Client 1 is not in game
L 05/31/2021 - 11:27:44: [SM] Blaming: [TR]server_function.smx
L 05/31/2021 - 11:28:03: SourceMod error session started
L 05/31/2021 - 11:28:03: Info (map "c2m1_highway") (file "e:\steam\steamapps\common\left 4 dead 2\left4dead2\addons\sourcemod\logs\errors_20210531.log")
L 05/31/2021 - 11:28:03: [SM] Exception reported: Failed to create native "NavMesh_Exists", name is probably already in use
L 05/31/2021 - 11:28:04: [SM] Blaming: [LIB]navmesh.smx
L 05/31/2021 - 11:28:04: [SM] Call stack trace:
L 05/31/2021 - 11:28:04: [SM]   [0] CreateNative
L 05/31/2021 - 11:28:04: [SM]   [1] Line 243, D:\# GitHub\gauntlet\addons\sourcemod\plugins\navmesh.sp::AskPluginLoad2
L 05/31/2021 - 11:28:04: [SM] Failed to load plugin "[LIB]navmesh.smx": unexpected error 23 in AskPluginLoad callback.
L 05/31/2021 - 11:28:19: [[TR]lgofnoc.smx] [Lgofnoc] CvarSettings: Could not find CVar specified (ss_time_min)
L 05/31/2021 - 11:28:19: [[TR]lgofnoc.smx] [Lgofnoc] CvarSettings: Could not find CVar specified (ss_time_max)
L 05/31/2021 - 11:28:25: Error log file session closed.
L 05/31/2021 - 13:27:07: SourceMod error session started
L 05/31/2021 - 13:27:07: Info (map "c2m1_highway") (file "e:\steam\steamapps\common\left 4 dead 2\left4dead2\addons\sourcemod\logs\errors_20210531.log")
L 05/31/2021 - 13:27:07: [SM] Exception reported: Failed to create native "NavMesh_Exists", name is probably already in use
L 05/31/2021 - 13:27:07: [SM] Blaming: [LIB]navmesh.smx
L 05/31/2021 - 13:27:07: [SM] Call stack trace:
L 05/31/2021 - 13:27:07: [SM]   [0] CreateNative
L 05/31/2021 - 13:27:07: [SM]   [1] Line 243, D:\# GitHub\gauntlet\addons\sourcemod\plugins\navmesh.sp::AskPluginLoad2
L 05/31/2021 - 13:27:07: [SM] Failed to load plugin "[LIB]navmesh.smx": unexpected error 23 in AskPluginLoad callback.
L 05/31/2021 - 13:27:30: [New Folder\[TR]lgofnoc.smx] [Lgofnoc] CvarSettings: Could not find CVar specified (ss_time_min)
L 05/31/2021 - 13:27:30: [New Folder\[TR]lgofnoc.smx] [Lgofnoc] CvarSettings: Could not find CVar specified (ss_time_max)
L 05/31/2021 - 13:27:30: [New Folder\[TR]lgofnoc.smx] [Lgofnoc] CvarSettings: Could not find CVar specified (l4d2_pills_limit)
L 05/31/2021 - 13:27:30: [New Folder\[TR]lgofnoc.smx] [Lgofnoc] CvarSettings: Could not find CVar specified (l4d2_allow_tank_spawn)
L 05/31/2021 - 13:27:37: Error log file session closed.
L 05/31/2021 - 13:28:36: SourceMod error session started
L 05/31/2021 - 13:28:36: Info (map "c2m1_highway") (file "e:\steam\steamapps\common\left 4 dead 2\left4dead2\addons\sourcemod\logs\errors_20210531.log")
L 05/31/2021 - 13:28:36: [SM] Exception reported: Failed to create native "NavMesh_Exists", name is probably already in use
L 05/31/2021 - 13:28:36: [SM] Blaming: [LIB]navmesh.smx
L 05/31/2021 - 13:28:36: [SM] Call stack trace:
L 05/31/2021 - 13:28:36: [SM]   [0] CreateNative
L 05/31/2021 - 13:28:36: [SM]   [1] Line 243, D:\# GitHub\gauntlet\addons\sourcemod\plugins\navmesh.sp::AskPluginLoad2
L 05/31/2021 - 13:28:36: [SM] Failed to load plugin "[LIB]navmesh.smx": unexpected error 23 in AskPluginLoad callback.
L 05/31/2021 - 13:28:51: [SM] Exception reported: Script execution timed out
L 05/31/2021 - 13:28:51: [SM] Blaming: navmesh.smx
L 05/31/2021 - 13:28:51: [SM] Call stack trace:
L 05/31/2021 - 13:28:51: [SM]   [1] Line 1151, D:\# GitHub\gauntlet\addons\sourcemod\plugins\navmesh.sp::NavMeshLoad
L 05/31/2021 - 13:28:51: [SM]   [2] Line 396, D:\# GitHub\gauntlet\addons\sourcemod\plugins\navmesh.sp::OnMapStart
L 05/31/2021 - 13:29:25: SourceMod error session started
L 05/31/2021 - 13:29:25: Info (map "c2m1_highway") (file "e:\steam\steamapps\common\left 4 dead 2\left4dead2\addons\sourcemod\logs\errors_20210531.log")
L 05/31/2021 - 13:29:25: [SM] Exception reported: Failed to create native "NavMesh_Exists", name is probably already in use
L 05/31/2021 - 13:29:25: [SM] Blaming: [LIB]navmesh.smx
L 05/31/2021 - 13:29:25: [SM] Call stack trace:
L 05/31/2021 - 13:29:25: [SM]   [0] CreateNative
L 05/31/2021 - 13:29:25: [SM]   [1] Line 243, D:\# GitHub\gauntlet\addons\sourcemod\plugins\navmesh.sp::AskPluginLoad2
L 05/31/2021 - 13:29:25: [SM] Failed to load plugin "[LIB]navmesh.smx": unexpected error 23 in AskPluginLoad callback.
L 05/31/2021 - 13:38:31: SourceMod error session started
L 05/31/2021 - 13:38:31: Info (map "c2m1_highway") (file "e:\steam\steamapps\common\left 4 dead 2\left4dead2\addons\sourcemod\logs\errors_20210531.log")
L 05/31/2021 - 13:38:31: [SM] Exception reported: Client index 0 is invalid
L 05/31/2021 - 13:38:31: [SM] Blaming: optional\[TR]specialspawner2.smx
L 05/31/2021 - 13:38:31: [SM] Call stack trace:
L 05/31/2021 - 13:38:31: [SM]   [0] GetClientTeam
L 05/31/2021 - 13:38:31: [SM]   [1] Line 793, E:\Apps\GitHubDesktop\GitHub\Tailred\addons\sourcemod\scripting\include\[LIB]l4d2library.inc::L4D2_IsSurvivor
L 05/31/2021 - 13:38:31: [SM]   [2] Line 332, [TR]specialspawner2.sp::L4D_OnFirstSurvivorLeftSafeArea
L 05/31/2021 - 13:38:31: [SM]   [4] Call_Finish
L 05/31/2021 - 13:38:32: [SM]   [5] Line 6227, [LIB]left4dhooks.sp::OnFirstSurvivorLeftSafeArea
L 05/31/2021 - 13:38:46: [SM] Exception reported: Client index 33 is invalid
L 05/31/2021 - 13:38:47: [SM] Blaming: [LIB]NavMesh_DirectInfectedSpawn.smx
L 05/31/2021 - 13:38:47: [SM] Call stack trace:
L 05/31/2021 - 13:38:47: [SM]   [0] IsClientInGame
L 05/31/2021 - 13:38:47: [SM]   [1] Line 752, [LIB]NavMesh_DirectInfectedSpawn.sp::CheckSpawnConditions
L 05/31/2021 - 13:38:47: [SM]   [2] Line 683, [LIB]NavMesh_DirectInfectedSpawn.sp::NavMeshSpawn
L 05/31/2021 - 13:38:47: [SM]   [3] Line 137, [LIB]NavMesh_DirectInfectedSpawn.sp::_native_NavMeshSpawn
L 05/31/2021 - 13:38:47: [SM]   [5] NMDIS_NavMeshSpawn
L 05/31/2021 - 13:38:47: [SM]   [6] Line 1201, [TR]specialspawner2.sp::GenerateAndExecuteSpawnQueue
L 05/31/2021 - 13:38:47: [SM]   [7] Line 1360, [TR]specialspawner2.sp::SpawnInfectedAuto
L 05/31/2021 - 13:43:05: SourceMod error session started
L 05/31/2021 - 13:43:05: Info (map "c2m1_highway") (file "e:\steam\steamapps\common\left 4 dead 2\left4dead2\addons\sourcemod\logs\errors_20210531.log")
L 05/31/2021 - 13:43:05: [SM] Exception reported: String formatted incorrectly - parameter 5 (total 4)
L 05/31/2021 - 13:43:05: [SM] Blaming: [TR]l4d2_skill_detect.smx
L 05/31/2021 - 13:43:05: [SM] Call stack trace:
L 05/31/2021 - 13:43:05: [SM]   [0] VFormat
L 05/31/2021 - 13:43:05: [SM]   [1] Line 2615, [TR]l4d2_skill_detect.sp::PrintDebug
L 05/31/2021 - 13:43:05: [SM]   [2] Line 1567, [TR]l4d2_skill_detect.sp::Event_ChargeCarryStart
L 05/31/2021 - 13:43:08: [SM] Exception reported: String formatted incorrectly - parameter 9 (total 8)
L 05/31/2021 - 13:43:08: [SM] Blaming: [TR]l4d2_skill_detect.smx
L 05/31/2021 - 13:43:08: [SM] Call stack trace:
L 05/31/2021 - 13:43:08: [SM]   [0] VFormat
L 05/31/2021 - 13:43:08: [SM]   [1] Line 2615, [TR]l4d2_skill_detect.sp::PrintDebug
L 05/31/2021 - 13:43:08: [SM]   [2] Line 2507, [TR]l4d2_skill_detect.sp::HandleClear
L 05/31/2021 - 13:43:08: [SM]   [3] Line 959, [TR]l4d2_skill_detect.sp::Event_PlayerDeathPre
L 05/31/2021 - 13:43:09: [SM] Exception reported: String formatted incorrectly - parameter 9 (total 8)
L 05/31/2021 - 13:43:09: [SM] Blaming: [TR]l4d2_skill_detect.smx
L 05/31/2021 - 13:43:09: [SM] Call stack trace:
L 05/31/2021 - 13:43:09: [SM]   [0] VFormat
L 05/31/2021 - 13:43:10: [SM]   [1] Line 2615, [TR]l4d2_skill_detect.sp::PrintDebug
L 05/31/2021 - 13:43:10: [SM]   [2] Line 2507, [TR]l4d2_skill_detect.sp::HandleClear
L 05/31/2021 - 13:43:10: [SM]   [3] Line 910, [TR]l4d2_skill_detect.sp::Event_PlayerDeathPre
L 05/31/2021 - 13:43:39: [SM] Exception reported: String formatted incorrectly - parameter 9 (total 8)
L 05/31/2021 - 13:43:39: [SM] Blaming: [TR]l4d2_skill_detect.smx
L 05/31/2021 - 13:43:39: [SM] Call stack trace:
L 05/31/2021 - 13:43:39: [SM]   [0] VFormat
L 05/31/2021 - 13:43:39: [SM]   [1] Line 2615, [TR]l4d2_skill_detect.sp::PrintDebug
L 05/31/2021 - 13:43:39: [SM]   [2] Line 2507, [TR]l4d2_skill_detect.sp::HandleClear
L 05/31/2021 - 13:43:39: [SM]   [3] Line 1210, [TR]l4d2_skill_detect.sp::Event_PlayerShoved
L 05/31/2021 - 13:44:27: [SM] Exception reported: String formatted incorrectly - parameter 9 (total 8)
L 05/31/2021 - 13:44:27: [SM] Blaming: [TR]l4d2_skill_detect.smx
L 05/31/2021 - 13:44:27: [SM] Call stack trace:
L 05/31/2021 - 13:44:27: [SM]   [0] VFormat
L 05/31/2021 - 13:44:27: [SM]   [1] Line 2615, [TR]l4d2_skill_detect.sp::PrintDebug
L 05/31/2021 - 13:44:27: [SM]   [2] Line 2507, [TR]l4d2_skill_detect.sp::HandleClear
L 05/31/2021 - 13:44:27: [SM]   [3] Line 1198, [TR]l4d2_skill_detect.sp::Event_PlayerShoved
L 05/31/2021 - 13:44:30: [SM] Exception reported: String formatted incorrectly - parameter 9 (total 8)
L 05/31/2021 - 13:44:30: [SM] Blaming: [TR]l4d2_skill_detect.smx
L 05/31/2021 - 13:44:30: [SM] Call stack trace:
L 05/31/2021 - 13:44:30: [SM]   [0] VFormat
L 05/31/2021 - 13:44:30: [SM]   [1] Line 2615, [TR]l4d2_skill_detect.sp::PrintDebug
L 05/31/2021 - 13:44:30: [SM]   [2] Line 2507, [TR]l4d2_skill_detect.sp::HandleClear
L 05/31/2021 - 13:44:30: [SM]   [3] Line 2140, [TR]l4d2_skill_detect.sp::Event_TonguePullStopped
L 05/31/2021 - 13:44:33: [SM] Exception reported: String formatted incorrectly - parameter 9 (total 8)
L 05/31/2021 - 13:44:33: [SM] Blaming: [TR]l4d2_skill_detect.smx
L 05/31/2021 - 13:44:33: [SM] Call stack trace:
L 05/31/2021 - 13:44:33: [SM]   [0] VFormat
L 05/31/2021 - 13:44:33: [SM]   [1] Line 2615, [TR]l4d2_skill_detect.sp::PrintDebug
L 05/31/2021 - 13:44:33: [SM]   [2] Line 2507, [TR]l4d2_skill_detect.sp::HandleClear
L 05/31/2021 - 13:44:33: [SM]   [3] Line 942, [TR]l4d2_skill_detect.sp::Event_PlayerDeathPre
L 05/31/2021 - 13:44:43: [SM] Exception reported: String formatted incorrectly - parameter 5 (total 4)
L 05/31/2021 - 13:44:43: [SM] Blaming: [TR]l4d2_skill_detect.smx
L 05/31/2021 - 13:44:43: [SM] Call stack trace:
L 05/31/2021 - 13:44:43: [SM]   [0] VFormat
L 05/31/2021 - 13:44:43: [SM]   [1] Line 2615, [TR]l4d2_skill_detect.sp::PrintDebug
L 05/31/2021 - 13:44:43: [SM]   [2] Line 1567, [TR]l4d2_skill_detect.sp::Event_ChargeCarryStart
L 05/31/2021 - 13:44:47: [SM] Exception reported: String formatted incorrectly - parameter 6 (total 5)
L 05/31/2021 - 13:44:47: [SM] Blaming: [TR]l4d2_skill_detect.smx
L 05/31/2021 - 13:44:47: [SM] Call stack trace:
L 05/31/2021 - 13:44:47: [SM]   [0] VFormat
L 05/31/2021 - 13:44:47: [SM]   [1] Line 2615, [TR]l4d2_skill_detect.sp::PrintDebug
L 05/31/2021 - 13:44:47: [SM]   [2] Line 1656, [TR]l4d2_skill_detect.sp::Timer_DeathChargeCheck
L 05/31/2021 - 13:44:47: [SM] Exception reported: String formatted incorrectly - parameter 6 (total 5)
L 05/31/2021 - 13:44:47: [SM] Blaming: [TR]l4d2_skill_detect.smx
L 05/31/2021 - 13:44:47: [SM] Call stack trace:
L 05/31/2021 - 13:44:47: [SM]   [0] VFormat
L 05/31/2021 - 13:44:47: [SM]   [1] Line 2615, [TR]l4d2_skill_detect.sp::PrintDebug
L 05/31/2021 - 13:44:47: [SM]   [2] Line 1656, [TR]l4d2_skill_detect.sp::Timer_DeathChargeCheck
L 05/31/2021 - 13:44:47: [SM] Exception reported: String formatted incorrectly - parameter 9 (total 8)
L 05/31/2021 - 13:44:47: [SM] Blaming: [TR]l4d2_skill_detect.smx
L 05/31/2021 - 13:44:47: [SM] Call stack trace:
L 05/31/2021 - 13:44:48: [SM]   [0] VFormat
L 05/31/2021 - 13:44:48: [SM]   [1] Line 2615, [TR]l4d2_skill_detect.sp::PrintDebug
L 05/31/2021 - 13:44:48: [SM]   [2] Line 2507, [TR]l4d2_skill_detect.sp::HandleClear
L 05/31/2021 - 13:44:48: [SM]   [3] Line 959, [TR]l4d2_skill_detect.sp::Event_PlayerDeathPre
L 05/31/2021 - 13:44:50: [SM] Exception reported: String formatted incorrectly - parameter 9 (total 8)
L 05/31/2021 - 13:44:50: [SM] Blaming: [TR]l4d2_skill_detect.smx
L 05/31/2021 - 13:44:50: [SM] Call stack trace:
L 05/31/2021 - 13:44:50: [SM]   [0] VFormat
L 05/31/2021 - 13:44:50: [SM]   [1] Line 2615, [TR]l4d2_skill_detect.sp::PrintDebug
L 05/31/2021 - 13:44:50: [SM]   [2] Line 2507, [TR]l4d2_skill_detect.sp::HandleClear
L 05/31/2021 - 13:44:50: [SM]   [3] Line 910, [TR]l4d2_skill_detect.sp::Event_PlayerDeathPre
L 05/31/2021 - 13:45:03: [SM] Exception reported: String formatted incorrectly - parameter 5 (total 4)
L 05/31/2021 - 13:45:03: [SM] Blaming: [TR]l4d2_skill_detect.smx
L 05/31/2021 - 13:45:03: [SM] Call stack trace:
L 05/31/2021 - 13:45:03: [SM]   [0] VFormat
L 05/31/2021 - 13:45:03: [SM]   [1] Line 2615, [TR]l4d2_skill_detect.sp::PrintDebug
L 05/31/2021 - 13:45:03: [SM]   [2] Line 1567, [TR]l4d2_skill_detect.sp::Event_ChargeCarryStart
L 05/31/2021 - 13:45:12: [SM] Exception reported: String formatted incorrectly - parameter 9 (total 8)
L 05/31/2021 - 13:45:12: [SM] Blaming: [TR]l4d2_skill_detect.smx
L 05/31/2021 - 13:45:12: [SM] Call stack trace:
L 05/31/2021 - 13:45:12: [SM]   [0] VFormat
L 05/31/2021 - 13:45:12: [SM]   [1] Line 2615, [TR]l4d2_skill_detect.sp::PrintDebug
L 05/31/2021 - 13:45:12: [SM]   [2] Line 2507, [TR]l4d2_skill_detect.sp::HandleClear
L 05/31/2021 - 13:45:13: [SM]   [3] Line 959, [TR]l4d2_skill_detect.sp::Event_PlayerDeathPre
L 05/31/2021 - 13:45:51: SourceMod error session started
L 05/31/2021 - 13:45:51: Info (map "c2m1_highway") (file "e:\steam\steamapps\common\left 4 dead 2\left4dead2\addons\sourcemod\logs\errors_20210531.log")
L 05/31/2021 - 13:45:51: [[TR]lgofnoc.smx] [Lgofnoc] CvarSettings: Could not find CVar specified (ss_time_min)
L 05/31/2021 - 13:45:51: [[TR]lgofnoc.smx] [Lgofnoc] CvarSettings: Could not find CVar specified (ss_time_max)
L 05/31/2021 - 13:45:58: Error log file session closed.
L 05/31/2021 - 13:54:59: SourceMod error session started
L 05/31/2021 - 13:54:59: Info (map "c2m1_highway") (file "e:\steam\steamapps\common\left 4 dead 2\left4dead2\addons\sourcemod\logs\errors_20210531.log")
L 05/31/2021 - 13:54:59: [SM] Exception reported: String formatted incorrectly - parameter 9 (total 8)
L 05/31/2021 - 13:54:59: [SM] Blaming: [TR]l4d2_skill_detect.smx
L 05/31/2021 - 13:54:59: [SM] Call stack trace:
L 05/31/2021 - 13:54:59: [SM]   [0] VFormat
L 05/31/2021 - 13:54:59: [SM]   [1] Line 2615, [TR]l4d2_skill_detect.sp::PrintDebug
L 05/31/2021 - 13:54:59: [SM]   [2] Line 2507, [TR]l4d2_skill_detect.sp::HandleClear
L 05/31/2021 - 13:54:59: [SM]   [3] Line 910, [TR]l4d2_skill_detect.sp::Event_PlayerDeathPre
L 05/31/2021 - 13:54:59: [SM] Exception reported: String formatted incorrectly - parameter 9 (total 8)
L 05/31/2021 - 13:54:59: [SM] Blaming: [TR]l4d2_skill_detect.smx
L 05/31/2021 - 13:55:00: [SM] Call stack trace:
L 05/31/2021 - 13:55:00: [SM]   [0] VFormat
L 05/31/2021 - 13:55:00: [SM]   [1] Line 2615, [TR]l4d2_skill_detect.sp::PrintDebug
L 05/31/2021 - 13:55:00: [SM]   [2] Line 2507, [TR]l4d2_skill_detect.sp::HandleClear
L 05/31/2021 - 13:55:00: [SM]   [3] Line 942, [TR]l4d2_skill_detect.sp::Event_PlayerDeathPre
L 05/31/2021 - 13:57:54: SourceMod error session started
L 05/31/2021 - 13:57:54: Info (map "c2m1_highway") (file "e:\steam\steamapps\common\left 4 dead 2\left4dead2\addons\sourcemod\logs\errors_20210531.log")
L 05/31/2021 - 13:57:54: [SM] Exception reported: String formatted incorrectly - parameter 9 (total 8)
L 05/31/2021 - 13:57:54: [SM] Blaming: [TR]l4d2_skill_detect.smx
L 05/31/2021 - 13:57:54: [SM] Call stack trace:
L 05/31/2021 - 13:57:54: [SM]   [0] VFormat
L 05/31/2021 - 13:57:54: [SM]   [1] Line 2615, [TR]l4d2_skill_detect.sp::PrintDebug
L 05/31/2021 - 13:57:54: [SM]   [2] Line 2507, [TR]l4d2_skill_detect.sp::HandleClear
L 05/31/2021 - 13:57:54: [SM]   [3] Line 910, [TR]l4d2_skill_detect.sp::Event_PlayerDeathPre
L 05/31/2021 - 13:58:12: [SM] Exception reported: String formatted incorrectly - parameter 5 (total 4)
L 05/31/2021 - 13:58:12: [SM] Blaming: [TR]l4d2_skill_detect.smx
L 05/31/2021 - 13:58:12: [SM] Call stack trace:
L 05/31/2021 - 13:58:12: [SM]   [0] VFormat
L 05/31/2021 - 13:58:12: [SM]   [1] Line 2615, [TR]l4d2_skill_detect.sp::PrintDebug
L 05/31/2021 - 13:58:12: [SM]   [2] Line 1567, [TR]l4d2_skill_detect.sp::Event_ChargeCarryStart
L 05/31/2021 - 13:58:22: [SM] Exception reported: String formatted incorrectly - parameter 9 (total 8)
L 05/31/2021 - 13:58:22: [SM] Blaming: [TR]l4d2_skill_detect.smx
L 05/31/2021 - 13:58:22: [SM] Call stack trace:
L 05/31/2021 - 13:58:22: [SM]   [0] VFormat
L 05/31/2021 - 13:58:22: [SM]   [1] Line 2615, [TR]l4d2_skill_detect.sp::PrintDebug
L 05/31/2021 - 13:58:22: [SM]   [2] Line 2507, [TR]l4d2_skill_detect.sp::HandleClear
L 05/31/2021 - 13:58:22: [SM]   [3] Line 959, [TR]l4d2_skill_detect.sp::Event_PlayerDeathPre
L 05/31/2021 - 13:58:22: [SM]   [5] ForcePlayerSuicide
L 05/31/2021 - 13:58:22: [SM]   [6] Line 37, D:\builds\build-sourcemod-msvc12\windows-1.11\build\plugins\playercommands/slay.sp::PerformSlay
L 05/31/2021 - 13:58:23: [SM]   [7] Line 108, D:\builds\build-sourcemod-msvc12\windows-1.11\build\plugins\playercommands/slay.sp::MenuHandler_Slay
L 05/31/2021 - 13:58:59: [SM] Exception reported: String formatted incorrectly - parameter 9 (total 8)
L 05/31/2021 - 13:58:59: [SM] Blaming: [TR]l4d2_skill_detect.smx
L 05/31/2021 - 13:58:59: [SM] Call stack trace:
L 05/31/2021 - 13:58:59: [SM]   [0] VFormat
L 05/31/2021 - 13:58:59: [SM]   [1] Line 2615, [TR]l4d2_skill_detect.sp::PrintDebug
L 05/31/2021 - 13:58:59: [SM]   [2] Line 2507, [TR]l4d2_skill_detect.sp::HandleClear
L 05/31/2021 - 13:58:59: [SM]   [3] Line 942, [TR]l4d2_skill_detect.sp::Event_PlayerDeathPre
L 05/31/2021 - 13:58:59: [SM]   [5] ForcePlayerSuicide
L 05/31/2021 - 13:59:00: [SM]   [6] Line 37, D:\builds\build-sourcemod-msvc12\windows-1.11\build\plugins\playercommands/slay.sp::PerformSlay
L 05/31/2021 - 13:59:00: [SM]   [7] Line 108, D:\builds\build-sourcemod-msvc12\windows-1.11\build\plugins\playercommands/slay.sp::MenuHandler_Slay
L 05/31/2021 - 13:59:39: [SM] Exception reported: String formatted incorrectly - parameter 9 (total 8)
L 05/31/2021 - 13:59:39: [SM] Blaming: [TR]l4d2_skill_detect.smx
L 05/31/2021 - 13:59:39: [SM] Call stack trace:
L 05/31/2021 - 13:59:39: [SM]   [0] VFormat
L 05/31/2021 - 13:59:39: [SM]   [1] Line 2615, [TR]l4d2_skill_detect.sp::PrintDebug
L 05/31/2021 - 13:59:39: [SM]   [2] Line 2507, [TR]l4d2_skill_detect.sp::HandleClear
L 05/31/2021 - 13:59:39: [SM]   [3] Line 942, [TR]l4d2_skill_detect.sp::Event_PlayerDeathPre
L 05/31/2021 - 13:59:39: [SM]   [5] ForcePlayerSuicide
L 05/31/2021 - 13:59:39: [SM]   [6] Line 37, D:\builds\build-sourcemod-msvc12\windows-1.11\build\plugins\playercommands/slay.sp::PerformSlay
L 05/31/2021 - 13:59:39: [SM]   [7] Line 108, D:\builds\build-sourcemod-msvc12\windows-1.11\build\plugins\playercommands/slay.sp::MenuHandler_Slay
L 05/31/2021 - 13:59:53: [SM] Exception reported: String formatted incorrectly - parameter 5 (total 4)
L 05/31/2021 - 13:59:53: [SM] Blaming: [TR]l4d2_skill_detect.smx
L 05/31/2021 - 13:59:53: [SM] Call stack trace:
L 05/31/2021 - 13:59:53: [SM]   [0] VFormat
L 05/31/2021 - 13:59:53: [SM]   [1] Line 2615, [TR]l4d2_skill_detect.sp::PrintDebug
L 05/31/2021 - 13:59:53: [SM]   [2] Line 1567, [TR]l4d2_skill_detect.sp::Event_ChargeCarryStart
L 05/31/2021 - 13:59:54: [SM] Exception reported: String formatted incorrectly - parameter 9 (total 8)
L 05/31/2021 - 13:59:54: [SM] Blaming: [TR]l4d2_skill_detect.smx
L 05/31/2021 - 13:59:54: [SM] Call stack trace:
L 05/31/2021 - 13:59:54: [SM]   [0] VFormat
L 05/31/2021 - 13:59:54: [SM]   [1] Line 2615, [TR]l4d2_skill_detect.sp::PrintDebug
L 05/31/2021 - 13:59:54: [SM]   [2] Line 2507, [TR]l4d2_skill_detect.sp::HandleClear
L 05/31/2021 - 13:59:54: [SM]   [3] Line 959, [TR]l4d2_skill_detect.sp::Event_PlayerDeathPre
L 05/31/2021 - 13:59:54: [SM]   [5] ForcePlayerSuicide
L 05/31/2021 - 13:59:54: [SM]   [6] Line 37, D:\builds\build-sourcemod-msvc12\windows-1.11\build\plugins\playercommands/slay.sp::PerformSlay
L 05/31/2021 - 13:59:54: [SM]   [7] Line 108, D:\builds\build-sourcemod-msvc12\windows-1.11\build\plugins\playercommands/slay.sp::MenuHandler_Slay
L 05/31/2021 - 14:00:09: [SM] Exception reported: String formatted incorrectly - parameter 5 (total 4)
L 05/31/2021 - 14:00:09: [SM] Blaming: [TR]l4d2_skill_detect.smx
L 05/31/2021 - 14:00:09: [SM] Call stack trace:
L 05/31/2021 - 14:00:09: [SM]   [0] VFormat
L 05/31/2021 - 14:00:09: [SM]   [1] Line 2615, [TR]l4d2_skill_detect.sp::PrintDebug
L 05/31/2021 - 14:00:09: [SM]   [2] Line 1567, [TR]l4d2_skill_detect.sp::Event_ChargeCarryStart
L 05/31/2021 - 14:00:12: [SM] Exception reported: String formatted incorrectly - parameter 6 (total 5)
L 05/31/2021 - 14:00:12: [SM] Blaming: [TR]l4d2_skill_detect.smx
L 05/31/2021 - 14:00:12: [SM] Call stack trace:
L 05/31/2021 - 14:00:12: [SM]   [0] VFormat
L 05/31/2021 - 14:00:13: [SM]   [1] Line 2615, [TR]l4d2_skill_detect.sp::PrintDebug
L 05/31/2021 - 14:00:13: [SM]   [2] Line 1656, [TR]l4d2_skill_detect.sp::Timer_DeathChargeCheck
L 05/31/2021 - 14:00:14: [SM] Exception reported: String formatted incorrectly - parameter 9 (total 8)
L 05/31/2021 - 14:00:14: [SM] Blaming: [TR]l4d2_skill_detect.smx
L 05/31/2021 - 14:00:14: [SM] Call stack trace:
L 05/31/2021 - 14:00:14: [SM]   [0] VFormat
L 05/31/2021 - 14:00:14: [SM]   [1] Line 2615, [TR]l4d2_skill_detect.sp::PrintDebug
L 05/31/2021 - 14:00:14: [SM]   [2] Line 2507, [TR]l4d2_skill_detect.sp::HandleClear
L 05/31/2021 - 14:00:14: [SM]   [3] Line 959, [TR]l4d2_skill_detect.sp::Event_PlayerDeathPre
L 05/31/2021 - 14:00:14: [SM]   [5] ForcePlayerSuicide
L 05/31/2021 - 14:00:14: [SM]   [6] Line 37, D:\builds\build-sourcemod-msvc12\windows-1.11\build\plugins\playercommands/slay.sp::PerformSlay
L 05/31/2021 - 14:00:14: [SM]   [7] Line 108, D:\builds\build-sourcemod-msvc12\windows-1.11\build\plugins\playercommands/slay.sp::MenuHandler_Slay
L 05/31/2021 - 14:00:17: [SM] Exception reported: String formatted incorrectly - parameter 9 (total 8)
L 05/31/2021 - 14:00:17: [SM] Blaming: [TR]l4d2_skill_detect.smx
L 05/31/2021 - 14:00:17: [SM] Call stack trace:
L 05/31/2021 - 14:00:17: [SM]   [0] VFormat
L 05/31/2021 - 14:00:17: [SM]   [1] Line 2615, [TR]l4d2_skill_detect.sp::PrintDebug
L 05/31/2021 - 14:00:17: [SM]   [2] Line 2507, [TR]l4d2_skill_detect.sp::HandleClear
L 05/31/2021 - 14:00:17: [SM]   [3] Line 910, [TR]l4d2_skill_detect.sp::Event_PlayerDeathPre
L 05/31/2021 - 14:00:19: [SM] Exception reported: String formatted incorrectly - parameter 9 (total 8)
L 05/31/2021 - 14:00:19: [SM] Blaming: [TR]l4d2_skill_detect.smx
L 05/31/2021 - 14:00:19: [SM] Call stack trace:
L 05/31/2021 - 14:00:19: [SM]   [0] VFormat
L 05/31/2021 - 14:00:19: [SM]   [1] Line 2615, [TR]l4d2_skill_detect.sp::PrintDebug
L 05/31/2021 - 14:00:19: [SM]   [2] Line 2507, [TR]l4d2_skill_detect.sp::HandleClear
L 05/31/2021 - 14:00:19: [SM]   [3] Line 942, [TR]l4d2_skill_detect.sp::Event_PlayerDeathPre
L 05/31/2021 - 14:00:19: [SM]   [5] ForcePlayerSuicide
L 05/31/2021 - 14:00:19: [SM]   [6] Line 37, D:\builds\build-sourcemod-msvc12\windows-1.11\build\plugins\playercommands/slay.sp::PerformSlay
L 05/31/2021 - 14:00:19: [SM]   [7] Line 108, D:\builds\build-sourcemod-msvc12\windows-1.11\build\plugins\playercommands/slay.sp::MenuHandler_Slay
L 05/31/2021 - 14:00:30: [SM] Exception reported: String formatted incorrectly - parameter 5 (total 4)
L 05/31/2021 - 14:00:30: [SM] Blaming: [TR]l4d2_skill_detect.smx
L 05/31/2021 - 14:00:30: [SM] Call stack trace:
L 05/31/2021 - 14:00:30: [SM]   [0] VFormat
L 05/31/2021 - 14:00:30: [SM]   [1] Line 2615, [TR]l4d2_skill_detect.sp::PrintDebug
L 05/31/2021 - 14:00:30: [SM]   [2] Line 1567, [TR]l4d2_skill_detect.sp::Event_ChargeCarryStart
L 05/31/2021 - 14:00:33: [SM] Exception reported: String formatted incorrectly - parameter 9 (total 8)
L 05/31/2021 - 14:00:34: [SM] Blaming: [TR]l4d2_skill_detect.smx
L 05/31/2021 - 14:00:34: [SM] Call stack trace:
L 05/31/2021 - 14:00:34: [SM]   [0] VFormat
L 05/31/2021 - 14:00:34: [SM]   [1] Line 2615, [TR]l4d2_skill_detect.sp::PrintDebug
L 05/31/2021 - 14:00:34: [SM]   [2] Line 2507, [TR]l4d2_skill_detect.sp::HandleClear
L 05/31/2021 - 14:00:34: [SM]   [3] Line 959, [TR]l4d2_skill_detect.sp::Event_PlayerDeathPre
L 05/31/2021 - 14:00:35: [SM] Exception reported: Client 2 is not in game
L 05/31/2021 - 14:00:35: [SM] Blaming: optional\[TR]hardcoop.smx
L 05/31/2021 - 14:00:35: [SM] Call stack trace:
L 05/31/2021 - 14:00:35: [SM]   [0] IsPlayerAlive
L 05/31/2021 - 14:00:35: [SM]   [1] Line 302, [TR]hardcoop.sp::Tank_Distance
L 05/31/2021 - 14:00:35: [SM] Exception reported: Client 2 is not in game
L 05/31/2021 - 14:00:35: [SM] Blaming: optional\[TR]hardcoop.smx
L 05/31/2021 - 14:00:35: [SM] Call stack trace:
L 05/31/2021 - 14:00:35: [SM]   [0] IsPlayerAlive
L 05/31/2021 - 14:00:35: [SM]   [1] Line 302, [TR]hardcoop.sp::Tank_Distance
L 05/31/2021 - 14:00:46: [SM] Exception reported: String formatted incorrectly - parameter 5 (total 4)
L 05/31/2021 - 14:00:47: [SM] Blaming: [TR]l4d2_skill_detect.smx
L 05/31/2021 - 14:00:47: [SM] Call stack trace:
L 05/31/2021 - 14:00:47: [SM]   [0] VFormat
L 05/31/2021 - 14:00:47: [SM]   [1] Line 2615, [TR]l4d2_skill_detect.sp::PrintDebug
L 05/31/2021 - 14:00:47: [SM]   [2] Line 1567, [TR]l4d2_skill_detect.sp::Event_ChargeCarryStart
L 05/31/2021 - 14:00:49: [SM] Exception reported: String formatted incorrectly - parameter 6 (total 5)
L 05/31/2021 - 14:00:50: [SM] Blaming: [TR]l4d2_skill_detect.smx
L 05/31/2021 - 14:00:50: [SM] Call stack trace:
L 05/31/2021 - 14:00:50: [SM]   [0] VFormat
L 05/31/2021 - 14:00:50: [SM]   [1] Line 2615, [TR]l4d2_skill_detect.sp::PrintDebug
L 05/31/2021 - 14:00:50: [SM]   [2] Line 1656, [TR]l4d2_skill_detect.sp::Timer_DeathChargeCheck
L 05/31/2021 - 14:00:50: [SM] Exception reported: String formatted incorrectly - parameter 6 (total 5)
L 05/31/2021 - 14:00:50: [SM] Blaming: [TR]l4d2_skill_detect.smx
L 05/31/2021 - 14:00:50: [SM] Call stack trace:
L 05/31/2021 - 14:00:50: [SM]   [0] VFormat
L 05/31/2021 - 14:00:50: [SM]   [1] Line 2615, [TR]l4d2_skill_detect.sp::PrintDebug
L 05/31/2021 - 14:00:50: [SM]   [2] Line 1656, [TR]l4d2_skill_detect.sp::Timer_DeathChargeCheck
L 05/31/2021 - 14:00:53: [SM] Exception reported: String formatted incorrectly - parameter 9 (total 8)
L 05/31/2021 - 14:00:53: [SM] Blaming: [TR]l4d2_skill_detect.smx
L 05/31/2021 - 14:00:53: [SM] Call stack trace:
L 05/31/2021 - 14:00:53: [SM]   [0] VFormat
L 05/31/2021 - 14:00:53: [SM]   [1] Line 2615, [TR]l4d2_skill_detect.sp::PrintDebug
L 05/31/2021 - 14:00:53: [SM]   [2] Line 2507, [TR]l4d2_skill_detect.sp::HandleClear
L 05/31/2021 - 14:00:53: [SM]   [3] Line 959, [TR]l4d2_skill_detect.sp::Event_PlayerDeathPre
L 05/31/2021 - 14:00:56: [SM] Exception reported: String formatted incorrectly - parameter 9 (total 8)
L 05/31/2021 - 14:00:56: [SM] Blaming: [TR]l4d2_skill_detect.smx
L 05/31/2021 - 14:00:56: [SM] Call stack trace:
L 05/31/2021 - 14:00:56: [SM]   [0] VFormat
L 05/31/2021 - 14:00:56: [SM]   [1] Line 2615, [TR]l4d2_skill_detect.sp::PrintDebug
L 05/31/2021 - 14:00:56: [SM]   [2] Line 2507, [TR]l4d2_skill_detect.sp::HandleClear
L 05/31/2021 - 14:00:56: [SM]   [3] Line 1210, [TR]l4d2_skill_detect.sp::Event_PlayerShoved
L 05/31/2021 - 14:01:02: [SM] Exception reported: String formatted incorrectly - parameter 9 (total 8)
L 05/31/2021 - 14:01:02: [SM] Blaming: [TR]l4d2_skill_detect.smx
L 05/31/2021 - 14:01:02: [SM] Call stack trace:
L 05/31/2021 - 14:01:02: [SM]   [0] VFormat
L 05/31/2021 - 14:01:02: [SM]   [1] Line 2615, [TR]l4d2_skill_detect.sp::PrintDebug
L 05/31/2021 - 14:01:02: [SM]   [2] Line 2507, [TR]l4d2_skill_detect.sp::HandleClear
L 05/31/2021 - 14:01:02: [SM]   [3] Line 2140, [TR]l4d2_skill_detect.sp::Event_TonguePullStopped
L 05/31/2021 - 14:01:06: [SM] Exception reported: String formatted incorrectly - parameter 9 (total 8)
L 05/31/2021 - 14:01:06: [SM] Blaming: [TR]l4d2_skill_detect.smx
L 05/31/2021 - 14:01:06: [SM] Call stack trace:
L 05/31/2021 - 14:01:06: [SM]   [0] VFormat
L 05/31/2021 - 14:01:06: [SM]   [1] Line 2615, [TR]l4d2_skill_detect.sp::PrintDebug
L 05/31/2021 - 14:01:06: [SM]   [2] Line 2507, [TR]l4d2_skill_detect.sp::HandleClear
L 05/31/2021 - 14:01:06: [SM]   [3] Line 910, [TR]l4d2_skill_detect.sp::Event_PlayerDeathPre
L 05/31/2021 - 14:01:16: [SM] Exception reported: String formatted incorrectly - parameter 5 (total 4)
L 05/31/2021 - 14:01:16: [SM] Blaming: [TR]l4d2_skill_detect.smx
L 05/31/2021 - 14:01:17: [SM] Call stack trace:
L 05/31/2021 - 14:01:17: [SM]   [0] VFormat
L 05/31/2021 - 14:01:17: [SM]   [1] Line 2615, [TR]l4d2_skill_detect.sp::PrintDebug
L 05/31/2021 - 14:01:17: [SM]   [2] Line 1567, [TR]l4d2_skill_detect.sp::Event_ChargeCarryStart
L 05/31/2021 - 14:01:19: [SM] Exception reported: Client 5 is not in game
L 05/31/2021 - 14:01:19: [SM] Blaming: optional\[TR]hardcoop.smx
L 05/31/2021 - 14:01:19: [SM] Call stack trace:
L 05/31/2021 - 14:01:19: [SM]   [0] IsPlayerAlive
L 05/31/2021 - 14:01:19: [SM]   [1] Line 302, [TR]hardcoop.sp::Tank_Distance
L 05/31/2021 - 14:01:20: [SM] Exception reported: Client 5 is not in game
L 05/31/2021 - 14:01:20: [SM] Blaming: optional\[TR]hardcoop.smx
L 05/31/2021 - 14:01:20: [SM] Call stack trace:
L 05/31/2021 - 14:01:20: [SM]   [0] IsPlayerAlive
L 05/31/2021 - 14:01:20: [SM]   [1] Line 302, [TR]hardcoop.sp::Tank_Distance
L 05/31/2021 - 14:01:20: [SM] Exception reported: Client 5 is not in game
L 05/31/2021 - 14:01:20: [SM] Blaming: [LIB]l4d2library.smx
L 05/31/2021 - 14:01:20: [SM] Call stack trace:
L 05/31/2021 - 14:01:20: [SM]   [0] IsPlayerAlive
L 05/31/2021 - 14:01:20: [SM]   [1] Line 1606, [LIB]l4d2library.sp::_native_NearestActiveSurvivorDistance
L 05/31/2021 - 14:01:20: [SM]   [3] L4D2_NearestActiveSurvivorDistance
L 05/31/2021 - 14:01:20: [SM]   [4] Line 345, [TR]hardcoop.sp::L4D2_OnTankRunCmd
L 05/31/2021 - 14:01:20: [SM]   [6] Call_Finish
L 05/31/2021 - 14:01:20: [SM]   [7] Line 871, [LIB]l4d2library.sp::OnPlayerRunCmd
L 05/31/2021 - 14:01:20: [SM] Exception reported: Client 5 is not in game
L 05/31/2021 - 14:01:20: [SM] Blaming: [LIB]l4d2library.smx
L 05/31/2021 - 14:01:20: [SM] Call stack trace:
L 05/31/2021 - 14:01:20: [SM]   [0] IsPlayerAlive
L 05/31/2021 - 14:01:20: [SM]   [1] Line 1585, [LIB]l4d2library.sp::_native_NearestSurvivorDistance
L 05/31/2021 - 14:01:20: [SM]   [3] L4D2_NearestSurvivorDistance
L 05/31/2021 - 14:01:20: [SM]   [4] Line 587, [TR]hardcoop.sp::L4D2_OnChargerRunCmd
L 05/31/2021 - 14:01:20: [SM]   [6] Call_Finish
L 05/31/2021 - 14:01:20: [SM]   [7] Line 925, [LIB]l4d2library.sp::OnPlayerRunCmd
L 05/31/2021 - 14:01:20: [SM] Exception reported: Client 5 is not in game
L 05/31/2021 - 14:01:20: [SM] Blaming: [LIB]l4d2library.smx
L 05/31/2021 - 14:01:20: [SM] Call stack trace:
L 05/31/2021 - 14:01:20: [SM]   [0] IsPlayerAlive
L 05/31/2021 - 14:01:20: [SM]   [1] Line 1585, [LIB]l4d2library.sp::_native_NearestSurvivorDistance
L 05/31/2021 - 14:01:20: [SM]   [3] L4D2_NearestSurvivorDistance
L 05/31/2021 - 14:01:20: [SM]   [4] Line 587, [TR]hardcoop.sp::L4D2_OnChargerRunCmd
L 05/31/2021 - 14:01:20: [SM]   [6] Call_Finish
L 05/31/2021 - 14:01:20: [SM]   [7] Line 925, [LIB]l4d2library.sp::OnPlayerRunCmd
L 05/31/2021 - 14:01:20: [SM] Exception reported: Client 5 is not in game
L 05/31/2021 - 14:01:21: [SM] Blaming: [LIB]l4d2library.smx
L 05/31/2021 - 14:01:21: [SM] Call stack trace:
L 05/31/2021 - 14:01:21: [SM]   [0] IsPlayerAlive
L 05/31/2021 - 14:01:21: [SM]   [1] Line 1585, [LIB]l4d2library.sp::_native_NearestSurvivorDistance
L 05/31/2021 - 14:01:21: [SM]   [3] L4D2_NearestSurvivorDistance
L 05/31/2021 - 14:01:21: [SM]   [4] Line 587, [TR]hardcoop.sp::L4D2_OnChargerRunCmd
L 05/31/2021 - 14:01:21: [SM]   [6] Call_Finish
L 05/31/2021 - 14:01:21: [SM]   [7] Line 925, [LIB]l4d2library.sp::OnPlayerRunCmd
L 05/31/2021 - 14:01:21: [SM] Exception reported: Client 5 is not in game
L 05/31/2021 - 14:01:21: [SM] Blaming: [LIB]l4d2library.smx
L 05/31/2021 - 14:01:21: [SM] Call stack trace:
L 05/31/2021 - 14:01:21: [SM]   [0] IsPlayerAlive
L 05/31/2021 - 14:01:21: [SM]   [1] Line 1585, [LIB]l4d2library.sp::_native_NearestSurvivorDistance
L 05/31/2021 - 14:01:21: [SM]   [3] L4D2_NearestSurvivorDistance
L 05/31/2021 - 14:01:21: [SM]   [4] Line 587, [TR]hardcoop.sp::L4D2_OnChargerRunCmd
L 05/31/2021 - 14:01:21: [SM]   [6] Call_Finish
L 05/31/2021 - 14:01:21: [SM]   [7] Line 925, [LIB]l4d2library.sp::OnPlayerRunCmd
L 05/31/2021 - 14:01:21: [SM] Exception reported: Client 5 is not in game
L 05/31/2021 - 14:01:21: [SM] Blaming: [LIB]l4d2library.smx
L 05/31/2021 - 14:01:21: [SM] Call stack trace:
L 05/31/2021 - 14:01:21: [SM]   [0] IsPlayerAlive
L 05/31/2021 - 14:01:21: [SM]   [1] Line 1585, [LIB]l4d2library.sp::_native_NearestSurvivorDistance
L 05/31/2021 - 14:01:21: [SM]   [3] L4D2_NearestSurvivorDistance
L 05/31/2021 - 14:01:21: [SM]   [4] Line 587, [TR]hardcoop.sp::L4D2_OnChargerRunCmd
L 05/31/2021 - 14:01:21: [SM]   [6] Call_Finish
L 05/31/2021 - 14:01:21: [SM]   [7] Line 925, [LIB]l4d2library.sp::OnPlayerRunCmd
L 05/31/2021 - 14:01:21: [SM] Exception reported: Client 5 is not in game
L 05/31/2021 - 14:01:21: [SM] Blaming: [LIB]l4d2library.smx
L 05/31/2021 - 14:01:21: [SM] Call stack trace:
L 05/31/2021 - 14:01:21: [SM]   [0] IsPlayerAlive
L 05/31/2021 - 14:01:21: [SM]   [1] Line 1585, [LIB]l4d2library.sp::_native_NearestSurvivorDistance
L 05/31/2021 - 14:01:21: [SM]   [3] L4D2_NearestSurvivorDistance
L 05/31/2021 - 14:01:21: [SM]   [4] Line 587, [TR]hardcoop.sp::L4D2_OnChargerRunCmd
L 05/31/2021 - 14:01:21: [SM]   [6] Call_Finish
L 05/31/2021 - 14:01:21: [SM]   [7] Line 925, [LIB]l4d2library.sp::OnPlayerRunCmd
L 05/31/2021 - 14:01:25: [SM] Exception reported: Client 5 is not in game
L 05/31/2021 - 14:01:25: [SM] Blaming: optional\[TR]hardcoop.smx
L 05/31/2021 - 14:01:25: [SM] Call stack trace:
L 05/31/2021 - 14:01:25: [SM]   [0] IsPlayerAlive
L 05/31/2021 - 14:01:25: [SM]   [1] Line 302, [TR]hardcoop.sp::Tank_Distance
L 05/31/2021 - 14:01:25: [SM] Exception reported: Client 5 is not in game
L 05/31/2021 - 14:01:25: [SM] Blaming: optional\[TR]hardcoop.smx
L 05/31/2021 - 14:01:25: [SM] Call stack trace:
L 05/31/2021 - 14:01:25: [SM]   [0] IsPlayerAlive
L 05/31/2021 - 14:01:25: [SM]   [1] Line 302, [TR]hardcoop.sp::Tank_Distance
L 05/31/2021 - 14:01:25: [SM] Exception reported: Client 5 is not in game
L 05/31/2021 - 14:01:25: [SM] Blaming: [LIB]l4d2library.smx
L 05/31/2021 - 14:01:25: [SM] Call stack trace:
L 05/31/2021 - 14:01:25: [SM]   [0] IsPlayerAlive
L 05/31/2021 - 14:01:25: [SM]   [1] Line 1585, [LIB]l4d2library.sp::_native_NearestSurvivorDistance
L 05/31/2021 - 14:01:25: [SM]   [3] L4D2_NearestSurvivorDistance
L 05/31/2021 - 14:01:25: [SM]   [4] Line 587, [TR]hardcoop.sp::L4D2_OnChargerRunCmd
L 05/31/2021 - 14:01:25: [SM]   [6] Call_Finish
L 05/31/2021 - 14:01:25: [SM]   [7] Line 925, [LIB]l4d2library.sp::OnPlayerRunCmd
L 05/31/2021 - 14:01:25: [SM] Exception reported: Client 5 is not in game
L 05/31/2021 - 14:01:25: [SM] Blaming: [LIB]l4d2library.smx
L 05/31/2021 - 14:01:25: [SM] Call stack trace:
L 05/31/2021 - 14:01:25: [SM]   [0] IsPlayerAlive
L 05/31/2021 - 14:01:25: [SM]   [1] Line 1585, [LIB]l4d2library.sp::_native_NearestSurvivorDistance
L 05/31/2021 - 14:01:25: [SM]   [3] L4D2_NearestSurvivorDistance
L 05/31/2021 - 14:01:25: [SM]   [4] Line 587, [TR]hardcoop.sp::L4D2_OnChargerRunCmd
L 05/31/2021 - 14:01:25: [SM]   [6] Call_Finish
L 05/31/2021 - 14:01:25: [SM]   [7] Line 925, [LIB]l4d2library.sp::OnPlayerRunCmd
L 05/31/2021 - 14:01:26: [SM] Exception reported: Client 5 is not in game
L 05/31/2021 - 14:01:26: [SM] Blaming: [LIB]l4d2library.smx
L 05/31/2021 - 14:01:26: [SM] Call stack trace:
L 05/31/2021 - 14:01:26: [SM]   [0] IsPlayerAlive
L 05/31/2021 - 14:01:26: [SM]   [1] Line 1585, [LIB]l4d2library.sp::_native_NearestSurvivorDistance
L 05/31/2021 - 14:01:26: [SM]   [3] L4D2_NearestSurvivorDistance
L 05/31/2021 - 14:01:26: [SM]   [4] Line 587, [TR]hardcoop.sp::L4D2_OnChargerRunCmd
L 05/31/2021 - 14:01:26: [SM]   [6] Call_Finish
L 05/31/2021 - 14:01:26: [SM]   [7] Line 925, [LIB]l4d2library.sp::OnPlayerRunCmd
L 05/31/2021 - 14:01:26: [SM] Exception reported: Client 5 is not in game
L 05/31/2021 - 14:01:26: [SM] Blaming: [LIB]l4d2library.smx
L 05/31/2021 - 14:01:26: [SM] Call stack trace:
L 05/31/2021 - 14:01:26: [SM]   [0] IsPlayerAlive
L 05/31/2021 - 14:01:26: [SM]   [1] Line 1585, [LIB]l4d2library.sp::_native_NearestSurvivorDistance
L 05/31/2021 - 14:01:26: [SM]   [3] L4D2_NearestSurvivorDistance
L 05/31/2021 - 14:01:26: [SM]   [4] Line 587, [TR]hardcoop.sp::L4D2_OnChargerRunCmd
L 05/31/2021 - 14:01:26: [SM]   [6] Call_Finish
L 05/31/2021 - 14:01:26: [SM]   [7] Line 925, [LIB]l4d2library.sp::OnPlayerRunCmd
L 05/31/2021 - 14:01:26: [SM] Exception reported: Client 5 is not in game
L 05/31/2021 - 14:01:26: [SM] Blaming: optional\[TR]hardcoop.smx
L 05/31/2021 - 14:01:26: [SM] Call stack trace:
L 05/31/2021 - 14:01:26: [SM]   [0] IsPlayerAlive
L 05/31/2021 - 14:01:26: [SM]   [1] Line 302, [TR]hardcoop.sp::Tank_Distance
L 05/31/2021 - 14:01:26: [SM] Exception reported: Client 5 is not in game
L 05/31/2021 - 14:01:26: [SM] Blaming: [LIB]l4d2library.smx
L 05/31/2021 - 14:01:26: [SM] Call stack trace:
L 05/31/2021 - 14:01:26: [SM]   [0] IsPlayerAlive
L 05/31/2021 - 14:01:26: [SM]   [1] Line 1585, [LIB]l4d2library.sp::_native_NearestSurvivorDistance
L 05/31/2021 - 14:01:26: [SM]   [3] L4D2_NearestSurvivorDistance
L 05/31/2021 - 14:01:26: [SM]   [4] Line 587, [TR]hardcoop.sp::L4D2_OnChargerRunCmd
L 05/31/2021 - 14:01:26: [SM]   [6] Call_Finish
L 05/31/2021 - 14:01:26: [SM]   [7] Line 925, [LIB]l4d2library.sp::OnPlayerRunCmd
L 05/31/2021 - 14:01:26: [SM] Exception reported: Client 5 is not in game
L 05/31/2021 - 14:01:26: [SM] Blaming: [LIB]l4d2library.smx
L 05/31/2021 - 14:01:26: [SM] Call stack trace:
L 05/31/2021 - 14:01:27: [SM]   [0] IsPlayerAlive
L 05/31/2021 - 14:01:27: [SM]   [1] Line 1585, [LIB]l4d2library.sp::_native_NearestSurvivorDistance
L 05/31/2021 - 14:01:27: [SM]   [3] L4D2_NearestSurvivorDistance
L 05/31/2021 - 14:01:27: [SM]   [4] Line 587, [TR]hardcoop.sp::L4D2_OnChargerRunCmd
L 05/31/2021 - 14:01:27: [SM]   [6] Call_Finish
L 05/31/2021 - 14:01:27: [SM]   [7] Line 925, [LIB]l4d2library.sp::OnPlayerRunCmd
L 05/31/2021 - 14:01:27: [SM] Exception reported: Client 5 is not in game
L 05/31/2021 - 14:01:27: [SM] Blaming: [LIB]l4d2library.smx
L 05/31/2021 - 14:01:27: [SM] Call stack trace:
L 05/31/2021 - 14:01:27: [SM]   [0] IsPlayerAlive
L 05/31/2021 - 14:01:27: [SM]   [1] Line 1585, [LIB]l4d2library.sp::_native_NearestSurvivorDistance
L 05/31/2021 - 14:01:27: [SM]   [3] L4D2_NearestSurvivorDistance
L 05/31/2021 - 14:01:27: [SM]   [4] Line 587, [TR]hardcoop.sp::L4D2_OnChargerRunCmd
L 05/31/2021 - 14:01:27: [SM]   [6] Call_Finish
L 05/31/2021 - 14:01:27: [SM]   [7] Line 925, [LIB]l4d2library.sp::OnPlayerRunCmd
L 05/31/2021 - 14:01:27: [SM] Exception reported: Client 5 is not in game
L 05/31/2021 - 14:01:27: [SM] Blaming: [LIB]l4d2library.smx
L 05/31/2021 - 14:01:27: [SM] Call stack trace:
L 05/31/2021 - 14:01:27: [SM]   [0] IsPlayerAlive
L 05/31/2021 - 14:01:27: [SM]   [1] Line 1585, [LIB]l4d2library.sp::_native_NearestSurvivorDistance
L 05/31/2021 - 14:01:27: [SM]   [3] L4D2_NearestSurvivorDistance
L 05/31/2021 - 14:01:27: [SM]   [4] Line 587, [TR]hardcoop.sp::L4D2_OnChargerRunCmd
L 05/31/2021 - 14:01:27: [SM]   [6] Call_Finish
L 05/31/2021 - 14:01:27: [SM]   [7] Line 925, [LIB]l4d2library.sp::OnPlayerRunCmd
L 05/31/2021 - 14:01:27: [SM] Exception reported: Client 5 is not in game
L 05/31/2021 - 14:01:27: [SM] Blaming: [LIB]l4d2library.smx
L 05/31/2021 - 14:01:27: [SM] Call stack trace:
L 05/31/2021 - 14:01:27: [SM]   [0] IsPlayerAlive
L 05/31/2021 - 14:01:27: [SM]   [1] Line 1585, [LIB]l4d2library.sp::_native_NearestSurvivorDistance
L 05/31/2021 - 14:01:27: [SM]   [3] L4D2_NearestSurvivorDistance
L 05/31/2021 - 14:01:27: [SM]   [4] Line 587, [TR]hardcoop.sp::L4D2_OnChargerRunCmd
L 05/31/2021 - 14:01:27: [SM]   [6] Call_Finish
L 05/31/2021 - 14:01:27: [SM]   [7] Line 925, [LIB]l4d2library.sp::OnPlayerRunCmd
L 05/31/2021 - 14:01:27: [SM] Exception reported: Client 5 is not in game
L 05/31/2021 - 14:01:27: [SM] Blaming: [LIB]l4d2library.smx
L 05/31/2021 - 14:01:27: [SM] Call stack trace:
L 05/31/2021 - 14:01:28: [SM]   [0] IsPlayerAlive
L 05/31/2021 - 14:01:28: [SM]   [1] Line 1585, [LIB]l4d2library.sp::_native_NearestSurvivorDistance
L 05/31/2021 - 14:01:28: [SM]   [3] L4D2_NearestSurvivorDistance
L 05/31/2021 - 14:01:28: [SM]   [4] Line 587, [TR]hardcoop.sp::L4D2_OnChargerRunCmd
L 05/31/2021 - 14:01:28: [SM]   [6] Call_Finish
L 05/31/2021 - 14:01:28: [SM]   [7] Line 925, [LIB]l4d2library.sp::OnPlayerRunCmd
L 05/31/2021 - 14:01:35: [SM] Exception reported: String formatted incorrectly - parameter 9 (total 8)
L 05/31/2021 - 14:01:35: [SM] Blaming: [TR]l4d2_skill_detect.smx
L 05/31/2021 - 14:01:35: [SM] Call stack trace:
L 05/31/2021 - 14:01:35: [SM]   [0] VFormat
L 05/31/2021 - 14:01:35: [SM]   [1] Line 2615, [TR]l4d2_skill_detect.sp::PrintDebug
L 05/31/2021 - 14:01:35: [SM]   [2] Line 2507, [TR]l4d2_skill_detect.sp::HandleClear
L 05/31/2021 - 14:01:35: [SM]   [3] Line 959, [TR]l4d2_skill_detect.sp::Event_PlayerDeathPre
L 05/31/2021 - 14:01:42: [SM] Exception reported: Client 5 is not in game
L 05/31/2021 - 14:01:42: [SM] Blaming: optional\[TR]hardcoop.smx
L 05/31/2021 - 14:01:42: [SM] Call stack trace:
L 05/31/2021 - 14:01:42: [SM]   [0] IsPlayerAlive
L 05/31/2021 - 14:01:42: [SM]   [1] Line 302, [TR]hardcoop.sp::Tank_Distance
L 05/31/2021 - 14:01:46: [SM] Exception reported: String formatted incorrectly - parameter 9 (total 8)
L 05/31/2021 - 14:01:46: [SM] Blaming: [TR]l4d2_skill_detect.smx
L 05/31/2021 - 14:01:46: [SM] Call stack trace:
L 05/31/2021 - 14:01:46: [SM]   [0] VFormat
L 05/31/2021 - 14:01:46: [SM]   [1] Line 2615, [TR]l4d2_skill_detect.sp::PrintDebug
L 05/31/2021 - 14:01:47: [SM]   [2] Line 2507, [TR]l4d2_skill_detect.sp::HandleClear
L 05/31/2021 - 14:01:47: [SM]   [3] Line 1198, [TR]l4d2_skill_detect.sp::Event_PlayerShoved
L 05/31/2021 - 14:01:58: [SM] Exception reported: Client 1 is not in game
L 05/31/2021 - 14:01:59: [SM] Blaming: optional\[TR]hardcoop.smx
L 05/31/2021 - 14:01:59: [SM] Call stack trace:
L 05/31/2021 - 14:01:59: [SM]   [0] IsPlayerAlive
L 05/31/2021 - 14:01:59: [SM]   [1] Line 302, [TR]hardcoop.sp::Tank_Distance
L 05/31/2021 - 14:01:59: [SM] Exception reported: Client 1 is not in game
L 05/31/2021 - 14:01:59: [SM] Blaming: [LIB]l4d2library.smx
L 05/31/2021 - 14:01:59: [SM] Call stack trace:
L 05/31/2021 - 14:01:59: [SM]   [0] IsPlayerAlive
L 05/31/2021 - 14:01:59: [SM]   [1] Line 1585, [LIB]l4d2library.sp::_native_NearestSurvivorDistance
L 05/31/2021 - 14:01:59: [SM]   [3] L4D2_NearestSurvivorDistance
L 05/31/2021 - 14:01:59: [SM]   [4] Line 587, [TR]hardcoop.sp::L4D2_OnChargerRunCmd
L 05/31/2021 - 14:01:59: [SM]   [6] Call_Finish
L 05/31/2021 - 14:01:59: [SM]   [7] Line 925, [LIB]l4d2library.sp::OnPlayerRunCmd
L 05/31/2021 - 14:01:59: [SM] Exception reported: Client 1 is not in game
L 05/31/2021 - 14:01:59: [SM] Blaming: [LIB]l4d2library.smx
L 05/31/2021 - 14:01:59: [SM] Call stack trace:
L 05/31/2021 - 14:01:59: [SM]   [0] IsPlayerAlive
L 05/31/2021 - 14:01:59: [SM]   [1] Line 1585, [LIB]l4d2library.sp::_native_NearestSurvivorDistance
