L 05/13/2021 - 01:46:38: SourceMod log file session started (file "e:\steam\steamapps\common\left 4 dead 2\left4dead2\addons\sourcemod\logs\L20210513.log") (Version "1.11.0.6675")
L 05/13/2021 - 01:46:38: [GEOIP] GeoIP database info: GEO-106FREE 20180327 Build 1 Copyright (c) 2018 MaxMind Inc All Rights Reserved
L 05/13/2021 - 01:46:54: [basecommands.smx] "Console<0><Console><Console>" changed cvar (cvar "sv_region") (value "4")
L 05/13/2021 - 01:46:54: [basecommands.smx] "Console<0><Console><Console>" changed cvar (cvar "sv_tags") (value "hidden")
L 05/13/2021 - 01:46:54: [basecommands.smx] "Console<0><Console><Console>" changed cvar (cvar "sv_allow_wait_command") (value "0")
L 05/13/2021 - 01:46:54: [basecommands.smx] "Console<0><Console><Console>" changed cvar (cvar "sv_minrate") (value "30000")
L 05/13/2021 - 01:46:54: [basecommands.smx] "Console<0><Console><Console>" changed cvar (cvar "sv_maxrate") (value "60000")
L 05/13/2021 - 01:46:54: [basecommands.smx] "Console<0><Console><Console>" changed cvar (cvar "sv_minupdaterate") (value "30")
L 05/13/2021 - 01:46:54: [basecommands.smx] "Console<0><Console><Console>" changed cvar (cvar "sv_maxupdaterate") (value "60")
L 05/13/2021 - 01:46:54: [basecommands.smx] "Console<0><Console><Console>" changed cvar (cvar "sv_mincmdrate") (value "30")
L 05/13/2021 - 01:46:54: [basecommands.smx] "Console<0><Console><Console>" changed cvar (cvar "sv_maxcmdrate") (value "60")
L 05/13/2021 - 01:46:54: [basecommands.smx] "Console<0><Console><Console>" changed cvar (cvar "sv_client_min_interp_ratio") (value "-1")
L 05/13/2021 - 01:46:54: [basecommands.smx] "Console<0><Console><Console>" changed cvar (cvar "sv_client_max_interp_ratio") (value "0")
L 05/13/2021 - 01:46:54: [basecommands.smx] "Console<0><Console><Console>" changed cvar (cvar "nb_update_frequency") (value "0.014")
L 05/13/2021 - 01:46:54: [basecommands.smx] "Console<0><Console><Console>" changed cvar (cvar "net_splitpacket_maxrate") (value "40000")
L 05/13/2021 - 01:46:54: [basecommands.smx] "Console<0><Console><Console>" changed cvar (cvar "fps_max") (value "0")
L 05/13/2021 - 01:46:54: [basecommands.smx] "Console<0><Console><Console>" changed cvar (cvar "mp_autoteambalance") (value "0")
L 05/13/2021 - 01:46:54: [basecommands.smx] "Console<0><Console><Console>" changed cvar (cvar "sv_unlag_fixstuck") (value "1")
L 05/13/2021 - 01:46:54: [basecommands.smx] "Console<0><Console><Console>" changed cvar (cvar "z_brawl_chance") (value "0")
L 05/13/2021 - 01:46:54: [basecommands.smx] "Console<0><Console><Console>" changed cvar (cvar "sv_maxunlag") (value "1")
L 05/13/2021 - 01:46:54: [basecommands.smx] "Console<0><Console><Console>" changed cvar (cvar "sv_forcepreload") (value "1")
L 05/13/2021 - 01:46:54: [basecommands.smx] "Console<0><Console><Console>" changed cvar (cvar "sv_client_predict") (value "1")
L 05/13/2021 - 01:46:54: [basecommands.smx] "Console<0><Console><Console>" changed cvar (cvar "sv_client_cmdrate_difference") (value "0")
L 05/13/2021 - 01:46:54: [basecommands.smx] "Console<0><Console><Console>" changed cvar (cvar "sv_max_queries_sec_global") (value "10")
L 05/13/2021 - 01:46:54: [basecommands.smx] "Console<0><Console><Console>" changed cvar (cvar "sv_max_queries_sec") (value "3")
L 05/13/2021 - 01:46:54: [basecommands.smx] "Console<0><Console><Console>" changed cvar (cvar "sv_max_queries_window") (value "10")
L 05/13/2021 - 01:46:54: [basecommands.smx] "Console<0><Console><Console>" changed cvar (cvar "sv_player_stuck_tolerance") (value "5")
L 05/13/2021 - 01:46:54: [basecommands.smx] "Console<0><Console><Console>" changed cvar (cvar "sv_stats") (value "0")
L 05/13/2021 - 01:46:54: [basecommands.smx] "Console<0><Console><Console>" changed cvar (cvar "sv_clockcorrection_msecs") (value "25")
L 05/13/2021 - 01:46:59: [UPDATER] Successfully updated gamedata file "sm-cstrike.games/game.csgo.txt"
L 05/13/2021 - 01:46:59: [UPDATER] SourceMod has been updated, please reload it or restart your server.
L 05/13/2021 - 01:47:04: [SM] Changed map to "c2m1_highway"
L 05/13/2021 - 01:47:06: -------- Mapchange to c2m1_highway --------
L 05/13/2021 - 01:47:11: [basecommands.smx] "Console<0><Console><Console>" changed cvar (cvar "sv_region") (value "4")
L 05/13/2021 - 01:47:11: [basecommands.smx] "Console<0><Console><Console>" changed cvar (cvar "sv_tags") (value "hidden")
L 05/13/2021 - 01:47:11: [basecommands.smx] "Console<0><Console><Console>" changed cvar (cvar "sv_allow_wait_command") (value "0")
L 05/13/2021 - 01:47:11: [basecommands.smx] "Console<0><Console><Console>" changed cvar (cvar "sv_minrate") (value "30000")
L 05/13/2021 - 01:47:11: [basecommands.smx] "Console<0><Console><Console>" changed cvar (cvar "sv_maxrate") (value "60000")
L 05/13/2021 - 01:47:11: [basecommands.smx] "Console<0><Console><Console>" changed cvar (cvar "sv_minupdaterate") (value "30")
L 05/13/2021 - 01:47:11: [basecommands.smx] "Console<0><Console><Console>" changed cvar (cvar "sv_maxupdaterate") (value "60")
L 05/13/2021 - 01:47:11: [basecommands.smx] "Console<0><Console><Console>" changed cvar (cvar "sv_mincmdrate") (value "30")
L 05/13/2021 - 01:47:11: [basecommands.smx] "Console<0><Console><Console>" changed cvar (cvar "sv_maxcmdrate") (value "60")
L 05/13/2021 - 01:47:11: [basecommands.smx] "Console<0><Console><Console>" changed cvar (cvar "sv_client_min_interp_ratio") (value "-1")
L 05/13/2021 - 01:47:11: [basecommands.smx] "Console<0><Console><Console>" changed cvar (cvar "sv_client_max_interp_ratio") (value "0")
L 05/13/2021 - 01:47:11: [basecommands.smx] "Console<0><Console><Console>" changed cvar (cvar "nb_update_frequency") (value "0.014")
L 05/13/2021 - 01:47:11: [basecommands.smx] "Console<0><Console><Console>" changed cvar (cvar "net_splitpacket_maxrate") (value "40000")
L 05/13/2021 - 01:47:11: [basecommands.smx] "Console<0><Console><Console>" changed cvar (cvar "fps_max") (value "0")
L 05/13/2021 - 01:47:11: [basecommands.smx] "Console<0><Console><Console>" changed cvar (cvar "mp_autoteambalance") (value "0")
L 05/13/2021 - 01:47:11: [basecommands.smx] "Console<0><Console><Console>" changed cvar (cvar "sv_unlag_fixstuck") (value "1")
L 05/13/2021 - 01:47:11: [basecommands.smx] "Console<0><Console><Console>" changed cvar (cvar "z_brawl_chance") (value "0")
L 05/13/2021 - 01:47:11: [basecommands.smx] "Console<0><Console><Console>" changed cvar (cvar "sv_maxunlag") (value "1")
L 05/13/2021 - 01:47:11: [basecommands.smx] "Console<0><Console><Console>" changed cvar (cvar "sv_forcepreload") (value "1")
L 05/13/2021 - 01:47:11: [basecommands.smx] "Console<0><Console><Console>" changed cvar (cvar "sv_client_predict") (value "1")
L 05/13/2021 - 01:47:11: [basecommands.smx] "Console<0><Console><Console>" changed cvar (cvar "sv_client_cmdrate_difference") (value "0")
L 05/13/2021 - 01:47:11: [basecommands.smx] "Console<0><Console><Console>" changed cvar (cvar "sv_max_queries_sec_global") (value "10")
L 05/13/2021 - 01:47:11: [basecommands.smx] "Console<0><Console><Console>" changed cvar (cvar "sv_max_queries_sec") (value "3")
L 05/13/2021 - 01:47:11: [basecommands.smx] "Console<0><Console><Console>" changed cvar (cvar "sv_max_queries_window") (value "10")
L 05/13/2021 - 01:47:11: [basecommands.smx] "Console<0><Console><Console>" changed cvar (cvar "sv_player_stuck_tolerance") (value "5")
L 05/13/2021 - 01:47:11: [basecommands.smx] "Console<0><Console><Console>" changed cvar (cvar "sv_stats") (value "0")
L 05/13/2021 - 01:47:11: [basecommands.smx] "Console<0><Console><Console>" changed cvar (cvar "sv_clockcorrection_msecs") (value "25")
L 05/13/2021 - 01:49:17: [funcommands.smx] "古林蘭<2><STEAM_1:1:42151242><>" toggled noclip on "古林蘭<2><STEAM_1:1:42151242><>"
L 05/13/2021 - 01:49:35: [funcommands.smx] "古林蘭<2><STEAM_1:1:42151242><>" toggled noclip on "古林蘭<2><STEAM_1:1:42151242><>"
L 05/13/2021 - 01:51:42: [funcommands.smx] "古林蘭<2><STEAM_1:1:42151242><>" toggled noclip on "古林蘭<2><STEAM_1:1:42151242><>"
L 05/13/2021 - 01:51:44: [funcommands.smx] "古林蘭<2><STEAM_1:1:42151242><>" toggled noclip on "古林蘭<2><STEAM_1:1:42151242><>"
L 05/13/2021 - 01:51:58: [playercommands.smx] "古林蘭<2><STEAM_1:1:42151242><>" slayed "Smoker<7><BOT><>"
L 05/13/2021 - 01:51:58: [playercommands.smx] "古林蘭<2><STEAM_1:1:42151242><>" slayed "Hunter<8><BOT><>"
L 05/13/2021 - 01:52:00: [playercommands.smx] "古林蘭<2><STEAM_1:1:42151242><>" slayed "Spitter<961><BOT><>"
L 05/13/2021 - 03:46:56: SourceMod log file session started (file "e:\steam\steamapps\common\left 4 dead 2\left4dead2\addons\sourcemod\logs\L20210513.log") (Version "1.11.0.6675")
L 05/13/2021 - 03:46:56: [GEOIP] GeoIP database info: GEO-106FREE 20180327 Build 1 Copyright (c) 2018 MaxMind Inc All Rights Reserved
L 05/13/2021 - 03:47:11: [basecommands.smx] "Console<0><Console><Console>" changed cvar (cvar "sv_region") (value "4")
L 05/13/2021 - 03:47:11: [basecommands.smx] "Console<0><Console><Console>" changed cvar (cvar "sv_tags") (value "hidden")
L 05/13/2021 - 03:47:11: [basecommands.smx] "Console<0><Console><Console>" changed cvar (cvar "sv_allow_wait_command") (value "0")
L 05/13/2021 - 03:47:11: [basecommands.smx] "Console<0><Console><Console>" changed cvar (cvar "sv_minrate") (value "30000")
L 05/13/2021 - 03:47:11: [basecommands.smx] "Console<0><Console><Console>" changed cvar (cvar "sv_maxrate") (value "60000")
L 05/13/2021 - 03:47:11: [basecommands.smx] "Console<0><Console><Console>" changed cvar (cvar "sv_minupdaterate") (value "30")
L 05/13/2021 - 03:47:11: [basecommands.smx] "Console<0><Console><Console>" changed cvar (cvar "sv_maxupdaterate") (value "60")
L 05/13/2021 - 03:47:11: [basecommands.smx] "Console<0><Console><Console>" changed cvar (cvar "sv_mincmdrate") (value "30")
L 05/13/2021 - 03:47:11: [basecommands.smx] "Console<0><Console><Console>" changed cvar (cvar "sv_maxcmdrate") (value "60")
L 05/13/2021 - 03:47:11: [basecommands.smx] "Console<0><Console><Console>" changed cvar (cvar "sv_client_min_interp_ratio") (value "-1")
L 05/13/2021 - 03:47:11: [basecommands.smx] "Console<0><Console><Console>" changed cvar (cvar "sv_client_max_interp_ratio") (value "0")
L 05/13/2021 - 03:47:11: [basecommands.smx] "Console<0><Console><Console>" changed cvar (cvar "nb_update_frequency") (value "0.014")
L 05/13/2021 - 03:47:11: [basecommands.smx] "Console<0><Console><Console>" changed cvar (cvar "net_splitpacket_maxrate") (value "40000")
L 05/13/2021 - 03:47:11: [basecommands.smx] "Console<0><Console><Console>" changed cvar (cvar "fps_max") (value "0")
L 05/13/2021 - 03:47:11: [basecommands.smx] "Console<0><Console><Console>" changed cvar (cvar "mp_autoteambalance") (value "0")
L 05/13/2021 - 03:47:11: [basecommands.smx] "Console<0><Console><Console>" changed cvar (cvar "sv_unlag_fixstuck") (value "1")
L 05/13/2021 - 03:47:11: [basecommands.smx] "Console<0><Console><Console>" changed cvar (cvar "z_brawl_chance") (value "0")
L 05/13/2021 - 03:47:11: [basecommands.smx] "Console<0><Console><Console>" changed cvar (cvar "sv_maxunlag") (value "1")
L 05/13/2021 - 03:47:11: [basecommands.smx] "Console<0><Console><Console>" changed cvar (cvar "sv_forcepreload") (value "1")
L 05/13/2021 - 03:47:11: [basecommands.smx] "Console<0><Console><Console>" changed cvar (cvar "sv_client_predict") (value "1")
L 05/13/2021 - 03:47:11: [basecommands.smx] "Console<0><Console><Console>" changed cvar (cvar "sv_client_cmdrate_difference") (value "0")
L 05/13/2021 - 03:47:11: [basecommands.smx] "Console<0><Console><Console>" changed cvar (cvar "sv_max_queries_sec_global") (value "10")
L 05/13/2021 - 03:47:11: [basecommands.smx] "Console<0><Console><Console>" changed cvar (cvar "sv_max_queries_sec") (value "3")
L 05/13/2021 - 03:47:11: [basecommands.smx] "Console<0><Console><Console>" changed cvar (cvar "sv_max_queries_window") (value "10")
L 05/13/2021 - 03:47:11: [basecommands.smx] "Console<0><Console><Console>" changed cvar (cvar "sv_player_stuck_tolerance") (value "5")
L 05/13/2021 - 03:47:11: [basecommands.smx] "Console<0><Console><Console>" changed cvar (cvar "sv_stats") (value "0")
L 05/13/2021 - 03:47:11: [basecommands.smx] "Console<0><Console><Console>" changed cvar (cvar "sv_clockcorrection_msecs") (value "25")
L 05/13/2021 - 03:47:21: [SM] Changed map to "c2m1_highway"
L 05/13/2021 - 03:47:23: -------- Mapchange to c2m1_highway --------
L 05/13/2021 - 03:47:28: [basecommands.smx] "Console<0><Console><Console>" changed cvar (cvar "sv_region") (value "4")
L 05/13/2021 - 03:47:28: [basecommands.smx] "Console<0><Console><Console>" changed cvar (cvar "sv_tags") (value "hidden")
L 05/13/2021 - 03:47:28: [basecommands.smx] "Console<0><Console><Console>" changed cvar (cvar "sv_allow_wait_command") (value "0")
L 05/13/2021 - 03:47:28: [basecommands.smx] "Console<0><Console><Console>" changed cvar (cvar "sv_minrate") (value "30000")
L 05/13/2021 - 03:47:28: [basecommands.smx] "Console<0><Console><Console>" changed cvar (cvar "sv_maxrate") (value "60000")
L 05/13/2021 - 03:47:28: [basecommands.smx] "Console<0><Console><Console>" changed cvar (cvar "sv_minupdaterate") (value "30")
L 05/13/2021 - 03:47:28: [basecommands.smx] "Console<0><Console><Console>" changed cvar (cvar "sv_maxupdaterate") (value "60")
L 05/13/2021 - 03:47:28: [basecommands.smx] "Console<0><Console><Console>" changed cvar (cvar "sv_mincmdrate") (value "30")
L 05/13/2021 - 03:47:28: [basecommands.smx] "Console<0><Console><Console>" changed cvar (cvar "sv_maxcmdrate") (value "60")
L 05/13/2021 - 03:47:28: [basecommands.smx] "Console<0><Console><Console>" changed cvar (cvar "sv_client_min_interp_ratio") (value "-1")
L 05/13/2021 - 03:47:28: [basecommands.smx] "Console<0><Console><Console>" changed cvar (cvar "sv_client_max_interp_ratio") (value "0")
L 05/13/2021 - 03:47:28: [basecommands.smx] "Console<0><Console><Console>" changed cvar (cvar "nb_update_frequency") (value "0.014")
L 05/13/2021 - 03:47:28: [basecommands.smx] "Console<0><Console><Console>" changed cvar (cvar "net_splitpacket_maxrate") (value "40000")
L 05/13/2021 - 03:47:28: [basecommands.smx] "Console<0><Console><Console>" changed cvar (cvar "fps_max") (value "0")
L 05/13/2021 - 03:47:28: [basecommands.smx] "Console<0><Console><Console>" changed cvar (cvar "mp_autoteambalance") (value "0")
L 05/13/2021 - 03:47:28: [basecommands.smx] "Console<0><Console><Console>" changed cvar (cvar "sv_unlag_fixstuck") (value "1")
L 05/13/2021 - 03:47:28: [basecommands.smx] "Console<0><Console><Console>" changed cvar (cvar "z_brawl_chance") (value "0")
L 05/13/2021 - 03:47:28: [basecommands.smx] "Console<0><Console><Console>" changed cvar (cvar "sv_maxunlag") (value "1")
L 05/13/2021 - 03:47:28: [basecommands.smx] "Console<0><Console><Console>" changed cvar (cvar "sv_forcepreload") (value "1")
L 05/13/2021 - 03:47:28: [basecommands.smx] "Console<0><Console><Console>" changed cvar (cvar "sv_client_predict") (value "1")
L 05/13/2021 - 03:47:28: [basecommands.smx] "Console<0><Console><Console>" changed cvar (cvar "sv_client_cmdrate_difference") (value "0")
L 05/13/2021 - 03:47:28: [basecommands.smx] "Console<0><Console><Console>" changed cvar (cvar "sv_max_queries_sec_global") (value "10")
L 05/13/2021 - 03:47:28: [basecommands.smx] "Console<0><Console><Console>" changed cvar (cvar "sv_max_queries_sec") (value "3")
L 05/13/2021 - 03:47:28: [basecommands.smx] "Console<0><Console><Console>" changed cvar (cvar "sv_max_queries_window") (value "10")
L 05/13/2021 - 03:47:28: [basecommands.smx] "Console<0><Console><Console>" changed cvar (cvar "sv_player_stuck_tolerance") (value "5")
L 05/13/2021 - 03:47:28: [basecommands.smx] "Console<0><Console><Console>" changed cvar (cvar "sv_stats") (value "0")
L 05/13/2021 - 03:47:28: [basecommands.smx] "Console<0><Console><Console>" changed cvar (cvar "sv_clockcorrection_msecs") (value "25")
L 05/13/2021 - 03:49:02: [playercommands.smx] "古林蘭<2><STEAM_1:1:42151242><>" slayed "Smoker<7><BOT><>"
L 05/13/2021 - 03:49:09: [playercommands.smx] "古林蘭<2><STEAM_1:1:42151242><>" slayed "Boomer<8><BOT><>"
L 05/13/2021 - 03:49:10: [playercommands.smx] "古林蘭<2><STEAM_1:1:42151242><>" slayed "Spitter<9><BOT><>"
L 05/13/2021 - 03:49:34: [playercommands.smx] "古林蘭<2><STEAM_1:1:42151242><>" slayed "Hunter<39><BOT><>"
L 05/13/2021 - 03:49:34: [playercommands.smx] "古林蘭<2><STEAM_1:1:42151242><>" slayed "Jockey<40><BOT><>"
L 05/13/2021 - 03:50:01: SourceMod log file session started (file "e:\steam\steamapps\common\left 4 dead 2\left4dead2\addons\sourcemod\logs\L20210513.log") (Version "1.11.0.6675")
L 05/13/2021 - 03:50:01: [GEOIP] GeoIP database info: GEO-106FREE 20180327 Build 1 Copyright (c) 2018 MaxMind Inc All Rights Reserved
L 05/13/2021 - 03:50:09: [basecommands.smx] "Console<0><Console><Console>" changed cvar (cvar "sv_region") (value "4")
L 05/13/2021 - 03:50:09: [basecommands.smx] "Console<0><Console><Console>" changed cvar (cvar "sv_tags") (value "hidden")
L 05/13/2021 - 03:50:09: [basecommands.smx] "Console<0><Console><Console>" changed cvar (cvar "sv_allow_wait_command") (value "0")
L 05/13/2021 - 03:50:09: [basecommands.smx] "Console<0><Console><Console>" changed cvar (cvar "sv_minrate") (value "30000")
L 05/13/2021 - 03:50:09: [basecommands.smx] "Console<0><Console><Console>" changed cvar (cvar "sv_maxrate") (value "60000")
L 05/13/2021 - 03:50:09: [basecommands.smx] "Console<0><Console><Console>" changed cvar (cvar "sv_minupdaterate") (value "30")
L 05/13/2021 - 03:50:09: [basecommands.smx] "Console<0><Console><Console>" changed cvar (cvar "sv_maxupdaterate") (value "60")
L 05/13/2021 - 03:50:09: [basecommands.smx] "Console<0><Console><Console>" changed cvar (cvar "sv_mincmdrate") (value "30")
L 05/13/2021 - 03:50:09: [basecommands.smx] "Console<0><Console><Console>" changed cvar (cvar "sv_maxcmdrate") (value "60")
L 05/13/2021 - 03:50:09: [basecommands.smx] "Console<0><Console><Console>" changed cvar (cvar "sv_client_min_interp_ratio") (value "-1")
L 05/13/2021 - 03:50:09: [basecommands.smx] "Console<0><Console><Console>" changed cvar (cvar "sv_client_max_interp_ratio") (value "0")
L 05/13/2021 - 03:50:09: [basecommands.smx] "Console<0><Console><Console>" changed cvar (cvar "nb_update_frequency") (value "0.014")
L 05/13/2021 - 03:50:09: [basecommands.smx] "Console<0><Console><Console>" changed cvar (cvar "net_splitpacket_maxrate") (value "40000")
L 05/13/2021 - 03:50:09: [basecommands.smx] "Console<0><Console><Console>" changed cvar (cvar "fps_max") (value "0")
L 05/13/2021 - 03:50:09: [basecommands.smx] "Console<0><Console><Console>" changed cvar (cvar "mp_autoteambalance") (value "0")
L 05/13/2021 - 03:50:09: [basecommands.smx] "Console<0><Console><Console>" changed cvar (cvar "sv_unlag_fixstuck") (value "1")
L 05/13/2021 - 03:50:09: [basecommands.smx] "Console<0><Console><Console>" changed cvar (cvar "z_brawl_chance") (value "0")
L 05/13/2021 - 03:50:09: [basecommands.smx] "Console<0><Console><Console>" changed cvar (cvar "sv_maxunlag") (value "1")
L 05/13/2021 - 03:50:09: [basecommands.smx] "Console<0><Console><Console>" changed cvar (cvar "sv_forcepreload") (value "1")
L 05/13/2021 - 03:50:09: [basecommands.smx] "Console<0><Console><Console>" changed cvar (cvar "sv_client_predict") (value "1")
L 05/13/2021 - 03:50:09: [basecommands.smx] "Console<0><Console><Console>" changed cvar (cvar "sv_client_cmdrate_difference") (value "0")
L 05/13/2021 - 03:50:09: [basecommands.smx] "Console<0><Console><Console>" changed cvar (cvar "sv_max_queries_sec_global") (value "10")
L 05/13/2021 - 03:50:09: [basecommands.smx] "Console<0><Console><Console>" changed cvar (cvar "sv_max_queries_sec") (value "3")
L 05/13/2021 - 03:50:09: [basecommands.smx] "Console<0><Console><Console>" changed cvar (cvar "sv_max_queries_window") (value "10")
L 05/13/2021 - 03:50:09: [basecommands.smx] "Console<0><Console><Console>" changed cvar (cvar "sv_player_stuck_tolerance") (value "5")
L 05/13/2021 - 03:50:09: [basecommands.smx] "Console<0><Console><Console>" changed cvar (cvar "sv_stats") (value "0")
L 05/13/2021 - 03:50:09: [basecommands.smx] "Console<0><Console><Console>" changed cvar (cvar "sv_clockcorrection_msecs") (value "25")
L 05/13/2021 - 03:50:18: [SM] Changed map to "c2m1_highway"
L 05/13/2021 - 03:50:20: -------- Mapchange to c2m1_highway --------
L 05/13/2021 - 03:50:25: [basecommands.smx] "Console<0><Console><Console>" changed cvar (cvar "sv_region") (value "4")
L 05/13/2021 - 03:50:25: [basecommands.smx] "Console<0><Console><Console>" changed cvar (cvar "sv_tags") (value "hidden")
L 05/13/2021 - 03:50:25: [basecommands.smx] "Console<0><Console><Console>" changed cvar (cvar "sv_allow_wait_command") (value "0")
L 05/13/2021 - 03:50:25: [basecommands.smx] "Console<0><Console><Console>" changed cvar (cvar "sv_minrate") (value "30000")
L 05/13/2021 - 03:50:25: [basecommands.smx] "Console<0><Console><Console>" changed cvar (cvar "sv_maxrate") (value "60000")
L 05/13/2021 - 03:50:25: [basecommands.smx] "Console<0><Console><Console>" changed cvar (cvar "sv_minupdaterate") (value "30")
L 05/13/2021 - 03:50:25: [basecommands.smx] "Console<0><Console><Console>" changed cvar (cvar "sv_maxupdaterate") (value "60")
L 05/13/2021 - 03:50:25: [basecommands.smx] "Console<0><Console><Console>" changed cvar (cvar "sv_mincmdrate") (value "30")
L 05/13/2021 - 03:50:25: [basecommands.smx] "Console<0><Console><Console>" changed cvar (cvar "sv_maxcmdrate") (value "60")
L 05/13/2021 - 03:50:25: [basecommands.smx] "Console<0><Console><Console>" changed cvar (cvar "sv_client_min_interp_ratio") (value "-1")
L 05/13/2021 - 03:50:25: [basecommands.smx] "Console<0><Console><Console>" changed cvar (cvar "sv_client_max_interp_ratio") (value "0")
L 05/13/2021 - 03:50:25: [basecommands.smx] "Console<0><Console><Console>" changed cvar (cvar "nb_update_frequency") (value "0.014")
L 05/13/2021 - 03:50:25: [basecommands.smx] "Console<0><Console><Console>" changed cvar (cvar "net_splitpacket_maxrate") (value "40000")
L 05/13/2021 - 03:50:25: [basecommands.smx] "Console<0><Console><Console>" changed cvar (cvar "fps_max") (value "0")
L 05/13/2021 - 03:50:25: [basecommands.smx] "Console<0><Console><Console>" changed cvar (cvar "mp_autoteambalance") (value "0")
L 05/13/2021 - 03:50:25: [basecommands.smx] "Console<0><Console><Console>" changed cvar (cvar "sv_unlag_fixstuck") (value "1")
L 05/13/2021 - 03:50:25: [basecommands.smx] "Console<0><Console><Console>" changed cvar (cvar "z_brawl_chance") (value "0")
L 05/13/2021 - 03:50:25: [basecommands.smx] "Console<0><Console><Console>" changed cvar (cvar "sv_maxunlag") (value "1")
L 05/13/2021 - 03:50:25: [basecommands.smx] "Console<0><Console><Console>" changed cvar (cvar "sv_forcepreload") (value "1")
L 05/13/2021 - 03:50:25: [basecommands.smx] "Console<0><Console><Console>" changed cvar (cvar "sv_client_predict") (value "1")
L 05/13/2021 - 03:50:25: [basecommands.smx] "Console<0><Console><Console>" changed cvar (cvar "sv_client_cmdrate_difference") (value "0")
L 05/13/2021 - 03:50:25: [basecommands.smx] "Console<0><Console><Console>" changed cvar (cvar "sv_max_queries_sec_global") (value "10")
L 05/13/2021 - 03:50:25: [basecommands.smx] "Console<0><Console><Console>" changed cvar (cvar "sv_max_queries_sec") (value "3")
L 05/13/2021 - 03:50:25: [basecommands.smx] "Console<0><Console><Console>" changed cvar (cvar "sv_max_queries_window") (value "10")
L 05/13/2021 - 03:50:25: [basecommands.smx] "Console<0><Console><Console>" changed cvar (cvar "sv_player_stuck_tolerance") (value "5")
L 05/13/2021 - 03:50:25: [basecommands.smx] "Console<0><Console><Console>" changed cvar (cvar "sv_stats") (value "0")
L 05/13/2021 - 03:50:25: [basecommands.smx] "Console<0><Console><Console>" changed cvar (cvar "sv_clockcorrection_msecs") (value "25")
L 05/13/2021 - 03:52:02: [playercommands.smx] "古林蘭<2><STEAM_1:1:42151242><>" slayed "Smoker<6><BOT><>"
L 05/13/2021 - 03:52:02: [playercommands.smx] "古林蘭<2><STEAM_1:1:42151242><>" slayed "Hunter<7><BOT><>"
L 05/13/2021 - 03:52:03: [playercommands.smx] "古林蘭<2><STEAM_1:1:42151242><>" slayed "Spitter<8><BOT><>"
L 05/13/2021 - 03:52:34: [playercommands.smx] "古林蘭<2><STEAM_1:1:42151242><>" slayed "Hunter<28><BOT><>"
L 05/13/2021 - 03:52:35: [playercommands.smx] "古林蘭<2><STEAM_1:1:42151242><>" slayed "Spitter<29><BOT><>"
L 05/13/2021 - 03:52:35: [playercommands.smx] "古林蘭<2><STEAM_1:1:42151242><>" slayed "Charger<30><BOT><>"
L 05/13/2021 - 03:53:01: [playercommands.smx] "古林蘭<2><STEAM_1:1:42151242><>" slayed "Hunter<48><BOT><>"
L 05/13/2021 - 03:53:02: [playercommands.smx] "古林蘭<2><STEAM_1:1:42151242><>" slayed "Spitter<49><BOT><>"
L 05/13/2021 - 03:53:02: [playercommands.smx] "古林蘭<2><STEAM_1:1:42151242><>" slayed "Charger<50><BOT><>"
L 05/13/2021 - 03:57:24: SourceMod log file session started (file "e:\steam\steamapps\common\left 4 dead 2\left4dead2\addons\sourcemod\logs\L20210513.log") (Version "1.11.0.6675")
L 05/13/2021 - 03:57:24: [GEOIP] GeoIP database info: GEO-106FREE 20180327 Build 1 Copyright (c) 2018 MaxMind Inc All Rights Reserved
L 05/13/2021 - 03:57:32: [basecommands.smx] "Console<0><Console><Console>" changed cvar (cvar "sv_region") (value "4")
L 05/13/2021 - 03:57:32: [basecommands.smx] "Console<0><Console><Console>" changed cvar (cvar "sv_tags") (value "hidden")
L 05/13/2021 - 03:57:32: [basecommands.smx] "Console<0><Console><Console>" changed cvar (cvar "sv_allow_wait_command") (value "0")
L 05/13/2021 - 03:57:32: [basecommands.smx] "Console<0><Console><Console>" changed cvar (cvar "sv_minrate") (value "30000")
L 05/13/2021 - 03:57:32: [basecommands.smx] "Console<0><Console><Console>" changed cvar (cvar "sv_maxrate") (value "60000")
L 05/13/2021 - 03:57:32: [basecommands.smx] "Console<0><Console><Console>" changed cvar (cvar "sv_minupdaterate") (value "30")
L 05/13/2021 - 03:57:32: [basecommands.smx] "Console<0><Console><Console>" changed cvar (cvar "sv_maxupdaterate") (value "60")
L 05/13/2021 - 03:57:32: [basecommands.smx] "Console<0><Console><Console>" changed cvar (cvar "sv_mincmdrate") (value "30")
L 05/13/2021 - 03:57:32: [basecommands.smx] "Console<0><Console><Console>" changed cvar (cvar "sv_maxcmdrate") (value "60")
L 05/13/2021 - 03:57:32: [basecommands.smx] "Console<0><Console><Console>" changed cvar (cvar "sv_client_min_interp_ratio") (value "-1")
L 05/13/2021 - 03:57:32: [basecommands.smx] "Console<0><Console><Console>" changed cvar (cvar "sv_client_max_interp_ratio") (value "0")
L 05/13/2021 - 03:57:32: [basecommands.smx] "Console<0><Console><Console>" changed cvar (cvar "nb_update_frequency") (value "0.014")
L 05/13/2021 - 03:57:32: [basecommands.smx] "Console<0><Console><Console>" changed cvar (cvar "net_splitpacket_maxrate") (value "40000")
L 05/13/2021 - 03:57:32: [basecommands.smx] "Console<0><Console><Console>" changed cvar (cvar "fps_max") (value "0")
L 05/13/2021 - 03:57:32: [basecommands.smx] "Console<0><Console><Console>" changed cvar (cvar "mp_autoteambalance") (value "0")
L 05/13/2021 - 03:57:32: [basecommands.smx] "Console<0><Console><Console>" changed cvar (cvar "sv_unlag_fixstuck") (value "1")
L 05/13/2021 - 03:57:32: [basecommands.smx] "Console<0><Console><Console>" changed cvar (cvar "z_brawl_chance") (value "0")
L 05/13/2021 - 03:57:32: [basecommands.smx] "Console<0><Console><Console>" changed cvar (cvar "sv_maxunlag") (value "1")
L 05/13/2021 - 03:57:32: [basecommands.smx] "Console<0><Console><Console>" changed cvar (cvar "sv_forcepreload") (value "1")
L 05/13/2021 - 03:57:32: [basecommands.smx] "Console<0><Console><Console>" changed cvar (cvar "sv_client_predict") (value "1")
L 05/13/2021 - 03:57:32: [basecommands.smx] "Console<0><Console><Console>" changed cvar (cvar "sv_client_cmdrate_difference") (value "0")
L 05/13/2021 - 03:57:32: [basecommands.smx] "Console<0><Console><Console>" changed cvar (cvar "sv_max_queries_sec_global") (value "10")
L 05/13/2021 - 03:57:32: [basecommands.smx] "Console<0><Console><Console>" changed cvar (cvar "sv_max_queries_sec") (value "3")
L 05/13/2021 - 03:57:32: [basecommands.smx] "Console<0><Console><Console>" changed cvar (cvar "sv_max_queries_window") (value "10")
L 05/13/2021 - 03:57:32: [basecommands.smx] "Console<0><Console><Console>" changed cvar (cvar "sv_player_stuck_tolerance") (value "5")
L 05/13/2021 - 03:57:32: [basecommands.smx] "Console<0><Console><Console>" changed cvar (cvar "sv_stats") (value "0")
L 05/13/2021 - 03:57:32: [basecommands.smx] "Console<0><Console><Console>" changed cvar (cvar "sv_clockcorrection_msecs") (value "25")
L 05/13/2021 - 03:57:42: [SM] Changed map to "c2m1_highway"
L 05/13/2021 - 03:57:43: -------- Mapchange to c2m1_highway --------
L 05/13/2021 - 03:57:48: [basecommands.smx] "Console<0><Console><Console>" changed cvar (cvar "sv_region") (value "4")
L 05/13/2021 - 03:57:48: [basecommands.smx] "Console<0><Console><Console>" changed cvar (cvar "sv_tags") (value "hidden")
L 05/13/2021 - 03:57:48: [basecommands.smx] "Console<0><Console><Console>" changed cvar (cvar "sv_allow_wait_command") (value "0")
L 05/13/2021 - 03:57:48: [basecommands.smx] "Console<0><Console><Console>" changed cvar (cvar "sv_minrate") (value "30000")
L 05/13/2021 - 03:57:48: [basecommands.smx] "Console<0><Console><Console>" changed cvar (cvar "sv_maxrate") (value "60000")
L 05/13/2021 - 03:57:48: [basecommands.smx] "Console<0><Console><Console>" changed cvar (cvar "sv_minupdaterate") (value "30")
L 05/13/2021 - 03:57:48: [basecommands.smx] "Console<0><Console><Console>" changed cvar (cvar "sv_maxupdaterate") (value "60")
L 05/13/2021 - 03:57:48: [basecommands.smx] "Console<0><Console><Console>" changed cvar (cvar "sv_mincmdrate") (value "30")
L 05/13/2021 - 03:57:48: [basecommands.smx] "Console<0><Console><Console>" changed cvar (cvar "sv_maxcmdrate") (value "60")
L 05/13/2021 - 03:57:48: [basecommands.smx] "Console<0><Console><Console>" changed cvar (cvar "sv_client_min_interp_ratio") (value "-1")
L 05/13/2021 - 03:57:48: [basecommands.smx] "Console<0><Console><Console>" changed cvar (cvar "sv_client_max_interp_ratio") (value "0")
L 05/13/2021 - 03:57:48: [basecommands.smx] "Console<0><Console><Console>" changed cvar (cvar "nb_update_frequency") (value "0.014")
L 05/13/2021 - 03:57:48: [basecommands.smx] "Console<0><Console><Console>" changed cvar (cvar "net_splitpacket_maxrate") (value "40000")
L 05/13/2021 - 03:57:48: [basecommands.smx] "Console<0><Console><Console>" changed cvar (cvar "fps_max") (value "0")
L 05/13/2021 - 03:57:48: [basecommands.smx] "Console<0><Console><Console>" changed cvar (cvar "mp_autoteambalance") (value "0")
L 05/13/2021 - 03:57:48: [basecommands.smx] "Console<0><Console><Console>" changed cvar (cvar "sv_unlag_fixstuck") (value "1")
L 05/13/2021 - 03:57:48: [basecommands.smx] "Console<0><Console><Console>" changed cvar (cvar "z_brawl_chance") (value "0")
L 05/13/2021 - 03:57:48: [basecommands.smx] "Console<0><Console><Console>" changed cvar (cvar "sv_maxunlag") (value "1")
L 05/13/2021 - 03:57:48: [basecommands.smx] "Console<0><Console><Console>" changed cvar (cvar "sv_forcepreload") (value "1")
L 05/13/2021 - 03:57:48: [basecommands.smx] "Console<0><Console><Console>" changed cvar (cvar "sv_client_predict") (value "1")
L 05/13/2021 - 03:57:48: [basecommands.smx] "Console<0><Console><Console>" changed cvar (cvar "sv_client_cmdrate_difference") (value "0")
L 05/13/2021 - 03:57:48: [basecommands.smx] "Console<0><Console><Console>" changed cvar (cvar "sv_max_queries_sec_global") (value "10")
L 05/13/2021 - 03:57:48: [basecommands.smx] "Console<0><Console><Console>" changed cvar (cvar "sv_max_queries_sec") (value "3")
L 05/13/2021 - 03:57:48: [basecommands.smx] "Console<0><Console><Console>" changed cvar (cvar "sv_max_queries_window") (value "10")
L 05/13/2021 - 03:57:48: [basecommands.smx] "Console<0><Console><Console>" changed cvar (cvar "sv_player_stuck_tolerance") (value "5")
L 05/13/2021 - 03:57:48: [basecommands.smx] "Console<0><Console><Console>" changed cvar (cvar "sv_stats") (value "0")
L 05/13/2021 - 03:57:48: [basecommands.smx] "Console<0><Console><Console>" changed cvar (cvar "sv_clockcorrection_msecs") (value "25")
L 05/13/2021 - 03:59:58: [playercommands.smx] "古林蘭<2><STEAM_1:1:42151242><>" slayed "Smoker<6><BOT><>"
L 05/13/2021 - 03:59:58: [playercommands.smx] "古林蘭<2><STEAM_1:1:42151242><>" slayed "Spitter<7><BOT><>"
L 05/13/2021 - 04:12:58: SourceMod log file session started (file "e:\steam\steamapps\common\left 4 dead 2\left4dead2\addons\sourcemod\logs\L20210513.log") (Version "1.11.0.6675")
L 05/13/2021 - 04:12:58: [GEOIP] GeoIP database info: GEO-106FREE 20180327 Build 1 Copyright (c) 2018 MaxMind Inc All Rights Reserved
L 05/13/2021 - 04:13:04: [navmesh.smx] Found .NAV file in maps\c2m1_highway.nav
L 05/13/2021 - 04:13:04: [navmesh.smx] Is mesh analyzed: 1
L 05/13/2021 - 04:13:04: [navmesh.smx] Nav version: 16; SubVersion: 14 (v10+); BSPSize: 26520496; MagicNumber: -17958194
L 05/13/2021 - 04:13:04: [navmesh.smx] Place count: 0
L 05/13/2021 - 04:13:04: [navmesh.smx] Has unnamed areas: true
L 05/13/2021 - 04:13:04: [navmesh.smx] Population type: default
L 05/13/2021 - 04:13:04: [navmesh.smx] Area count: 6461
L 05/13/2021 - 04:13:05: [navmesh.smx] Parsed 6461 areas in 0.805022 seconds.
L 05/13/2021 - 04:13:06: [navmesh.smx] Ladder count: 29
L 05/13/2021 - 04:13:06: [navmesh.smx] Parsed 29 ladders in 0.000291 seconds.
L 05/13/2021 - 04:13:08: [basecommands.smx] "Console<0><Console><Console>" changed cvar (cvar "sv_region") (value "4")
L 05/13/2021 - 04:13:08: [basecommands.smx] "Console<0><Console><Console>" changed cvar (cvar "sv_tags") (value "hidden")
L 05/13/2021 - 04:13:08: [basecommands.smx] "Console<0><Console><Console>" changed cvar (cvar "sv_allow_wait_command") (value "0")
L 05/13/2021 - 04:13:08: [basecommands.smx] "Console<0><Console><Console>" changed cvar (cvar "sv_minrate") (value "30000")
L 05/13/2021 - 04:13:08: [basecommands.smx] "Console<0><Console><Console>" changed cvar (cvar "sv_maxrate") (value "60000")
L 05/13/2021 - 04:13:08: [basecommands.smx] "Console<0><Console><Console>" changed cvar (cvar "sv_minupdaterate") (value "30")
L 05/13/2021 - 04:13:08: [basecommands.smx] "Console<0><Console><Console>" changed cvar (cvar "sv_maxupdaterate") (value "60")
L 05/13/2021 - 04:13:08: [basecommands.smx] "Console<0><Console><Console>" changed cvar (cvar "sv_mincmdrate") (value "30")
L 05/13/2021 - 04:13:08: [basecommands.smx] "Console<0><Console><Console>" changed cvar (cvar "sv_maxcmdrate") (value "60")
L 05/13/2021 - 04:13:08: [basecommands.smx] "Console<0><Console><Console>" changed cvar (cvar "sv_client_min_interp_ratio") (value "-1")
L 05/13/2021 - 04:13:08: [basecommands.smx] "Console<0><Console><Console>" changed cvar (cvar "sv_client_max_interp_ratio") (value "0")
L 05/13/2021 - 04:13:08: [basecommands.smx] "Console<0><Console><Console>" changed cvar (cvar "nb_update_frequency") (value "0.014")
L 05/13/2021 - 04:13:08: [basecommands.smx] "Console<0><Console><Console>" changed cvar (cvar "net_splitpacket_maxrate") (value "40000")
L 05/13/2021 - 04:13:08: [basecommands.smx] "Console<0><Console><Console>" changed cvar (cvar "fps_max") (value "0")
L 05/13/2021 - 04:13:08: [basecommands.smx] "Console<0><Console><Console>" changed cvar (cvar "mp_autoteambalance") (value "0")
L 05/13/2021 - 04:13:08: [basecommands.smx] "Console<0><Console><Console>" changed cvar (cvar "sv_unlag_fixstuck") (value "1")
L 05/13/2021 - 04:13:08: [basecommands.smx] "Console<0><Console><Console>" changed cvar (cvar "z_brawl_chance") (value "0")
L 05/13/2021 - 04:13:08: [basecommands.smx] "Console<0><Console><Console>" changed cvar (cvar "sv_maxunlag") (value "1")
L 05/13/2021 - 04:13:08: [basecommands.smx] "Console<0><Console><Console>" changed cvar (cvar "sv_forcepreload") (value "1")
L 05/13/2021 - 04:13:08: [basecommands.smx] "Console<0><Console><Console>" changed cvar (cvar "sv_client_predict") (value "1")
L 05/13/2021 - 04:13:08: [basecommands.smx] "Console<0><Console><Console>" changed cvar (cvar "sv_client_cmdrate_difference") (value "0")
L 05/13/2021 - 04:13:08: [basecommands.smx] "Console<0><Console><Console>" changed cvar (cvar "sv_max_queries_sec_global") (value "10")
L 05/13/2021 - 04:13:08: [basecommands.smx] "Console<0><Console><Console>" changed cvar (cvar "sv_max_queries_sec") (value "3")
L 05/13/2021 - 04:13:08: [basecommands.smx] "Console<0><Console><Console>" changed cvar (cvar "sv_max_queries_window") (value "10")
L 05/13/2021 - 04:13:08: [basecommands.smx] "Console<0><Console><Console>" changed cvar (cvar "sv_player_stuck_tolerance") (value "5")
L 05/13/2021 - 04:13:08: [basecommands.smx] "Console<0><Console><Console>" changed cvar (cvar "sv_stats") (value "0")
L 05/13/2021 - 04:13:08: [basecommands.smx] "Console<0><Console><Console>" changed cvar (cvar "sv_clockcorrection_msecs") (value "25")
L 05/13/2021 - 04:13:17: [SM] Changed map to "c2m1_highway"
L 05/13/2021 - 04:13:19: -------- Mapchange to c2m1_highway --------
L 05/13/2021 - 04:13:23: [basecommands.smx] "Console<0><Console><Console>" changed cvar (cvar "sv_region") (value "4")
L 05/13/2021 - 04:13:23: [basecommands.smx] "Console<0><Console><Console>" changed cvar (cvar "sv_tags") (value "hidden")
L 05/13/2021 - 04:13:23: [basecommands.smx] "Console<0><Console><Console>" changed cvar (cvar "sv_allow_wait_command") (value "0")
L 05/13/2021 - 04:13:23: [basecommands.smx] "Console<0><Console><Console>" changed cvar (cvar "sv_minrate") (value "30000")
L 05/13/2021 - 04:13:23: [basecommands.smx] "Console<0><Console><Console>" changed cvar (cvar "sv_maxrate") (value "60000")
L 05/13/2021 - 04:13:23: [basecommands.smx] "Console<0><Console><Console>" changed cvar (cvar "sv_minupdaterate") (value "30")
L 05/13/2021 - 04:13:23: [basecommands.smx] "Console<0><Console><Console>" changed cvar (cvar "sv_maxupdaterate") (value "60")
L 05/13/2021 - 04:13:23: [basecommands.smx] "Console<0><Console><Console>" changed cvar (cvar "sv_mincmdrate") (value "30")
L 05/13/2021 - 04:13:23: [basecommands.smx] "Console<0><Console><Console>" changed cvar (cvar "sv_maxcmdrate") (value "60")
L 05/13/2021 - 04:13:23: [basecommands.smx] "Console<0><Console><Console>" changed cvar (cvar "sv_client_min_interp_ratio") (value "-1")
L 05/13/2021 - 04:13:23: [basecommands.smx] "Console<0><Console><Console>" changed cvar (cvar "sv_client_max_interp_ratio") (value "0")
L 05/13/2021 - 04:13:23: [basecommands.smx] "Console<0><Console><Console>" changed cvar (cvar "nb_update_frequency") (value "0.014")
L 05/13/2021 - 04:13:23: [basecommands.smx] "Console<0><Console><Console>" changed cvar (cvar "net_splitpacket_maxrate") (value "40000")
L 05/13/2021 - 04:13:23: [basecommands.smx] "Console<0><Console><Console>" changed cvar (cvar "fps_max") (value "0")
L 05/13/2021 - 04:13:23: [basecommands.smx] "Console<0><Console><Console>" changed cvar (cvar "mp_autoteambalance") (value "0")
L 05/13/2021 - 04:13:23: [basecommands.smx] "Console<0><Console><Console>" changed cvar (cvar "sv_unlag_fixstuck") (value "1")
L 05/13/2021 - 04:13:23: [basecommands.smx] "Console<0><Console><Console>" changed cvar (cvar "z_brawl_chance") (value "0")
L 05/13/2021 - 04:13:23: [basecommands.smx] "Console<0><Console><Console>" changed cvar (cvar "sv_maxunlag") (value "1")
L 05/13/2021 - 04:13:23: [basecommands.smx] "Console<0><Console><Console>" changed cvar (cvar "sv_forcepreload") (value "1")
L 05/13/2021 - 04:13:23: [basecommands.smx] "Console<0><Console><Console>" changed cvar (cvar "sv_client_predict") (value "1")
L 05/13/2021 - 04:13:23: [basecommands.smx] "Console<0><Console><Console>" changed cvar (cvar "sv_client_cmdrate_difference") (value "0")
L 05/13/2021 - 04:13:23: [basecommands.smx] "Console<0><Console><Console>" changed cvar (cvar "sv_max_queries_sec_global") (value "10")
L 05/13/2021 - 04:13:23: [basecommands.smx] "Console<0><Console><Console>" changed cvar (cvar "sv_max_queries_sec") (value "3")
L 05/13/2021 - 04:13:23: [basecommands.smx] "Console<0><Console><Console>" changed cvar (cvar "sv_max_queries_window") (value "10")
L 05/13/2021 - 04:13:23: [basecommands.smx] "Console<0><Console><Console>" changed cvar (cvar "sv_player_stuck_tolerance") (value "5")
L 05/13/2021 - 04:13:23: [basecommands.smx] "Console<0><Console><Console>" changed cvar (cvar "sv_stats") (value "0")
L 05/13/2021 - 04:13:23: [basecommands.smx] "Console<0><Console><Console>" changed cvar (cvar "sv_clockcorrection_msecs") (value "25")
L 05/13/2021 - 04:13:40: [navmesh.smx] Found .NAV file in maps\c2m1_highway.nav
L 05/13/2021 - 04:13:40: [navmesh.smx] Is mesh analyzed: 1
L 05/13/2021 - 04:13:40: [navmesh.smx] Nav version: 16; SubVersion: 14 (v10+); BSPSize: 26520496; MagicNumber: -17958194
L 05/13/2021 - 04:13:40: [navmesh.smx] Place count: 0
L 05/13/2021 - 04:13:40: [navmesh.smx] Has unnamed areas: true
L 05/13/2021 - 04:13:40: [navmesh.smx] Population type: default
L 05/13/2021 - 04:13:40: [navmesh.smx] Area count: 6461
L 05/13/2021 - 04:13:40: [navmesh.smx] Parsed 6461 areas in 0.804027 seconds.
L 05/13/2021 - 04:13:41: [navmesh.smx] Ladder count: 29
L 05/13/2021 - 04:13:41: [navmesh.smx] Parsed 29 ladders in 0.000203 seconds.
