L 09/20/2021 - 13:29:14: SourceMod log file session started (file "d:\steam\steamapps\common\left 4 dead 2\left4dead2\addons\sourcemod\logs\L20210920.log") (Version "1.11.0.6743")
L 09/20/2021 - 13:29:14: [basecommands.smx] "Console<0><Console><Console>" changed cvar (cvar "sv_region") (value "4")
L 09/20/2021 - 13:29:14: [basecommands.smx] "Console<0><Console><Console>" changed cvar (cvar "sv_tags") (value "hidden")
L 09/20/2021 - 13:29:14: [basecommands.smx] "Console<0><Console><Console>" changed cvar (cvar "l4d2_addons_eclipse") (value "1")
L 09/20/2021 - 13:29:14: [basecommands.smx] "Console<0><Console><Console>" changed cvar (cvar "sv_allow_wait_command") (value "0")
L 09/20/2021 - 13:29:14: [basecommands.smx] "Console<0><Console><Console>" changed cvar (cvar "sv_minrate") (value "30000")
L 09/20/2021 - 13:29:14: [basecommands.smx] "Console<0><Console><Console>" changed cvar (cvar "sv_maxrate") (value "60000")
L 09/20/2021 - 13:29:14: [basecommands.smx] "Console<0><Console><Console>" changed cvar (cvar "sv_minupdaterate") (value "30")
L 09/20/2021 - 13:29:14: [basecommands.smx] "Console<0><Console><Console>" changed cvar (cvar "sv_maxupdaterate") (value "60")
L 09/20/2021 - 13:29:14: [basecommands.smx] "Console<0><Console><Console>" changed cvar (cvar "sv_mincmdrate") (value "30")
L 09/20/2021 - 13:29:14: [basecommands.smx] "Console<0><Console><Console>" changed cvar (cvar "sv_maxcmdrate") (value "60")
L 09/20/2021 - 13:29:14: [basecommands.smx] "Console<0><Console><Console>" changed cvar (cvar "sv_client_min_interp_ratio") (value "-1")
L 09/20/2021 - 13:29:14: [basecommands.smx] "Console<0><Console><Console>" changed cvar (cvar "sv_client_max_interp_ratio") (value "0")
L 09/20/2021 - 13:29:14: [basecommands.smx] "Console<0><Console><Console>" changed cvar (cvar "nb_update_frequency") (value "0.014")
L 09/20/2021 - 13:29:14: [basecommands.smx] "Console<0><Console><Console>" changed cvar (cvar "net_splitpacket_maxrate") (value "40000")
L 09/20/2021 - 13:29:14: [basecommands.smx] "Console<0><Console><Console>" changed cvar (cvar "fps_max") (value "0")
L 09/20/2021 - 13:29:14: [basecommands.smx] "Console<0><Console><Console>" changed cvar (cvar "tick_door_speed") (value "1.3")
L 09/20/2021 - 13:29:14: [basecommands.smx] "Console<0><Console><Console>" changed cvar (cvar "mp_autoteambalance") (value "0")
L 09/20/2021 - 13:29:14: [basecommands.smx] "Console<0><Console><Console>" changed cvar (cvar "sv_unlag_fixstuck") (value "1")
L 09/20/2021 - 13:29:14: [basecommands.smx] "Console<0><Console><Console>" changed cvar (cvar "z_brawl_chance") (value "0")
L 09/20/2021 - 13:29:15: [basecommands.smx] "Console<0><Console><Console>" changed cvar (cvar "sv_maxunlag") (value "1")
L 09/20/2021 - 13:29:15: [basecommands.smx] "Console<0><Console><Console>" changed cvar (cvar "sv_forcepreload") (value "1")
L 09/20/2021 - 13:29:15: [basecommands.smx] "Console<0><Console><Console>" changed cvar (cvar "sv_client_predict") (value "1")
L 09/20/2021 - 13:29:15: [basecommands.smx] "Console<0><Console><Console>" changed cvar (cvar "sv_client_cmdrate_difference") (value "0")
L 09/20/2021 - 13:29:15: [basecommands.smx] "Console<0><Console><Console>" changed cvar (cvar "sv_max_queries_sec_global") (value "10")
L 09/20/2021 - 13:29:15: [basecommands.smx] "Console<0><Console><Console>" changed cvar (cvar "sv_max_queries_sec") (value "3")
L 09/20/2021 - 13:29:15: [basecommands.smx] "Console<0><Console><Console>" changed cvar (cvar "sv_max_queries_window") (value "10")
L 09/20/2021 - 13:29:15: [basecommands.smx] "Console<0><Console><Console>" changed cvar (cvar "sv_player_stuck_tolerance") (value "5")
L 09/20/2021 - 13:29:15: [basecommands.smx] "Console<0><Console><Console>" changed cvar (cvar "sv_stats") (value "0")
L 09/20/2021 - 13:29:15: [basecommands.smx] "Console<0><Console><Console>" changed cvar (cvar "sv_clockcorrection_msecs") (value "25")
L 09/20/2021 - 13:29:23: [GEOIP] GeoIP2 database loaded: GeoLite2-City (2019-12-17 20:01:26 UTC)
L 09/20/2021 - 13:29:23: [GEOIP] GeoIP2 supported languages: de en es fr ja pt-BR ru zh-CN
L 09/20/2021 - 13:29:57: [SM] Changed map to "c2m1_highway"
L 09/20/2021 - 13:29:59: -------- Mapchange to c2m1_highway --------
L 09/20/2021 - 13:30:02: [basecommands.smx] "Console<0><Console><Console>" changed cvar (cvar "sv_region") (value "4")
L 09/20/2021 - 13:30:02: [basecommands.smx] "Console<0><Console><Console>" changed cvar (cvar "sv_tags") (value "hidden")
L 09/20/2021 - 13:30:02: [basecommands.smx] "Console<0><Console><Console>" changed cvar (cvar "l4d2_addons_eclipse") (value "1")
L 09/20/2021 - 13:30:02: [basecommands.smx] "Console<0><Console><Console>" changed cvar (cvar "sv_allow_wait_command") (value "0")
L 09/20/2021 - 13:30:02: [basecommands.smx] "Console<0><Console><Console>" changed cvar (cvar "sv_minrate") (value "30000")
L 09/20/2021 - 13:30:02: [basecommands.smx] "Console<0><Console><Console>" changed cvar (cvar "sv_maxrate") (value "60000")
L 09/20/2021 - 13:30:02: [basecommands.smx] "Console<0><Console><Console>" changed cvar (cvar "sv_minupdaterate") (value "30")
L 09/20/2021 - 13:30:02: [basecommands.smx] "Console<0><Console><Console>" changed cvar (cvar "sv_maxupdaterate") (value "60")
L 09/20/2021 - 13:30:02: [basecommands.smx] "Console<0><Console><Console>" changed cvar (cvar "sv_mincmdrate") (value "30")
L 09/20/2021 - 13:30:02: [basecommands.smx] "Console<0><Console><Console>" changed cvar (cvar "sv_maxcmdrate") (value "60")
L 09/20/2021 - 13:30:02: [basecommands.smx] "Console<0><Console><Console>" changed cvar (cvar "sv_client_min_interp_ratio") (value "-1")
L 09/20/2021 - 13:30:02: [basecommands.smx] "Console<0><Console><Console>" changed cvar (cvar "sv_client_max_interp_ratio") (value "0")
L 09/20/2021 - 13:30:02: [basecommands.smx] "Console<0><Console><Console>" changed cvar (cvar "nb_update_frequency") (value "0.014")
L 09/20/2021 - 13:30:02: [basecommands.smx] "Console<0><Console><Console>" changed cvar (cvar "net_splitpacket_maxrate") (value "40000")
L 09/20/2021 - 13:30:02: [basecommands.smx] "Console<0><Console><Console>" changed cvar (cvar "fps_max") (value "0")
L 09/20/2021 - 13:30:02: [basecommands.smx] "Console<0><Console><Console>" changed cvar (cvar "tick_door_speed") (value "1.3")
L 09/20/2021 - 13:30:02: [basecommands.smx] "Console<0><Console><Console>" changed cvar (cvar "mp_autoteambalance") (value "0")
L 09/20/2021 - 13:30:02: [basecommands.smx] "Console<0><Console><Console>" changed cvar (cvar "sv_unlag_fixstuck") (value "1")
L 09/20/2021 - 13:30:02: [basecommands.smx] "Console<0><Console><Console>" changed cvar (cvar "z_brawl_chance") (value "0")
L 09/20/2021 - 13:30:02: [basecommands.smx] "Console<0><Console><Console>" changed cvar (cvar "sv_maxunlag") (value "1")
L 09/20/2021 - 13:30:03: [basecommands.smx] "Console<0><Console><Console>" changed cvar (cvar "sv_forcepreload") (value "1")
L 09/20/2021 - 13:30:03: [basecommands.smx] "Console<0><Console><Console>" changed cvar (cvar "sv_client_predict") (value "1")
L 09/20/2021 - 13:30:03: [basecommands.smx] "Console<0><Console><Console>" changed cvar (cvar "sv_client_cmdrate_difference") (value "0")
L 09/20/2021 - 13:30:03: [basecommands.smx] "Console<0><Console><Console>" changed cvar (cvar "sv_max_queries_sec_global") (value "10")
L 09/20/2021 - 13:30:03: [basecommands.smx] "Console<0><Console><Console>" changed cvar (cvar "sv_max_queries_sec") (value "3")
L 09/20/2021 - 13:30:03: [basecommands.smx] "Console<0><Console><Console>" changed cvar (cvar "sv_max_queries_window") (value "10")
L 09/20/2021 - 13:30:03: [basecommands.smx] "Console<0><Console><Console>" changed cvar (cvar "sv_player_stuck_tolerance") (value "5")
L 09/20/2021 - 13:30:03: [basecommands.smx] "Console<0><Console><Console>" changed cvar (cvar "sv_stats") (value "0")
L 09/20/2021 - 13:30:03: [basecommands.smx] "Console<0><Console><Console>" changed cvar (cvar "sv_clockcorrection_msecs") (value "25")
L 09/20/2021 - 13:30:15: -------- Mapchange to c4m5_milltown_escape --------
L 09/20/2021 - 13:30:19: [basecommands.smx] "Console<0><Console><Console>" changed cvar (cvar "sv_region") (value "4")
L 09/20/2021 - 13:30:19: [basecommands.smx] "Console<0><Console><Console>" changed cvar (cvar "sv_tags") (value "hidden")
L 09/20/2021 - 13:30:19: [basecommands.smx] "Console<0><Console><Console>" changed cvar (cvar "l4d2_addons_eclipse") (value "1")
L 09/20/2021 - 13:30:19: [basecommands.smx] "Console<0><Console><Console>" changed cvar (cvar "sv_allow_wait_command") (value "0")
L 09/20/2021 - 13:30:19: [basecommands.smx] "Console<0><Console><Console>" changed cvar (cvar "sv_minrate") (value "30000")
L 09/20/2021 - 13:30:19: [basecommands.smx] "Console<0><Console><Console>" changed cvar (cvar "sv_maxrate") (value "60000")
L 09/20/2021 - 13:30:19: [basecommands.smx] "Console<0><Console><Console>" changed cvar (cvar "sv_minupdaterate") (value "30")
L 09/20/2021 - 13:30:19: [basecommands.smx] "Console<0><Console><Console>" changed cvar (cvar "sv_maxupdaterate") (value "60")
L 09/20/2021 - 13:30:19: [basecommands.smx] "Console<0><Console><Console>" changed cvar (cvar "sv_mincmdrate") (value "30")
L 09/20/2021 - 13:30:19: [basecommands.smx] "Console<0><Console><Console>" changed cvar (cvar "sv_maxcmdrate") (value "60")
L 09/20/2021 - 13:30:19: [basecommands.smx] "Console<0><Console><Console>" changed cvar (cvar "sv_client_min_interp_ratio") (value "-1")
L 09/20/2021 - 13:30:19: [basecommands.smx] "Console<0><Console><Console>" changed cvar (cvar "sv_client_max_interp_ratio") (value "0")
L 09/20/2021 - 13:30:19: [basecommands.smx] "Console<0><Console><Console>" changed cvar (cvar "nb_update_frequency") (value "0.014")
L 09/20/2021 - 13:30:19: [basecommands.smx] "Console<0><Console><Console>" changed cvar (cvar "net_splitpacket_maxrate") (value "40000")
L 09/20/2021 - 13:30:19: [basecommands.smx] "Console<0><Console><Console>" changed cvar (cvar "fps_max") (value "0")
L 09/20/2021 - 13:30:19: [basecommands.smx] "Console<0><Console><Console>" changed cvar (cvar "tick_door_speed") (value "1.3")
L 09/20/2021 - 13:30:19: [basecommands.smx] "Console<0><Console><Console>" changed cvar (cvar "mp_autoteambalance") (value "0")
L 09/20/2021 - 13:30:19: [basecommands.smx] "Console<0><Console><Console>" changed cvar (cvar "sv_unlag_fixstuck") (value "1")
L 09/20/2021 - 13:30:19: [basecommands.smx] "Console<0><Console><Console>" changed cvar (cvar "z_brawl_chance") (value "0")
L 09/20/2021 - 13:30:19: [basecommands.smx] "Console<0><Console><Console>" changed cvar (cvar "sv_maxunlag") (value "1")
L 09/20/2021 - 13:30:19: [basecommands.smx] "Console<0><Console><Console>" changed cvar (cvar "sv_forcepreload") (value "1")
L 09/20/2021 - 13:30:19: [basecommands.smx] "Console<0><Console><Console>" changed cvar (cvar "sv_client_predict") (value "1")
L 09/20/2021 - 13:30:19: [basecommands.smx] "Console<0><Console><Console>" changed cvar (cvar "sv_client_cmdrate_difference") (value "0")
L 09/20/2021 - 13:30:19: [basecommands.smx] "Console<0><Console><Console>" changed cvar (cvar "sv_max_queries_sec_global") (value "10")
L 09/20/2021 - 13:30:19: [basecommands.smx] "Console<0><Console><Console>" changed cvar (cvar "sv_max_queries_sec") (value "3")
L 09/20/2021 - 13:30:19: [basecommands.smx] "Console<0><Console><Console>" changed cvar (cvar "sv_max_queries_window") (value "10")
L 09/20/2021 - 13:30:19: [basecommands.smx] "Console<0><Console><Console>" changed cvar (cvar "sv_player_stuck_tolerance") (value "5")
L 09/20/2021 - 13:30:19: [basecommands.smx] "Console<0><Console><Console>" changed cvar (cvar "sv_stats") (value "0")
L 09/20/2021 - 13:30:19: [basecommands.smx] "Console<0><Console><Console>" changed cvar (cvar "sv_clockcorrection_msecs") (value "25")
L 09/20/2021 - 13:34:09: SourceMod log file session started (file "d:\steam\steamapps\common\left 4 dead 2\left4dead2\addons\sourcemod\logs\L20210920.log") (Version "1.11.0.6743")
L 09/20/2021 - 13:34:09: [basecommands.smx] "Console<0><Console><Console>" changed cvar (cvar "sv_region") (value "4")
L 09/20/2021 - 13:34:09: [basecommands.smx] "Console<0><Console><Console>" changed cvar (cvar "sv_tags") (value "hidden")
L 09/20/2021 - 13:34:09: [basecommands.smx] "Console<0><Console><Console>" changed cvar (cvar "l4d2_addons_eclipse") (value "1")
L 09/20/2021 - 13:34:10: [basecommands.smx] "Console<0><Console><Console>" changed cvar (cvar "sv_allow_wait_command") (value "0")
L 09/20/2021 - 13:34:10: [basecommands.smx] "Console<0><Console><Console>" changed cvar (cvar "sv_minrate") (value "30000")
L 09/20/2021 - 13:34:10: [basecommands.smx] "Console<0><Console><Console>" changed cvar (cvar "sv_maxrate") (value "60000")
L 09/20/2021 - 13:34:10: [basecommands.smx] "Console<0><Console><Console>" changed cvar (cvar "sv_minupdaterate") (value "30")
L 09/20/2021 - 13:34:10: [basecommands.smx] "Console<0><Console><Console>" changed cvar (cvar "sv_maxupdaterate") (value "60")
L 09/20/2021 - 13:34:10: [basecommands.smx] "Console<0><Console><Console>" changed cvar (cvar "sv_mincmdrate") (value "30")
L 09/20/2021 - 13:34:10: [basecommands.smx] "Console<0><Console><Console>" changed cvar (cvar "sv_maxcmdrate") (value "60")
L 09/20/2021 - 13:34:10: [basecommands.smx] "Console<0><Console><Console>" changed cvar (cvar "sv_client_min_interp_ratio") (value "-1")
L 09/20/2021 - 13:34:10: [basecommands.smx] "Console<0><Console><Console>" changed cvar (cvar "sv_client_max_interp_ratio") (value "0")
L 09/20/2021 - 13:34:10: [basecommands.smx] "Console<0><Console><Console>" changed cvar (cvar "nb_update_frequency") (value "0.014")
L 09/20/2021 - 13:34:10: [basecommands.smx] "Console<0><Console><Console>" changed cvar (cvar "net_splitpacket_maxrate") (value "40000")
L 09/20/2021 - 13:34:10: [basecommands.smx] "Console<0><Console><Console>" changed cvar (cvar "fps_max") (value "0")
L 09/20/2021 - 13:34:10: [basecommands.smx] "Console<0><Console><Console>" changed cvar (cvar "tick_door_speed") (value "1.3")
L 09/20/2021 - 13:34:10: [basecommands.smx] "Console<0><Console><Console>" changed cvar (cvar "mp_autoteambalance") (value "0")
L 09/20/2021 - 13:34:10: [basecommands.smx] "Console<0><Console><Console>" changed cvar (cvar "sv_unlag_fixstuck") (value "1")
L 09/20/2021 - 13:34:10: [basecommands.smx] "Console<0><Console><Console>" changed cvar (cvar "z_brawl_chance") (value "0")
L 09/20/2021 - 13:34:10: [basecommands.smx] "Console<0><Console><Console>" changed cvar (cvar "sv_maxunlag") (value "1")
L 09/20/2021 - 13:34:10: [basecommands.smx] "Console<0><Console><Console>" changed cvar (cvar "sv_forcepreload") (value "1")
L 09/20/2021 - 13:34:10: [basecommands.smx] "Console<0><Console><Console>" changed cvar (cvar "sv_client_predict") (value "1")
L 09/20/2021 - 13:34:10: [basecommands.smx] "Console<0><Console><Console>" changed cvar (cvar "sv_client_cmdrate_difference") (value "0")
L 09/20/2021 - 13:34:10: [basecommands.smx] "Console<0><Console><Console>" changed cvar (cvar "sv_max_queries_sec_global") (value "10")
L 09/20/2021 - 13:34:10: [basecommands.smx] "Console<0><Console><Console>" changed cvar (cvar "sv_max_queries_sec") (value "3")
L 09/20/2021 - 13:34:10: [basecommands.smx] "Console<0><Console><Console>" changed cvar (cvar "sv_max_queries_window") (value "10")
L 09/20/2021 - 13:34:10: [basecommands.smx] "Console<0><Console><Console>" changed cvar (cvar "sv_player_stuck_tolerance") (value "5")
L 09/20/2021 - 13:34:10: [basecommands.smx] "Console<0><Console><Console>" changed cvar (cvar "sv_stats") (value "0")
L 09/20/2021 - 13:34:10: [basecommands.smx] "Console<0><Console><Console>" changed cvar (cvar "sv_clockcorrection_msecs") (value "25")
L 09/20/2021 - 13:34:17: [GEOIP] GeoIP2 database loaded: GeoLite2-City (2019-12-17 20:01:26 UTC)
L 09/20/2021 - 13:34:17: [GEOIP] GeoIP2 supported languages: de en es fr ja pt-BR ru zh-CN
L 09/20/2021 - 13:34:54: [SM] Changed map to "c2m1_highway"
L 09/20/2021 - 13:34:56: -------- Mapchange to c2m1_highway --------
L 09/20/2021 - 13:34:59: [basecommands.smx] "Console<0><Console><Console>" changed cvar (cvar "sv_region") (value "4")
L 09/20/2021 - 13:34:59: [basecommands.smx] "Console<0><Console><Console>" changed cvar (cvar "sv_tags") (value "hidden")
L 09/20/2021 - 13:34:59: [basecommands.smx] "Console<0><Console><Console>" changed cvar (cvar "l4d2_addons_eclipse") (value "1")
L 09/20/2021 - 13:34:59: [basecommands.smx] "Console<0><Console><Console>" changed cvar (cvar "sv_allow_wait_command") (value "0")
L 09/20/2021 - 13:34:59: [basecommands.smx] "Console<0><Console><Console>" changed cvar (cvar "sv_minrate") (value "30000")
L 09/20/2021 - 13:34:59: [basecommands.smx] "Console<0><Console><Console>" changed cvar (cvar "sv_maxrate") (value "60000")
L 09/20/2021 - 13:34:59: [basecommands.smx] "Console<0><Console><Console>" changed cvar (cvar "sv_minupdaterate") (value "30")
L 09/20/2021 - 13:34:59: [basecommands.smx] "Console<0><Console><Console>" changed cvar (cvar "sv_maxupdaterate") (value "60")
L 09/20/2021 - 13:34:59: [basecommands.smx] "Console<0><Console><Console>" changed cvar (cvar "sv_mincmdrate") (value "30")
L 09/20/2021 - 13:34:59: [basecommands.smx] "Console<0><Console><Console>" changed cvar (cvar "sv_maxcmdrate") (value "60")
L 09/20/2021 - 13:34:59: [basecommands.smx] "Console<0><Console><Console>" changed cvar (cvar "sv_client_min_interp_ratio") (value "-1")
L 09/20/2021 - 13:34:59: [basecommands.smx] "Console<0><Console><Console>" changed cvar (cvar "sv_client_max_interp_ratio") (value "0")
L 09/20/2021 - 13:34:59: [basecommands.smx] "Console<0><Console><Console>" changed cvar (cvar "nb_update_frequency") (value "0.014")
L 09/20/2021 - 13:34:59: [basecommands.smx] "Console<0><Console><Console>" changed cvar (cvar "net_splitpacket_maxrate") (value "40000")
L 09/20/2021 - 13:34:59: [basecommands.smx] "Console<0><Console><Console>" changed cvar (cvar "fps_max") (value "0")
L 09/20/2021 - 13:34:59: [basecommands.smx] "Console<0><Console><Console>" changed cvar (cvar "tick_door_speed") (value "1.3")
L 09/20/2021 - 13:34:59: [basecommands.smx] "Console<0><Console><Console>" changed cvar (cvar "mp_autoteambalance") (value "0")
L 09/20/2021 - 13:34:59: [basecommands.smx] "Console<0><Console><Console>" changed cvar (cvar "sv_unlag_fixstuck") (value "1")
L 09/20/2021 - 13:35:00: [basecommands.smx] "Console<0><Console><Console>" changed cvar (cvar "z_brawl_chance") (value "0")
L 09/20/2021 - 13:35:00: [basecommands.smx] "Console<0><Console><Console>" changed cvar (cvar "sv_maxunlag") (value "1")
L 09/20/2021 - 13:35:00: [basecommands.smx] "Console<0><Console><Console>" changed cvar (cvar "sv_forcepreload") (value "1")
L 09/20/2021 - 13:35:00: [basecommands.smx] "Console<0><Console><Console>" changed cvar (cvar "sv_client_predict") (value "1")
L 09/20/2021 - 13:35:00: [basecommands.smx] "Console<0><Console><Console>" changed cvar (cvar "sv_client_cmdrate_difference") (value "0")
L 09/20/2021 - 13:35:00: [basecommands.smx] "Console<0><Console><Console>" changed cvar (cvar "sv_max_queries_sec_global") (value "10")
L 09/20/2021 - 13:35:00: [basecommands.smx] "Console<0><Console><Console>" changed cvar (cvar "sv_max_queries_sec") (value "3")
L 09/20/2021 - 13:35:00: [basecommands.smx] "Console<0><Console><Console>" changed cvar (cvar "sv_max_queries_window") (value "10")
L 09/20/2021 - 13:35:00: [basecommands.smx] "Console<0><Console><Console>" changed cvar (cvar "sv_player_stuck_tolerance") (value "5")
L 09/20/2021 - 13:35:00: [basecommands.smx] "Console<0><Console><Console>" changed cvar (cvar "sv_stats") (value "0")
L 09/20/2021 - 13:35:00: [basecommands.smx] "Console<0><Console><Console>" changed cvar (cvar "sv_clockcorrection_msecs") (value "25")
L 09/20/2021 - 13:36:32: [optional\l4d2_skill_detect.smx] Clear: 1 freed 3 from 8: time: 1.83 / -1.00 -- class: hunter (with shove? 0)
L 09/20/2021 - 13:36:36: [optional\l4d2_skill_detect.smx] Charge carry start: 7 - 1 -- time: 93.81
L 09/20/2021 - 13:36:39: [optional\l4d2_skill_detect.smx] Checking charge victim: 7 - 1 - flags: 1 (alive? 1)
L 09/20/2021 - 13:36:39: [optional\l4d2_skill_detect.smx] Clear: 2 freed 1 from 7: time: 2.14 / 3.29 -- class: charger (with shove? 0)
L 09/20/2021 - 13:37:19: [optional\l4d2_skill_detect.smx] Clear: 3 freed 4 from 8: time: 1.01 / -1.00 -- class: hunter (with shove? 0)
L 09/20/2021 - 13:37:50: [optional\l4d2_skill_detect.smx] Clear: 3 freed 1 from 8: time: 1.01 / -1.00 -- class: hunter (with shove? 0)
L 09/20/2021 - 13:38:26: SourceMod log file session started (file "d:\steam\steamapps\common\left 4 dead 2\left4dead2\addons\sourcemod\logs\L20210920.log") (Version "1.11.0.6743")
L 09/20/2021 - 13:38:26: [basecommands.smx] "Console<0><Console><Console>" changed cvar (cvar "sv_region") (value "4")
L 09/20/2021 - 13:38:26: [basecommands.smx] "Console<0><Console><Console>" changed cvar (cvar "sv_tags") (value "hidden")
L 09/20/2021 - 13:38:26: [basecommands.smx] "Console<0><Console><Console>" changed cvar (cvar "l4d2_addons_eclipse") (value "1")
L 09/20/2021 - 13:38:26: [basecommands.smx] "Console<0><Console><Console>" changed cvar (cvar "sv_allow_wait_command") (value "0")
L 09/20/2021 - 13:38:26: [basecommands.smx] "Console<0><Console><Console>" changed cvar (cvar "sv_minrate") (value "30000")
L 09/20/2021 - 13:38:26: [basecommands.smx] "Console<0><Console><Console>" changed cvar (cvar "sv_maxrate") (value "60000")
L 09/20/2021 - 13:38:26: [basecommands.smx] "Console<0><Console><Console>" changed cvar (cvar "sv_minupdaterate") (value "30")
L 09/20/2021 - 13:38:27: [basecommands.smx] "Console<0><Console><Console>" changed cvar (cvar "sv_maxupdaterate") (value "60")
L 09/20/2021 - 13:38:27: [basecommands.smx] "Console<0><Console><Console>" changed cvar (cvar "sv_mincmdrate") (value "30")
L 09/20/2021 - 13:38:27: [basecommands.smx] "Console<0><Console><Console>" changed cvar (cvar "sv_maxcmdrate") (value "60")
L 09/20/2021 - 13:38:27: [basecommands.smx] "Console<0><Console><Console>" changed cvar (cvar "sv_client_min_interp_ratio") (value "-1")
L 09/20/2021 - 13:38:27: [basecommands.smx] "Console<0><Console><Console>" changed cvar (cvar "sv_client_max_interp_ratio") (value "0")
L 09/20/2021 - 13:38:27: [basecommands.smx] "Console<0><Console><Console>" changed cvar (cvar "nb_update_frequency") (value "0.014")
L 09/20/2021 - 13:38:27: [basecommands.smx] "Console<0><Console><Console>" changed cvar (cvar "net_splitpacket_maxrate") (value "40000")
L 09/20/2021 - 13:38:27: [basecommands.smx] "Console<0><Console><Console>" changed cvar (cvar "fps_max") (value "0")
L 09/20/2021 - 13:38:27: [basecommands.smx] "Console<0><Console><Console>" changed cvar (cvar "tick_door_speed") (value "1.3")
L 09/20/2021 - 13:38:27: [basecommands.smx] "Console<0><Console><Console>" changed cvar (cvar "mp_autoteambalance") (value "0")
L 09/20/2021 - 13:38:27: [basecommands.smx] "Console<0><Console><Console>" changed cvar (cvar "sv_unlag_fixstuck") (value "1")
L 09/20/2021 - 13:38:27: [basecommands.smx] "Console<0><Console><Console>" changed cvar (cvar "z_brawl_chance") (value "0")
L 09/20/2021 - 13:38:27: [basecommands.smx] "Console<0><Console><Console>" changed cvar (cvar "sv_maxunlag") (value "1")
L 09/20/2021 - 13:38:27: [basecommands.smx] "Console<0><Console><Console>" changed cvar (cvar "sv_forcepreload") (value "1")
L 09/20/2021 - 13:38:27: [basecommands.smx] "Console<0><Console><Console>" changed cvar (cvar "sv_client_predict") (value "1")
L 09/20/2021 - 13:38:27: [basecommands.smx] "Console<0><Console><Console>" changed cvar (cvar "sv_client_cmdrate_difference") (value "0")
L 09/20/2021 - 13:38:27: [basecommands.smx] "Console<0><Console><Console>" changed cvar (cvar "sv_max_queries_sec_global") (value "10")
L 09/20/2021 - 13:38:27: [basecommands.smx] "Console<0><Console><Console>" changed cvar (cvar "sv_max_queries_sec") (value "3")
L 09/20/2021 - 13:38:27: [basecommands.smx] "Console<0><Console><Console>" changed cvar (cvar "sv_max_queries_window") (value "10")
L 09/20/2021 - 13:38:27: [basecommands.smx] "Console<0><Console><Console>" changed cvar (cvar "sv_player_stuck_tolerance") (value "5")
L 09/20/2021 - 13:38:27: [basecommands.smx] "Console<0><Console><Console>" changed cvar (cvar "sv_stats") (value "0")
L 09/20/2021 - 13:38:27: [basecommands.smx] "Console<0><Console><Console>" changed cvar (cvar "sv_clockcorrection_msecs") (value "25")
L 09/20/2021 - 13:38:34: [GEOIP] GeoIP2 database loaded: GeoLite2-City (2019-12-17 20:01:26 UTC)
L 09/20/2021 - 13:38:34: [GEOIP] GeoIP2 supported languages: de en es fr ja pt-BR ru zh-CN
L 09/20/2021 - 13:39:08: [SM] Changed map to "c2m1_highway"
L 09/20/2021 - 13:39:09: -------- Mapchange to c2m1_highway --------
L 09/20/2021 - 13:39:12: [basecommands.smx] "Console<0><Console><Console>" changed cvar (cvar "sv_region") (value "4")
L 09/20/2021 - 13:39:12: [basecommands.smx] "Console<0><Console><Console>" changed cvar (cvar "sv_tags") (value "hidden")
L 09/20/2021 - 13:39:12: [basecommands.smx] "Console<0><Console><Console>" changed cvar (cvar "l4d2_addons_eclipse") (value "1")
L 09/20/2021 - 13:39:12: [basecommands.smx] "Console<0><Console><Console>" changed cvar (cvar "sv_allow_wait_command") (value "0")
L 09/20/2021 - 13:39:12: [basecommands.smx] "Console<0><Console><Console>" changed cvar (cvar "sv_minrate") (value "30000")
L 09/20/2021 - 13:39:12: [basecommands.smx] "Console<0><Console><Console>" changed cvar (cvar "sv_maxrate") (value "60000")
L 09/20/2021 - 13:39:12: [basecommands.smx] "Console<0><Console><Console>" changed cvar (cvar "sv_minupdaterate") (value "30")
L 09/20/2021 - 13:39:12: [basecommands.smx] "Console<0><Console><Console>" changed cvar (cvar "sv_maxupdaterate") (value "60")
L 09/20/2021 - 13:39:12: [basecommands.smx] "Console<0><Console><Console>" changed cvar (cvar "sv_mincmdrate") (value "30")
L 09/20/2021 - 13:39:12: [basecommands.smx] "Console<0><Console><Console>" changed cvar (cvar "sv_maxcmdrate") (value "60")
L 09/20/2021 - 13:39:12: [basecommands.smx] "Console<0><Console><Console>" changed cvar (cvar "sv_client_min_interp_ratio") (value "-1")
L 09/20/2021 - 13:39:12: [basecommands.smx] "Console<0><Console><Console>" changed cvar (cvar "sv_client_max_interp_ratio") (value "0")
L 09/20/2021 - 13:39:12: [basecommands.smx] "Console<0><Console><Console>" changed cvar (cvar "nb_update_frequency") (value "0.014")
L 09/20/2021 - 13:39:12: [basecommands.smx] "Console<0><Console><Console>" changed cvar (cvar "net_splitpacket_maxrate") (value "40000")
L 09/20/2021 - 13:39:12: [basecommands.smx] "Console<0><Console><Console>" changed cvar (cvar "fps_max") (value "0")
L 09/20/2021 - 13:39:13: [basecommands.smx] "Console<0><Console><Console>" changed cvar (cvar "tick_door_speed") (value "1.3")
L 09/20/2021 - 13:39:13: [basecommands.smx] "Console<0><Console><Console>" changed cvar (cvar "mp_autoteambalance") (value "0")
L 09/20/2021 - 13:39:13: [basecommands.smx] "Console<0><Console><Console>" changed cvar (cvar "sv_unlag_fixstuck") (value "1")
L 09/20/2021 - 13:39:13: [basecommands.smx] "Console<0><Console><Console>" changed cvar (cvar "z_brawl_chance") (value "0")
L 09/20/2021 - 13:39:13: [basecommands.smx] "Console<0><Console><Console>" changed cvar (cvar "sv_maxunlag") (value "1")
L 09/20/2021 - 13:39:13: [basecommands.smx] "Console<0><Console><Console>" changed cvar (cvar "sv_forcepreload") (value "1")
L 09/20/2021 - 13:39:13: [basecommands.smx] "Console<0><Console><Console>" changed cvar (cvar "sv_client_predict") (value "1")
L 09/20/2021 - 13:39:13: [basecommands.smx] "Console<0><Console><Console>" changed cvar (cvar "sv_client_cmdrate_difference") (value "0")
L 09/20/2021 - 13:39:13: [basecommands.smx] "Console<0><Console><Console>" changed cvar (cvar "sv_max_queries_sec_global") (value "10")
L 09/20/2021 - 13:39:13: [basecommands.smx] "Console<0><Console><Console>" changed cvar (cvar "sv_max_queries_sec") (value "3")
L 09/20/2021 - 13:39:13: [basecommands.smx] "Console<0><Console><Console>" changed cvar (cvar "sv_max_queries_window") (value "10")
L 09/20/2021 - 13:39:13: [basecommands.smx] "Console<0><Console><Console>" changed cvar (cvar "sv_player_stuck_tolerance") (value "5")
L 09/20/2021 - 13:39:13: [basecommands.smx] "Console<0><Console><Console>" changed cvar (cvar "sv_stats") (value "0")
L 09/20/2021 - 13:39:13: [basecommands.smx] "Console<0><Console><Console>" changed cvar (cvar "sv_clockcorrection_msecs") (value "25")
L 09/20/2021 - 13:39:21: -------- Mapchange to c4m5_milltown_escape --------
L 09/20/2021 - 13:39:23: [basecommands.smx] "Console<0><Console><Console>" changed cvar (cvar "sv_region") (value "4")
L 09/20/2021 - 13:39:23: [basecommands.smx] "Console<0><Console><Console>" changed cvar (cvar "sv_tags") (value "hidden")
L 09/20/2021 - 13:39:24: [basecommands.smx] "Console<0><Console><Console>" changed cvar (cvar "l4d2_addons_eclipse") (value "1")
L 09/20/2021 - 13:39:24: [basecommands.smx] "Console<0><Console><Console>" changed cvar (cvar "sv_allow_wait_command") (value "0")
L 09/20/2021 - 13:39:24: [basecommands.smx] "Console<0><Console><Console>" changed cvar (cvar "sv_minrate") (value "30000")
L 09/20/2021 - 13:39:24: [basecommands.smx] "Console<0><Console><Console>" changed cvar (cvar "sv_maxrate") (value "60000")
L 09/20/2021 - 13:39:24: [basecommands.smx] "Console<0><Console><Console>" changed cvar (cvar "sv_minupdaterate") (value "30")
L 09/20/2021 - 13:39:24: [basecommands.smx] "Console<0><Console><Console>" changed cvar (cvar "sv_maxupdaterate") (value "60")
L 09/20/2021 - 13:39:24: [basecommands.smx] "Console<0><Console><Console>" changed cvar (cvar "sv_mincmdrate") (value "30")
L 09/20/2021 - 13:39:24: [basecommands.smx] "Console<0><Console><Console>" changed cvar (cvar "sv_maxcmdrate") (value "60")
L 09/20/2021 - 13:39:24: [basecommands.smx] "Console<0><Console><Console>" changed cvar (cvar "sv_client_min_interp_ratio") (value "-1")
L 09/20/2021 - 13:39:24: [basecommands.smx] "Console<0><Console><Console>" changed cvar (cvar "sv_client_max_interp_ratio") (value "0")
L 09/20/2021 - 13:39:24: [basecommands.smx] "Console<0><Console><Console>" changed cvar (cvar "nb_update_frequency") (value "0.014")
L 09/20/2021 - 13:39:24: [basecommands.smx] "Console<0><Console><Console>" changed cvar (cvar "net_splitpacket_maxrate") (value "40000")
L 09/20/2021 - 13:39:24: [basecommands.smx] "Console<0><Console><Console>" changed cvar (cvar "fps_max") (value "0")
L 09/20/2021 - 13:39:24: [basecommands.smx] "Console<0><Console><Console>" changed cvar (cvar "tick_door_speed") (value "1.3")
L 09/20/2021 - 13:39:24: [basecommands.smx] "Console<0><Console><Console>" changed cvar (cvar "mp_autoteambalance") (value "0")
L 09/20/2021 - 13:39:24: [basecommands.smx] "Console<0><Console><Console>" changed cvar (cvar "sv_unlag_fixstuck") (value "1")
L 09/20/2021 - 13:39:24: [basecommands.smx] "Console<0><Console><Console>" changed cvar (cvar "z_brawl_chance") (value "0")
L 09/20/2021 - 13:39:24: [basecommands.smx] "Console<0><Console><Console>" changed cvar (cvar "sv_maxunlag") (value "1")
L 09/20/2021 - 13:39:24: [basecommands.smx] "Console<0><Console><Console>" changed cvar (cvar "sv_forcepreload") (value "1")
L 09/20/2021 - 13:39:24: [basecommands.smx] "Console<0><Console><Console>" changed cvar (cvar "sv_client_predict") (value "1")
L 09/20/2021 - 13:39:24: [basecommands.smx] "Console<0><Console><Console>" changed cvar (cvar "sv_client_cmdrate_difference") (value "0")
L 09/20/2021 - 13:39:24: [basecommands.smx] "Console<0><Console><Console>" changed cvar (cvar "sv_max_queries_sec_global") (value "10")
L 09/20/2021 - 13:39:24: [basecommands.smx] "Console<0><Console><Console>" changed cvar (cvar "sv_max_queries_sec") (value "3")
L 09/20/2021 - 13:39:24: [basecommands.smx] "Console<0><Console><Console>" changed cvar (cvar "sv_max_queries_window") (value "10")
L 09/20/2021 - 13:39:24: [basecommands.smx] "Console<0><Console><Console>" changed cvar (cvar "sv_player_stuck_tolerance") (value "5")
L 09/20/2021 - 13:39:24: [basecommands.smx] "Console<0><Console><Console>" changed cvar (cvar "sv_stats") (value "0")
L 09/20/2021 - 13:39:24: [basecommands.smx] "Console<0><Console><Console>" changed cvar (cvar "sv_clockcorrection_msecs") (value "25")
L 09/20/2021 - 13:41:23: [optional\l4d2_skill_detect.smx] Clear: 3 freed 1 from 6: time: 2.16 / -1.00 -- class: jockey (with shove? 0)
L 09/20/2021 - 13:41:34: [optional\l4d2_skill_detect.smx] Clear: 4 freed 1 from 8: time: 1.18 / 3.56 -- class: smoker (with shove? 1)
L 09/20/2021 - 13:42:02: [optional\server_function.smx] [NOTICE]: (古林蘭<2><STEAM_1:1:42151242><>) has created a weapon_ammo_spawn (models/props/terror/ammo_stack.mdl)
L 09/20/2021 - 13:42:04: [optional\l4d2_skill_detect.smx] Clear: 1 freed 3 from 7: time: 3.25 / 155.30 -- class: charger (with shove? 0)
L 09/20/2021 - 13:42:55: [optional\l4d2_skill_detect.smx] Charge carry start: 5 - 3 -- time: 206.08
L 09/20/2021 - 13:42:58: [optional\l4d2_skill_detect.smx] Checking charge victim: 5 - 3 - flags: 1 (alive? 1)
L 09/20/2021 - 13:43:06: [optional\l4d2_skill_detect.smx] Clear: 1 freed 3 from 5: time: 10.56 / 11.35 -- class: charger (with shove? 0)
L 09/20/2021 - 13:43:10: [optional\l4d2_skill_detect.smx] Clear: 1 freed 4 from 8: time: 11.65 / 12.80 -- class: smoker (with shove? 0)
L 09/20/2021 - 13:43:21: [optional\l4d2_skill_detect.smx] Clear: 1 freed 2 from 7: time: 4.06 / -1.00 -- class: hunter (with shove? 0)
L 09/20/2021 - 13:43:45: [optional\l4d2_skill_detect.smx] Clear: 1 freed 2 from 5: time: 1.83 / -1.00 -- class: hunter (with shove? 0)
L 09/20/2021 - 13:44:05: [optional\server_function.smx] [NOTICE]: (古林蘭<2><STEAM_1:1:42151242><>) has spawned a sniper_military
L 09/20/2021 - 13:44:08: [optional\l4d2_skill_detect.smx] Clear: 2 freed 4 from 8: time: 6.34 / -1.00 -- class: jockey (with shove? 0)
L 09/20/2021 - 13:44:26: [optional\server_function.smx] [NOTICE]: (古林蘭<2><STEAM_1:1:42151242><>) has spawned a hunting_rifle
L 09/20/2021 - 13:44:28: [optional\server_function.smx] [NOTICE]: (古林蘭<2><STEAM_1:1:42151242><>) has spawned a pumpshotgun
L 09/20/2021 - 13:44:28: [optional\server_function.smx] [NOTICE]: (古林蘭<2><STEAM_1:1:42151242><>) has spawned a pumpshotgun
L 09/20/2021 - 13:44:29: [optional\server_function.smx] [NOTICE]: (古林蘭<2><STEAM_1:1:42151242><>) has spawned a pumpshotgun
L 09/20/2021 - 13:44:33: [optional\l4d2_skill_detect.smx] Clear: 4 freed 2 from 8: time: 5.25 / -1.00 -- class: hunter (with shove? 1)
L 09/20/2021 - 13:44:34: [optional\l4d2_skill_detect.smx] Clear: 2 freed 3 from 5: time: 3.86 / -1.00 -- class: jockey (with shove? 0)
L 09/20/2021 - 13:44:53: [optional\l4d2_skill_detect.smx] Clear: 1 freed 3 from 7: time: 2.89 / -1.00 -- class: hunter (with shove? 0)
L 09/20/2021 - 13:44:58: [optional\l4d2_skill_detect.smx] Clear: 3 freed 2 from 8: time: 5.10 / -1.00 -- class: jockey (with shove? 0)
L 09/20/2021 - 13:45:07: [optional\server_function.smx] [NOTICE]: (古林蘭<2><STEAM_1:1:42151242><>) has spawned a hunting_rifle
L 09/20/2021 - 13:45:07: [optional\server_function.smx] [NOTICE]: (古林蘭<2><STEAM_1:1:42151242><>) has spawned a pumpshotgun
L 09/20/2021 - 13:45:08: [optional\server_function.smx] [NOTICE]: (古林蘭<2><STEAM_1:1:42151242><>) has spawned a pumpshotgun
L 09/20/2021 - 13:45:08: [optional\server_function.smx] [NOTICE]: (古林蘭<2><STEAM_1:1:42151242><>) has spawned a pumpshotgun
L 09/20/2021 - 13:45:24: [optional\l4d2_skill_detect.smx] Clear: 1 freed 3 from 7: time: 3.66 / 354.76 -- class: charger (with shove? 0)
L 09/20/2021 - 13:45:32: [optional\l4d2_skill_detect.smx] Clear: 4 freed 1 from 6: time: 4.06 / -1.00 -- class: hunter (with shove? 1)
L 09/20/2021 - 13:45:38: [optional\server_function.smx] [NOTICE]: (古林蘭<2><STEAM_1:1:42151242><>) has spawned a hunting_rifle
L 09/20/2021 - 13:45:39: [optional\server_function.smx] [NOTICE]: (古林蘭<2><STEAM_1:1:42151242><>) has spawned a pumpshotgun
L 09/20/2021 - 13:45:39: [optional\server_function.smx] [NOTICE]: (古林蘭<2><STEAM_1:1:42151242><>) has spawned a pumpshotgun
L 09/20/2021 - 13:45:39: [optional\server_function.smx] [NOTICE]: (古林蘭<2><STEAM_1:1:42151242><>) has spawned a pumpshotgun
L 09/20/2021 - 13:45:39: [optional\server_function.smx] [NOTICE]: (古林蘭<2><STEAM_1:1:42151242><>) has spawned a pumpshotgun
L 09/20/2021 - 13:45:41: [optional\server_function.smx] [NOTICE]: (古林蘭<2><STEAM_1:1:42151242><>) has spawned a hunting_rifle
L 09/20/2021 - 13:45:42: [optional\server_function.smx] [NOTICE]: (古林蘭<2><STEAM_1:1:42151242><>) has spawned a hunting_rifle
L 09/20/2021 - 13:45:42: [optional\server_function.smx] [NOTICE]: (古林蘭<2><STEAM_1:1:42151242><>) has spawned a hunting_rifle
L 09/20/2021 - 13:45:42: [optional\l4d2_skill_detect.smx] Clear: 4 freed 1 from 5: time: 0.95 / 2.46 -- class: smoker (with shove? 1)
L 09/20/2021 - 13:45:42: [optional\server_function.smx] [NOTICE]: (古林蘭<2><STEAM_1:1:42151242><>) has spawned a hunting_rifle
L 09/20/2021 - 13:45:42: [optional\server_function.smx] [NOTICE]: (古林蘭<2><STEAM_1:1:42151242><>) has spawned a hunting_rifle
L 09/20/2021 - 13:45:49: [optional\l4d2_skill_detect.smx] Charge carry start: 8 - 2 -- time: 379.38
L 09/20/2021 - 13:45:52: [optional\l4d2_skill_detect.smx] Checking charge victim: 8 - 2 - flags: 1 (alive? 1)
L 09/20/2021 - 13:45:53: [optional\l4d2_skill_detect.smx] Clear: 3 freed 2 from 8: time: 3.56 / 4.50 -- class: charger (with shove? 0)
L 09/20/2021 - 13:46:11: [optional\l4d2_skill_detect.smx] Clear: 1 freed 4 from 6: time: 13.51 / -1.00 -- class: jockey (with shove? 0)
L 09/20/2021 - 13:46:37: [basecommands.smx] "古林蘭<2><STEAM_1:1:42151242><>" changed map to "c13m4_cutthroatcreek"
L 09/20/2021 - 13:46:40: [SM] Changed map to "c13m4_cutthroatcreek"
L 09/20/2021 - 13:46:42: -------- Mapchange to c13m4_cutthroatcreek --------
L 09/20/2021 - 13:46:44: [basecommands.smx] "Console<0><Console><Console>" changed cvar (cvar "sv_region") (value "4")
L 09/20/2021 - 13:46:44: [basecommands.smx] "Console<0><Console><Console>" changed cvar (cvar "sv_tags") (value "hidden")
L 09/20/2021 - 13:46:44: [basecommands.smx] "Console<0><Console><Console>" changed cvar (cvar "l4d2_addons_eclipse") (value "1")
L 09/20/2021 - 13:46:44: [basecommands.smx] "Console<0><Console><Console>" changed cvar (cvar "sv_allow_wait_command") (value "0")
L 09/20/2021 - 13:46:44: [basecommands.smx] "Console<0><Console><Console>" changed cvar (cvar "sv_minrate") (value "30000")
L 09/20/2021 - 13:46:44: [basecommands.smx] "Console<0><Console><Console>" changed cvar (cvar "sv_maxrate") (value "60000")
L 09/20/2021 - 13:46:44: [basecommands.smx] "Console<0><Console><Console>" changed cvar (cvar "sv_minupdaterate") (value "30")
L 09/20/2021 - 13:46:44: [basecommands.smx] "Console<0><Console><Console>" changed cvar (cvar "sv_maxupdaterate") (value "60")
L 09/20/2021 - 13:46:44: [basecommands.smx] "Console<0><Console><Console>" changed cvar (cvar "sv_mincmdrate") (value "30")
L 09/20/2021 - 13:46:44: [basecommands.smx] "Console<0><Console><Console>" changed cvar (cvar "sv_maxcmdrate") (value "60")
L 09/20/2021 - 13:46:44: [basecommands.smx] "Console<0><Console><Console>" changed cvar (cvar "sv_client_min_interp_ratio") (value "-1")
L 09/20/2021 - 13:46:44: [basecommands.smx] "Console<0><Console><Console>" changed cvar (cvar "sv_client_max_interp_ratio") (value "0")
L 09/20/2021 - 13:46:44: [basecommands.smx] "Console<0><Console><Console>" changed cvar (cvar "nb_update_frequency") (value "0.014")
L 09/20/2021 - 13:46:44: [basecommands.smx] "Console<0><Console><Console>" changed cvar (cvar "net_splitpacket_maxrate") (value "40000")
L 09/20/2021 - 13:46:44: [basecommands.smx] "Console<0><Console><Console>" changed cvar (cvar "fps_max") (value "0")
L 09/20/2021 - 13:46:44: [basecommands.smx] "Console<0><Console><Console>" changed cvar (cvar "tick_door_speed") (value "1.3")
L 09/20/2021 - 13:46:44: [basecommands.smx] "Console<0><Console><Console>" changed cvar (cvar "mp_autoteambalance") (value "0")
L 09/20/2021 - 13:46:44: [basecommands.smx] "Console<0><Console><Console>" changed cvar (cvar "sv_unlag_fixstuck") (value "1")
L 09/20/2021 - 13:46:45: [basecommands.smx] "Console<0><Console><Console>" changed cvar (cvar "z_brawl_chance") (value "0")
L 09/20/2021 - 13:46:45: [basecommands.smx] "Console<0><Console><Console>" changed cvar (cvar "sv_maxunlag") (value "1")
L 09/20/2021 - 13:46:45: [basecommands.smx] "Console<0><Console><Console>" changed cvar (cvar "sv_forcepreload") (value "1")
L 09/20/2021 - 13:46:45: [basecommands.smx] "Console<0><Console><Console>" changed cvar (cvar "sv_client_predict") (value "1")
L 09/20/2021 - 13:46:45: [basecommands.smx] "Console<0><Console><Console>" changed cvar (cvar "sv_client_cmdrate_difference") (value "0")
L 09/20/2021 - 13:46:45: [basecommands.smx] "Console<0><Console><Console>" changed cvar (cvar "sv_max_queries_sec_global") (value "10")
L 09/20/2021 - 13:46:45: [basecommands.smx] "Console<0><Console><Console>" changed cvar (cvar "sv_max_queries_sec") (value "3")
L 09/20/2021 - 13:46:45: [basecommands.smx] "Console<0><Console><Console>" changed cvar (cvar "sv_max_queries_window") (value "10")
L 09/20/2021 - 13:46:45: [basecommands.smx] "Console<0><Console><Console>" changed cvar (cvar "sv_player_stuck_tolerance") (value "5")
L 09/20/2021 - 13:46:45: [basecommands.smx] "Console<0><Console><Console>" changed cvar (cvar "sv_stats") (value "0")
L 09/20/2021 - 13:46:45: [basecommands.smx] "Console<0><Console><Console>" changed cvar (cvar "sv_clockcorrection_msecs") (value "25")
L 09/20/2021 - 13:49:29: [optional\server_function.smx] [NOTICE]: (古林蘭<2><STEAM_1:1:42151242><>) has spawned a hunting_rifle
L 09/20/2021 - 13:49:30: [optional\server_function.smx] [NOTICE]: (古林蘭<2><STEAM_1:1:42151242><>) has spawned a pumpshotgun
L 09/20/2021 - 13:49:31: [optional\server_function.smx] [NOTICE]: (古林蘭<2><STEAM_1:1:42151242><>) has spawned a hunting_rifle
L 09/20/2021 - 13:49:32: [optional\server_function.smx] [NOTICE]: (古林蘭<2><STEAM_1:1:42151242><>) has spawned a hunting_rifle
L 09/20/2021 - 13:49:32: [optional\server_function.smx] [NOTICE]: (古林蘭<2><STEAM_1:1:42151242><>) has spawned a hunting_rifle
L 09/20/2021 - 13:49:32: [optional\server_function.smx] [NOTICE]: (古林蘭<2><STEAM_1:1:42151242><>) has spawned a hunting_rifle
L 09/20/2021 - 13:50:40: [optional\l4d2_skill_detect.smx] Clear: 4 freed 1 from 8: time: 1.53 / -1.00 -- class: hunter (with shove? 0)
L 09/20/2021 - 13:51:03: [optional\l4d2_skill_detect.smx] Clear: 4 freed 3 from 8: time: -1.00 / 0.83 -- class: smoker (with shove? 1)
L 09/20/2021 - 13:51:03: [optional\l4d2_skill_detect.smx] Clear: 4 freed 1 from 6: time: 2.76 / -1.00 -- class: jockey (with shove? 1)
L 09/20/2021 - 13:51:15: [optional\l4d2_skill_detect.smx] Clear: 4 freed 1 from 5: time: 1.61 / -1.00 -- class: hunter (with shove? 0)
L 09/20/2021 - 13:51:24: [optional\l4d2_skill_detect.smx] Clear: 3 freed 2 from 8: time: -1.00 / 0.63 -- class: smoker (with shove? 1)
L 09/20/2021 - 13:51:43: [optional\l4d2_skill_detect.smx] Clear: 3 freed 2 from 5: time: 1.01 / -1.00 -- class: hunter (with shove? 0)
L 09/20/2021 - 13:55:14: SourceMod log file session started (file "d:\steam\steamapps\common\left 4 dead 2\left4dead2\addons\sourcemod\logs\L20210920.log") (Version "1.11.0.6743")
L 09/20/2021 - 13:55:14: [basecommands.smx] "Console<0><Console><Console>" changed cvar (cvar "sv_region") (value "4")
L 09/20/2021 - 13:55:14: [basecommands.smx] "Console<0><Console><Console>" changed cvar (cvar "sv_tags") (value "hidden")
L 09/20/2021 - 13:55:14: [basecommands.smx] "Console<0><Console><Console>" changed cvar (cvar "l4d2_addons_eclipse") (value "1")
L 09/20/2021 - 13:55:14: [basecommands.smx] "Console<0><Console><Console>" changed cvar (cvar "sv_allow_wait_command") (value "0")
L 09/20/2021 - 13:55:14: [basecommands.smx] "Console<0><Console><Console>" changed cvar (cvar "sv_minrate") (value "30000")
L 09/20/2021 - 13:55:14: [basecommands.smx] "Console<0><Console><Console>" changed cvar (cvar "sv_maxrate") (value "60000")
L 09/20/2021 - 13:55:14: [basecommands.smx] "Console<0><Console><Console>" changed cvar (cvar "sv_minupdaterate") (value "30")
L 09/20/2021 - 13:55:14: [basecommands.smx] "Console<0><Console><Console>" changed cvar (cvar "sv_maxupdaterate") (value "60")
L 09/20/2021 - 13:55:14: [basecommands.smx] "Console<0><Console><Console>" changed cvar (cvar "sv_mincmdrate") (value "30")
L 09/20/2021 - 13:55:14: [basecommands.smx] "Console<0><Console><Console>" changed cvar (cvar "sv_maxcmdrate") (value "60")
L 09/20/2021 - 13:55:14: [basecommands.smx] "Console<0><Console><Console>" changed cvar (cvar "sv_client_min_interp_ratio") (value "-1")
L 09/20/2021 - 13:55:14: [basecommands.smx] "Console<0><Console><Console>" changed cvar (cvar "sv_client_max_interp_ratio") (value "0")
L 09/20/2021 - 13:55:14: [basecommands.smx] "Console<0><Console><Console>" changed cvar (cvar "nb_update_frequency") (value "0.014")
L 09/20/2021 - 13:55:14: [basecommands.smx] "Console<0><Console><Console>" changed cvar (cvar "net_splitpacket_maxrate") (value "40000")
L 09/20/2021 - 13:55:14: [basecommands.smx] "Console<0><Console><Console>" changed cvar (cvar "fps_max") (value "0")
L 09/20/2021 - 13:55:15: [basecommands.smx] "Console<0><Console><Console>" changed cvar (cvar "tick_door_speed") (value "1.3")
L 09/20/2021 - 13:55:15: [basecommands.smx] "Console<0><Console><Console>" changed cvar (cvar "mp_autoteambalance") (value "0")
L 09/20/2021 - 13:55:15: [basecommands.smx] "Console<0><Console><Console>" changed cvar (cvar "sv_unlag_fixstuck") (value "1")
L 09/20/2021 - 13:55:15: [basecommands.smx] "Console<0><Console><Console>" changed cvar (cvar "z_brawl_chance") (value "0")
L 09/20/2021 - 13:55:15: [basecommands.smx] "Console<0><Console><Console>" changed cvar (cvar "sv_maxunlag") (value "1")
L 09/20/2021 - 13:55:15: [basecommands.smx] "Console<0><Console><Console>" changed cvar (cvar "sv_forcepreload") (value "1")
L 09/20/2021 - 13:55:15: [basecommands.smx] "Console<0><Console><Console>" changed cvar (cvar "sv_client_predict") (value "1")
L 09/20/2021 - 13:55:15: [basecommands.smx] "Console<0><Console><Console>" changed cvar (cvar "sv_client_cmdrate_difference") (value "0")
L 09/20/2021 - 13:55:15: [basecommands.smx] "Console<0><Console><Console>" changed cvar (cvar "sv_max_queries_sec_global") (value "10")
L 09/20/2021 - 13:55:15: [basecommands.smx] "Console<0><Console><Console>" changed cvar (cvar "sv_max_queries_sec") (value "3")
L 09/20/2021 - 13:55:15: [basecommands.smx] "Console<0><Console><Console>" changed cvar (cvar "sv_max_queries_window") (value "10")
L 09/20/2021 - 13:55:15: [basecommands.smx] "Console<0><Console><Console>" changed cvar (cvar "sv_player_stuck_tolerance") (value "5")
L 09/20/2021 - 13:55:15: [basecommands.smx] "Console<0><Console><Console>" changed cvar (cvar "sv_stats") (value "0")
L 09/20/2021 - 13:55:15: [basecommands.smx] "Console<0><Console><Console>" changed cvar (cvar "sv_clockcorrection_msecs") (value "25")
L 09/20/2021 - 13:55:22: [GEOIP] GeoIP2 database loaded: GeoLite2-City (2019-12-17 20:01:26 UTC)
L 09/20/2021 - 13:55:22: [GEOIP] GeoIP2 supported languages: de en es fr ja pt-BR ru zh-CN
L 09/20/2021 - 13:56:00: [SM] Changed map to "c2m1_highway"
L 09/20/2021 - 13:56:01: -------- Mapchange to c2m1_highway --------
L 09/20/2021 - 13:56:04: [basecommands.smx] "Console<0><Console><Console>" changed cvar (cvar "sv_region") (value "4")
L 09/20/2021 - 13:56:04: [basecommands.smx] "Console<0><Console><Console>" changed cvar (cvar "sv_tags") (value "hidden")
L 09/20/2021 - 13:56:04: [basecommands.smx] "Console<0><Console><Console>" changed cvar (cvar "l4d2_addons_eclipse") (value "1")
L 09/20/2021 - 13:56:04: [basecommands.smx] "Console<0><Console><Console>" changed cvar (cvar "sv_allow_wait_command") (value "0")
L 09/20/2021 - 13:56:04: [basecommands.smx] "Console<0><Console><Console>" changed cvar (cvar "sv_minrate") (value "30000")
L 09/20/2021 - 13:56:04: [basecommands.smx] "Console<0><Console><Console>" changed cvar (cvar "sv_maxrate") (value "60000")
L 09/20/2021 - 13:56:04: [basecommands.smx] "Console<0><Console><Console>" changed cvar (cvar "sv_minupdaterate") (value "30")
L 09/20/2021 - 13:56:05: [basecommands.smx] "Console<0><Console><Console>" changed cvar (cvar "sv_maxupdaterate") (value "60")
L 09/20/2021 - 13:56:05: [basecommands.smx] "Console<0><Console><Console>" changed cvar (cvar "sv_mincmdrate") (value "30")
L 09/20/2021 - 13:56:05: [basecommands.smx] "Console<0><Console><Console>" changed cvar (cvar "sv_maxcmdrate") (value "60")
L 09/20/2021 - 13:56:05: [basecommands.smx] "Console<0><Console><Console>" changed cvar (cvar "sv_client_min_interp_ratio") (value "-1")
L 09/20/2021 - 13:56:05: [basecommands.smx] "Console<0><Console><Console>" changed cvar (cvar "sv_client_max_interp_ratio") (value "0")
L 09/20/2021 - 13:56:05: [basecommands.smx] "Console<0><Console><Console>" changed cvar (cvar "nb_update_frequency") (value "0.014")
L 09/20/2021 - 13:56:05: [basecommands.smx] "Console<0><Console><Console>" changed cvar (cvar "net_splitpacket_maxrate") (value "40000")
L 09/20/2021 - 13:56:05: [basecommands.smx] "Console<0><Console><Console>" changed cvar (cvar "fps_max") (value "0")
L 09/20/2021 - 13:56:05: [basecommands.smx] "Console<0><Console><Console>" changed cvar (cvar "tick_door_speed") (value "1.3")
L 09/20/2021 - 13:56:05: [basecommands.smx] "Console<0><Console><Console>" changed cvar (cvar "mp_autoteambalance") (value "0")
L 09/20/2021 - 13:56:05: [basecommands.smx] "Console<0><Console><Console>" changed cvar (cvar "sv_unlag_fixstuck") (value "1")
L 09/20/2021 - 13:56:05: [basecommands.smx] "Console<0><Console><Console>" changed cvar (cvar "z_brawl_chance") (value "0")
L 09/20/2021 - 13:56:05: [basecommands.smx] "Console<0><Console><Console>" changed cvar (cvar "sv_maxunlag") (value "1")
L 09/20/2021 - 13:56:05: [basecommands.smx] "Console<0><Console><Console>" changed cvar (cvar "sv_forcepreload") (value "1")
L 09/20/2021 - 13:56:05: [basecommands.smx] "Console<0><Console><Console>" changed cvar (cvar "sv_client_predict") (value "1")
L 09/20/2021 - 13:56:05: [basecommands.smx] "Console<0><Console><Console>" changed cvar (cvar "sv_client_cmdrate_difference") (value "0")
L 09/20/2021 - 13:56:05: [basecommands.smx] "Console<0><Console><Console>" changed cvar (cvar "sv_max_queries_sec_global") (value "10")
L 09/20/2021 - 13:56:05: [basecommands.smx] "Console<0><Console><Console>" changed cvar (cvar "sv_max_queries_sec") (value "3")
L 09/20/2021 - 13:56:05: [basecommands.smx] "Console<0><Console><Console>" changed cvar (cvar "sv_max_queries_window") (value "10")
L 09/20/2021 - 13:56:05: [basecommands.smx] "Console<0><Console><Console>" changed cvar (cvar "sv_player_stuck_tolerance") (value "5")
L 09/20/2021 - 13:56:05: [basecommands.smx] "Console<0><Console><Console>" changed cvar (cvar "sv_stats") (value "0")
L 09/20/2021 - 13:56:05: [basecommands.smx] "Console<0><Console><Console>" changed cvar (cvar "sv_clockcorrection_msecs") (value "25")
L 09/20/2021 - 13:57:56: [optional\l4d2_skill_detect.smx] Clear: 4 freed 3 from 6: time: 1.73 / -1.00 -- class: jockey (with shove? 0)
L 09/20/2021 - 13:57:57: [optional\l4d2_skill_detect.smx] Clear: 1 freed 2 from 7: time: 1.83 / -1.00 -- class: hunter (with shove? 0)
L 09/20/2021 - 13:58:18: [optional\l4d2_skill_detect.smx] Charge carry start: 6 - 1 -- time: 129.53
L 09/20/2021 - 13:58:19: [optional\l4d2_skill_detect.smx] Clear: 2 freed 1 from 6: time: 0.64 / 1.69 -- class: charger (with shove? 0)
L 09/20/2021 - 13:58:21: [optional\l4d2_skill_detect.smx] Checking charge victim: 6 - 1 - flags: 1 (alive? 1)
L 09/20/2021 - 13:58:27: [optional\l4d2_skill_detect.smx] Clear: 2 freed 1 from 5: time: 2.03 / -1.00 -- class: jockey (with shove? 1)
L 09/20/2021 - 13:58:42: [optional\l4d2_skill_detect.smx] Clear: 4 freed 3 from 5: time: 0.11 / -1.00 -- class: jockey (with shove? 1)
L 09/20/2021 - 13:59:02: [optional\l4d2_skill_detect.smx] Clear: 3 freed 3 from 8: time: -1.00 / 0.91 -- class: smoker (with shove? 1)
L 09/20/2021 - 13:59:15: [optional\l4d2_skill_detect.smx] Clear: 3 freed 4 from 7: time: 4.21 / -1.00 -- class: jockey (with shove? 1)
L 09/20/2021 - 14:00:08: [optional\l4d2_skill_detect.smx] Clear: 4 freed 3 from 6: time: 0.98 / -1.00 -- class: jockey (with shove? 1)
L 09/20/2021 - 14:00:14: [optional\l4d2_skill_detect.smx] Clear: 4 freed 1 from 5: time: 1.65 / 3.68 -- class: smoker (with shove? 0)
